{"uuid":"0555cda9-145c-4291-92a8-142d9f3d4ecc","historyId":"ed8ced5d7c70ad1044ac94697449558c","fullName":"org.thetestingmap.testingchallenges.challenge_4.GenerateTestingData.checkingHiddenPageTest","labels":[{"name":"package","value":"org.thetestingmap.testingchallenges.challenge_4.GenerateTestingData"},{"name":"testClass","value":"org.thetestingmap.testingchallenges.challenge_4.GenerateTestingData"},{"name":"testMethod","value":"checkingHiddenPageTest"},{"name":"parentSuite","value":"LoginSuite"},{"name":"suite","value":"Login-chrome"},{"name":"subSuite","value":"org.thetestingmap.testingchallenges.challenge_4.GenerateTestingData"},{"name":"host","value":"DESKTOP-8H0MF42"},{"name":"thread","value":"15792@DESKTOP-8H0MF42.TestNG-tests-1(13)"},{"name":"story","value":"Checking testing data"},{"name":"severity","value":"normal"}],"links":[],"name":"checkingHiddenPageTest","status":"broken","statusDetails":{"known":false,"muted":false,"flaky":false,"message":"Expected condition failed: waiting for visibility of element located by By.xpath: //span[@class='values-tested'] (tried for 5 second(s) with 500 milliseconds interval)","trace":"org.openqa.selenium.TimeoutException: Expected condition failed: waiting for visibility of element located by By.xpath: //span[@class='values-tested'] (tried for 5 second(s) with 500 milliseconds interval)\r\n\tat org.openqa.selenium.support.ui.WebDriverWait.timeoutException(WebDriverWait.java:95)\r\n\tat org.openqa.selenium.support.ui.FluentWait.until(FluentWait.java:272)\r\n\tat org.thetestingmap.testingchallenges.pages.BasePage.find_aroundBody2(BasePage.java:45)\r\n\tat org.thetestingmap.testingchallenges.pages.BasePage$AjcClosure3.run(BasePage.java:1)\r\n\tat org.aspectj.runtime.reflect.JoinPointImpl.proceed(JoinPointImpl.java:149)\r\n\tat io.qameta.allure.aspects.StepsAspects.step(StepsAspects.java:51)\r\n\tat org.thetestingmap.testingchallenges.pages.BasePage.find(BasePage.java:43)\r\n\tat org.thetestingmap.testingchallenges.pages.Challenge4Page.getQuantityOfChecks_aroundBody6(Challenge4Page.java:135)\r\n\tat org.thetestingmap.testingchallenges.pages.Challenge4Page$AjcClosure7.run(Challenge4Page.java:1)\r\n\tat org.aspectj.runtime.reflect.JoinPointImpl.proceed(JoinPointImpl.java:149)\r\n\tat io.qameta.allure.aspects.StepsAspects.step(StepsAspects.java:51)\r\n\tat org.thetestingmap.testingchallenges.pages.Challenge4Page.getQuantityOfChecks(Challenge4Page.java:135)\r\n\tat org.thetestingmap.testingchallenges.challenge_4.GenerateTestingData.checkingHiddenPageTest(GenerateTestingData.java:26)\r\n\tat sun.reflect.NativeMethodAccessorImpl.invoke0(Native Method)\r\n\tat sun.reflect.NativeMethodAccessorImpl.invoke(NativeMethodAccessorImpl.java:62)\r\n\tat sun.reflect.DelegatingMethodAccessorImpl.invoke(DelegatingMethodAccessorImpl.java:43)\r\n\tat java.lang.reflect.Method.invoke(Method.java:498)\r\n\tat org.testng.internal.MethodInvocationHelper.invokeMethod(MethodInvocationHelper.java:133)\r\n\tat org.testng.internal.TestInvoker.invokeMethod(TestInvoker.java:584)\r\n\tat org.testng.internal.TestInvoker.invokeTestMethod(TestInvoker.java:172)\r\n\tat org.testng.internal.MethodRunner.runInSequence(MethodRunner.java:46)\r\n\tat org.testng.internal.TestInvoker$MethodInvocationAgent.invoke(TestInvoker.java:804)\r\n\tat org.testng.internal.TestInvoker.invokeTestMethods(TestInvoker.java:145)\r\n\tat org.testng.internal.TestMethodWorker.invokeTestMethods(TestMethodWorker.java:146)\r\n\tat org.testng.internal.TestMethodWorker.run(TestMethodWorker.java:128)\r\n\tat java.util.ArrayList.forEach(ArrayList.java:1257)\r\n\tat org.testng.TestRunner.privateRun(TestRunner.java:770)\r\n\tat org.testng.TestRunner.run(TestRunner.java:591)\r\n\tat org.testng.SuiteRunner.runTest(SuiteRunner.java:402)\r\n\tat org.testng.SuiteRunner.access$000(SuiteRunner.java:41)\r\n\tat org.testng.SuiteRunner$SuiteWorker.run(SuiteRunner.java:443)\r\n\tat org.testng.internal.thread.ThreadUtil.lambda$execute$0(ThreadUtil.java:67)\r\n\tat java.util.concurrent.FutureTask.run(FutureTask.java:266)\r\n\tat java.util.concurrent.ThreadPoolExecutor.runWorker(ThreadPoolExecutor.java:1149)\r\n\tat java.util.concurrent.ThreadPoolExecutor$Worker.run(ThreadPoolExecutor.java:624)\r\n\tat java.lang.Thread.run(Thread.java:748)\r\nCaused by: org.openqa.selenium.NoSuchElementException: no such element: Unable to locate element: {\"method\":\"xpath\",\"selector\":\"//span[@class='values-tested']\"}\n  (Session info: chrome=83.0.4103.97)\nFor documentation on this error, please visit: https://www.seleniumhq.org/exceptions/no_such_element.html\nBuild info: version: '3.141.59', revision: 'e82be7d358', time: '2018-11-14T08:17:03'\nSystem info: host: 'DESKTOP-8H0MF42', ip: '192.168.100.42', os.name: 'Windows 10', os.arch: 'amd64', os.version: '10.0', java.version: '1.8.0_221'\nDriver info: org.openqa.selenium.remote.RemoteWebDriver\nCapabilities {acceptInsecureCerts: false, browserName: chrome, browserVersion: 83.0.4103.97, chrome: {chromedriverVersion: 83.0.4103.39 (ccbf011cb2d2b..., userDataDir: C:\\Users\\ALEKSA~1\\AppData\\L...}, goog:chromeOptions: {debuggerAddress: localhost:54411}, javascriptEnabled: true, networkConnectionEnabled: false, pageLoadStrategy: normal, platform: WINDOWS, platformName: WINDOWS, proxy: Proxy(), setWindowRect: true, strictFileInteractability: false, timeouts: {implicit: 0, pageLoad: 300000, script: 30000}, unhandledPromptBehavior: dismiss and notify, webauthn:virtualAuthenticators: true, webdriver.remote.sessionid: 42211e6d99bae53551666260cfc...}\nSession ID: 42211e6d99bae53551666260cfc84ed1\n*** Element info: {Using=xpath, value=//span[@class='values-tested']}\r\n\tat sun.reflect.NativeConstructorAccessorImpl.newInstance0(Native Method)\r\n\tat sun.reflect.NativeConstructorAccessorImpl.newInstance(NativeConstructorAccessorImpl.java:62)\r\n\tat sun.reflect.DelegatingConstructorAccessorImpl.newInstance(DelegatingConstructorAccessorImpl.java:45)\r\n\tat java.lang.reflect.Constructor.newInstance(Constructor.java:423)\r\n\tat org.openqa.selenium.remote.http.W3CHttpResponseCodec.createException(W3CHttpResponseCodec.java:187)\r\n\tat org.openqa.selenium.remote.http.W3CHttpResponseCodec.decode(W3CHttpResponseCodec.java:122)\r\n\tat org.openqa.selenium.remote.http.W3CHttpResponseCodec.decode(W3CHttpResponseCodec.java:49)\r\n\tat org.openqa.selenium.remote.HttpCommandExecutor.execute(HttpCommandExecutor.java:158)\r\n\tat org.openqa.selenium.remote.RemoteWebDriver.execute(RemoteWebDriver.java:552)\r\n\tat org.openqa.selenium.remote.RemoteWebDriver.findElement(RemoteWebDriver.java:323)\r\n\tat org.openqa.selenium.remote.RemoteWebDriver.findElementByXPath(RemoteWebDriver.java:428)\r\n\tat org.openqa.selenium.By$ByXPath.findElement(By.java:353)\r\n\tat org.openqa.selenium.remote.RemoteWebDriver.findElement(RemoteWebDriver.java:315)\r\n\tat org.openqa.selenium.support.ui.ExpectedConditions$7.apply(ExpectedConditions.java:205)\r\n\tat org.openqa.selenium.support.ui.ExpectedConditions$7.apply(ExpectedConditions.java:201)\r\n\tat org.openqa.selenium.support.ui.FluentWait.until(FluentWait.java:249)\r\n\t... 34 more\r\n"},"stage":"finished","description":"Open page and check testing data","start":1592145891718,"stop":1592145908467,"steps":[{"name":"openPage","status":"passed","stage":"finished","start":1592145891890,"stop":1592145892451,"steps":[{"name":"Open page by URL","status":"passed","stage":"finished","start":1592145891901,"stop":1592145892450,"parameters":[{"name":"url","value":"http://testingchallenges.thetestingmap.org/challenge4.php"}]}]},{"name":"enterTestData","status":"passed","stage":"finished","start":1592145892451,"stop":1592145892809,"steps":[{"name":"Enter 4900318517436 in text field element by locator By.xpath: //input[@class='inputbox']","status":"passed","stage":"finished","start":1592145892503,"stop":1592145892809,"steps":[{"name":"Wait For Visibility Of By.xpath: //input[@class='inputbox'] for []","status":"passed","stage":"finished","start":1592145892503,"stop":1592145892611,"steps":[{"name":"Explicit wait by condition visibility of element located by By.xpath: //input[@class='inputbox']","status":"passed","stage":"finished","start":1592145892508,"stop":1592145892611,"parameters":[{"name":"condition","value":"visibility of element located by By.xpath: //input[@class='inputbox']"},{"name":"timeOutInSeconds","value":"null"}]}],"parameters":[{"name":"locator","value":"By.xpath: //input[@class='inputbox']"},{"name":"timeOutInSeconds","value":"[]"}]},{"name":"Look up element by locator","status":"passed","stage":"finished","start":1592145892612,"stop":1592145892669,"parameters":[{"name":"locator","value":"By.xpath: //input[@class='inputbox']"}]}],"parameters":[{"name":"text","value":"4900318517436"},{"name":"locator","value":"By.xpath: //input[@class='inputbox']"}]}]},{"name":"clickSubmitButton","status":"passed","stage":"finished","start":1592145892810,"stop":1592145893429,"steps":[{"name":"Click on element by locator By.xpath: //input[@type='submit']","status":"passed","stage":"finished","start":1592145892811,"stop":1592145893429,"steps":[{"name":"Wait For Visibility Of By.xpath: //input[@type='submit'] for [5]","status":"passed","stage":"finished","start":1592145892811,"stop":1592145892866,"steps":[{"name":"Explicit wait by condition visibility of element located by By.xpath: //input[@type='submit']","status":"passed","stage":"finished","start":1592145892811,"stop":1592145892866,"parameters":[{"name":"condition","value":"visibility of element located by By.xpath: //input[@type='submit']"},{"name":"timeOutInSeconds","value":"5"}]}],"parameters":[{"name":"locator","value":"By.xpath: //input[@type='submit']"},{"name":"timeOutInSeconds","value":"[5]"}]},{"name":"Look up element by locator","status":"passed","stage":"finished","start":1592145892866,"stop":1592145892909,"parameters":[{"name":"locator","value":"By.xpath: //input[@type='submit']"}]}],"parameters":[{"name":"locator","value":"By.xpath: //input[@type='submit']"}]}]},{"name":"getQuantityOfChecks","status":"passed","stage":"finished","start":1592145893429,"stop":1592145893568,"steps":[{"name":"Look up element by locator","status":"passed","stage":"finished","start":1592145893430,"stop":1592145893481,"parameters":[{"name":"locator","value":"By.xpath: //span[@class='values-tested']"}]},{"name":"Look up element by locator","status":"passed","stage":"finished","start":1592145893506,"stop":1592145893550,"parameters":[{"name":"locator","value":"By.xpath: //span[@class='values-tested']"}]}]},{"name":"openPage","status":"passed","stage":"finished","start":1592145893568,"stop":1592145893738,"steps":[{"name":"Open page by URL","status":"passed","stage":"finished","start":1592145893568,"stop":1592145893738,"parameters":[{"name":"url","value":"http://testingchallenges.thetestingmap.org/challenge4.php"}]}]},{"name":"enterTestData","status":"passed","stage":"finished","start":1592145893738,"stop":1592145893956,"steps":[{"name":"Enter 6090923018703 in text field element by locator By.xpath: //input[@class='inputbox']","status":"passed","stage":"finished","start":1592145893739,"stop":1592145893956,"steps":[{"name":"Wait For Visibility Of By.xpath: //input[@class='inputbox'] for []","status":"passed","stage":"finished","start":1592145893739,"stop":1592145893809,"steps":[{"name":"Explicit wait by condition visibility of element located by By.xpath: //input[@class='inputbox']","status":"passed","stage":"finished","start":1592145893739,"stop":1592145893809,"parameters":[{"name":"condition","value":"visibility of element located by By.xpath: //input[@class='inputbox']"},{"name":"timeOutInSeconds","value":"null"}]}],"parameters":[{"name":"locator","value":"By.xpath: //input[@class='inputbox']"},{"name":"timeOutInSeconds","value":"[]"}]},{"name":"Look up element by locator","status":"passed","stage":"finished","start":1592145893809,"stop":1592145893855,"parameters":[{"name":"locator","value":"By.xpath: //input[@class='inputbox']"}]}],"parameters":[{"name":"text","value":"6090923018703"},{"name":"locator","value":"By.xpath: //input[@class='inputbox']"}]}]},{"name":"clickSubmitButton","status":"passed","stage":"finished","start":1592145893956,"stop":1592145894550,"steps":[{"name":"Click on element by locator By.xpath: //input[@type='submit']","status":"passed","stage":"finished","start":1592145893957,"stop":1592145894550,"steps":[{"name":"Wait For Visibility Of By.xpath: //input[@type='submit'] for [5]","status":"passed","stage":"finished","start":1592145893957,"stop":1592145894010,"steps":[{"name":"Explicit wait by condition visibility of element located by By.xpath: //input[@type='submit']","status":"passed","stage":"finished","start":1592145893957,"stop":1592145894010,"parameters":[{"name":"condition","value":"visibility of element located by By.xpath: //input[@type='submit']"},{"name":"timeOutInSeconds","value":"5"}]}],"parameters":[{"name":"locator","value":"By.xpath: //input[@type='submit']"},{"name":"timeOutInSeconds","value":"[5]"}]},{"name":"Look up element by locator","status":"passed","stage":"finished","start":1592145894010,"stop":1592145894055,"parameters":[{"name":"locator","value":"By.xpath: //input[@type='submit']"}]}],"parameters":[{"name":"locator","value":"By.xpath: //input[@type='submit']"}]}]},{"name":"getQuantityOfChecks","status":"passed","stage":"finished","start":1592145894550,"stop":1592145894689,"steps":[{"name":"Look up element by locator","status":"passed","stage":"finished","start":1592145894550,"stop":1592145894600,"parameters":[{"name":"locator","value":"By.xpath: //span[@class='values-tested']"}]},{"name":"Look up element by locator","status":"passed","stage":"finished","start":1592145894623,"stop":1592145894674,"parameters":[{"name":"locator","value":"By.xpath: //span[@class='values-tested']"}]}]},{"name":"openPage","status":"passed","stage":"finished","start":1592145894689,"stop":1592145894933,"steps":[{"name":"Open page by URL","status":"passed","stage":"finished","start":1592145894689,"stop":1592145894933,"parameters":[{"name":"url","value":"http://testingchallenges.thetestingmap.org/challenge4.php"}]}]},{"name":"enterTestData","status":"passed","stage":"finished","start":1592145894933,"stop":1592145895187,"steps":[{"name":"Enter 9420227303830 in text field element by locator By.xpath: //input[@class='inputbox']","status":"passed","stage":"finished","start":1592145894934,"stop":1592145895187,"steps":[{"name":"Wait For Visibility Of By.xpath: //input[@class='inputbox'] for []","status":"passed","stage":"finished","start":1592145894934,"stop":1592145894982,"steps":[{"name":"Explicit wait by condition visibility of element located by By.xpath: //input[@class='inputbox']","status":"passed","stage":"finished","start":1592145894934,"stop":1592145894982,"parameters":[{"name":"condition","value":"visibility of element located by By.xpath: //input[@class='inputbox']"},{"name":"timeOutInSeconds","value":"null"}]}],"parameters":[{"name":"locator","value":"By.xpath: //input[@class='inputbox']"},{"name":"timeOutInSeconds","value":"[]"}]},{"name":"Look up element by locator","status":"passed","stage":"finished","start":1592145894983,"stop":1592145895024,"parameters":[{"name":"locator","value":"By.xpath: //input[@class='inputbox']"}]}],"parameters":[{"name":"text","value":"9420227303830"},{"name":"locator","value":"By.xpath: //input[@class='inputbox']"}]}]},{"name":"clickSubmitButton","status":"passed","stage":"finished","start":1592145895187,"stop":1592145895769,"steps":[{"name":"Click on element by locator By.xpath: //input[@type='submit']","status":"passed","stage":"finished","start":1592145895187,"stop":1592145895769,"steps":[{"name":"Wait For Visibility Of By.xpath: //input[@type='submit'] for [5]","status":"passed","stage":"finished","start":1592145895188,"stop":1592145895234,"steps":[{"name":"Explicit wait by condition visibility of element located by By.xpath: //input[@type='submit']","status":"passed","stage":"finished","start":1592145895188,"stop":1592145895234,"parameters":[{"name":"condition","value":"visibility of element located by By.xpath: //input[@type='submit']"},{"name":"timeOutInSeconds","value":"5"}]}],"parameters":[{"name":"locator","value":"By.xpath: //input[@type='submit']"},{"name":"timeOutInSeconds","value":"[5]"}]},{"name":"Look up element by locator","status":"passed","stage":"finished","start":1592145895234,"stop":1592145895275,"parameters":[{"name":"locator","value":"By.xpath: //input[@type='submit']"}]}],"parameters":[{"name":"locator","value":"By.xpath: //input[@type='submit']"}]}]},{"name":"getQuantityOfChecks","status":"passed","stage":"finished","start":1592145895769,"stop":1592145895893,"steps":[{"name":"Look up element by locator","status":"passed","stage":"finished","start":1592145895769,"stop":1592145895817,"parameters":[{"name":"locator","value":"By.xpath: //span[@class='values-tested']"}]},{"name":"Look up element by locator","status":"passed","stage":"finished","start":1592145895840,"stop":1592145895881,"parameters":[{"name":"locator","value":"By.xpath: //span[@class='values-tested']"}]}]},{"name":"openPage","status":"passed","stage":"finished","start":1592145895893,"stop":1592145896052,"steps":[{"name":"Open page by URL","status":"passed","stage":"finished","start":1592145895893,"stop":1592145896052,"parameters":[{"name":"url","value":"http://testingchallenges.thetestingmap.org/challenge4.php"}]}]},{"name":"enterTestData","status":"passed","stage":"finished","start":1592145896052,"stop":1592145896248,"steps":[{"name":"Enter 2790822209101 in text field element by locator By.xpath: //input[@class='inputbox']","status":"passed","stage":"finished","start":1592145896053,"stop":1592145896248,"steps":[{"name":"Wait For Visibility Of By.xpath: //input[@class='inputbox'] for []","status":"passed","stage":"finished","start":1592145896053,"stop":1592145896099,"steps":[{"name":"Explicit wait by condition visibility of element located by By.xpath: //input[@class='inputbox']","status":"passed","stage":"finished","start":1592145896053,"stop":1592145896099,"parameters":[{"name":"condition","value":"visibility of element located by By.xpath: //input[@class='inputbox']"},{"name":"timeOutInSeconds","value":"null"}]}],"parameters":[{"name":"locator","value":"By.xpath: //input[@class='inputbox']"},{"name":"timeOutInSeconds","value":"[]"}]},{"name":"Look up element by locator","status":"passed","stage":"finished","start":1592145896099,"stop":1592145896141,"parameters":[{"name":"locator","value":"By.xpath: //input[@class='inputbox']"}]}],"parameters":[{"name":"text","value":"2790822209101"},{"name":"locator","value":"By.xpath: //input[@class='inputbox']"}]}]},{"name":"clickSubmitButton","status":"passed","stage":"finished","start":1592145896249,"stop":1592145896844,"steps":[{"name":"Click on element by locator By.xpath: //input[@type='submit']","status":"passed","stage":"finished","start":1592145896250,"stop":1592145896844,"steps":[{"name":"Wait For Visibility Of By.xpath: //input[@type='submit'] for [5]","status":"passed","stage":"finished","start":1592145896250,"stop":1592145896302,"steps":[{"name":"Explicit wait by condition visibility of element located by By.xpath: //input[@type='submit']","status":"passed","stage":"finished","start":1592145896250,"stop":1592145896302,"parameters":[{"name":"condition","value":"visibility of element located by By.xpath: //input[@type='submit']"},{"name":"timeOutInSeconds","value":"5"}]}],"parameters":[{"name":"locator","value":"By.xpath: //input[@type='submit']"},{"name":"timeOutInSeconds","value":"[5]"}]},{"name":"Look up element by locator","status":"passed","stage":"finished","start":1592145896302,"stop":1592145896364,"parameters":[{"name":"locator","value":"By.xpath: //input[@type='submit']"}]}],"parameters":[{"name":"locator","value":"By.xpath: //input[@type='submit']"}]}]},{"name":"getQuantityOfChecks","status":"passed","stage":"finished","start":1592145896845,"stop":1592145896978,"steps":[{"name":"Look up element by locator","status":"passed","stage":"finished","start":1592145896845,"stop":1592145896898,"parameters":[{"name":"locator","value":"By.xpath: //span[@class='values-tested']"}]},{"name":"Look up element by locator","status":"passed","stage":"finished","start":1592145896919,"stop":1592145896964,"parameters":[{"name":"locator","value":"By.xpath: //span[@class='values-tested']"}]}]},{"name":"openPage","status":"passed","stage":"finished","start":1592145896978,"stop":1592145897140,"steps":[{"name":"Open page by URL","status":"passed","stage":"finished","start":1592145896978,"stop":1592145897140,"parameters":[{"name":"url","value":"http://testingchallenges.thetestingmap.org/challenge4.php"}]}]},{"name":"enterTestData","status":"passed","stage":"finished","start":1592145897140,"stop":1592145897474,"steps":[{"name":"Enter 7080222128639 in text field element by locator By.xpath: //input[@class='inputbox']","status":"passed","stage":"finished","start":1592145897141,"stop":1592145897474,"steps":[{"name":"Wait For Visibility Of By.xpath: //input[@class='inputbox'] for []","status":"passed","stage":"finished","start":1592145897141,"stop":1592145897190,"steps":[{"name":"Explicit wait by condition visibility of element located by By.xpath: //input[@class='inputbox']","status":"passed","stage":"finished","start":1592145897141,"stop":1592145897190,"parameters":[{"name":"condition","value":"visibility of element located by By.xpath: //input[@class='inputbox']"},{"name":"timeOutInSeconds","value":"null"}]}],"parameters":[{"name":"locator","value":"By.xpath: //input[@class='inputbox']"},{"name":"timeOutInSeconds","value":"[]"}]},{"name":"Look up element by locator","status":"passed","stage":"finished","start":1592145897190,"stop":1592145897244,"parameters":[{"name":"locator","value":"By.xpath: //input[@class='inputbox']"}]}],"parameters":[{"name":"text","value":"7080222128639"},{"name":"locator","value":"By.xpath: //input[@class='inputbox']"}]}]},{"name":"clickSubmitButton","status":"passed","stage":"finished","start":1592145897474,"stop":1592145898483,"steps":[{"name":"Click on element by locator By.xpath: //input[@type='submit']","status":"passed","stage":"finished","start":1592145897475,"stop":1592145898483,"steps":[{"name":"Wait For Visibility Of By.xpath: //input[@type='submit'] for [5]","status":"passed","stage":"finished","start":1592145897475,"stop":1592145897545,"steps":[{"name":"Explicit wait by condition visibility of element located by By.xpath: //input[@type='submit']","status":"passed","stage":"finished","start":1592145897476,"stop":1592145897545,"parameters":[{"name":"condition","value":"visibility of element located by By.xpath: //input[@type='submit']"},{"name":"timeOutInSeconds","value":"5"}]}],"parameters":[{"name":"locator","value":"By.xpath: //input[@type='submit']"},{"name":"timeOutInSeconds","value":"[5]"}]},{"name":"Look up element by locator","status":"passed","stage":"finished","start":1592145897545,"stop":1592145897741,"parameters":[{"name":"locator","value":"By.xpath: //input[@type='submit']"}]}],"parameters":[{"name":"locator","value":"By.xpath: //input[@type='submit']"}]}]},{"name":"getQuantityOfChecks","status":"broken","statusDetails":{"known":false,"muted":false,"flaky":false,"message":"Expected condition failed: waiting for visibility of element located by By.xpath: //span[@class='values-tested'] (tried for 5 second(s) with 500 milliseconds interval)","trace":"org.openqa.selenium.TimeoutException: Expected condition failed: waiting for visibility of element located by By.xpath: //span[@class='values-tested'] (tried for 5 second(s) with 500 milliseconds interval)\r\n\tat org.openqa.selenium.support.ui.WebDriverWait.timeoutException(WebDriverWait.java:95)\r\n\tat org.openqa.selenium.support.ui.FluentWait.until(FluentWait.java:272)\r\n\tat org.thetestingmap.testingchallenges.pages.BasePage.find_aroundBody2(BasePage.java:45)\r\n\tat org.thetestingmap.testingchallenges.pages.BasePage$AjcClosure3.run(BasePage.java:1)\r\n\tat org.aspectj.runtime.reflect.JoinPointImpl.proceed(JoinPointImpl.java:149)\r\n\tat io.qameta.allure.aspects.StepsAspects.step(StepsAspects.java:51)\r\n\tat org.thetestingmap.testingchallenges.pages.BasePage.find(BasePage.java:43)\r\n\tat org.thetestingmap.testingchallenges.pages.Challenge4Page.getQuantityOfChecks_aroundBody6(Challenge4Page.java:135)\r\n\tat org.thetestingmap.testingchallenges.pages.Challenge4Page$AjcClosure7.run(Challenge4Page.java:1)\r\n\tat org.aspectj.runtime.reflect.JoinPointImpl.proceed(JoinPointImpl.java:149)\r\n\tat io.qameta.allure.aspects.StepsAspects.step(StepsAspects.java:51)\r\n\tat org.thetestingmap.testingchallenges.pages.Challenge4Page.getQuantityOfChecks(Challenge4Page.java:135)\r\n\tat org.thetestingmap.testingchallenges.challenge_4.GenerateTestingData.checkingHiddenPageTest(GenerateTestingData.java:26)\r\n\tat sun.reflect.NativeMethodAccessorImpl.invoke0(Native Method)\r\n\tat sun.reflect.NativeMethodAccessorImpl.invoke(NativeMethodAccessorImpl.java:62)\r\n\tat sun.reflect.DelegatingMethodAccessorImpl.invoke(DelegatingMethodAccessorImpl.java:43)\r\n\tat java.lang.reflect.Method.invoke(Method.java:498)\r\n\tat org.testng.internal.MethodInvocationHelper.invokeMethod(MethodInvocationHelper.java:133)\r\n\tat org.testng.internal.TestInvoker.invokeMethod(TestInvoker.java:584)\r\n\tat org.testng.internal.TestInvoker.invokeTestMethod(TestInvoker.java:172)\r\n\tat org.testng.internal.MethodRunner.runInSequence(MethodRunner.java:46)\r\n\tat org.testng.internal.TestInvoker$MethodInvocationAgent.invoke(TestInvoker.java:804)\r\n\tat org.testng.internal.TestInvoker.invokeTestMethods(TestInvoker.java:145)\r\n\tat org.testng.internal.TestMethodWorker.invokeTestMethods(TestMethodWorker.java:146)\r\n\tat org.testng.internal.TestMethodWorker.run(TestMethodWorker.java:128)\r\n\tat java.util.ArrayList.forEach(ArrayList.java:1257)\r\n\tat org.testng.TestRunner.privateRun(TestRunner.java:770)\r\n\tat org.testng.TestRunner.run(TestRunner.java:591)\r\n\tat org.testng.SuiteRunner.runTest(SuiteRunner.java:402)\r\n\tat org.testng.SuiteRunner.access$000(SuiteRunner.java:41)\r\n\tat org.testng.SuiteRunner$SuiteWorker.run(SuiteRunner.java:443)\r\n\tat org.testng.internal.thread.ThreadUtil.lambda$execute$0(ThreadUtil.java:67)\r\n\tat java.util.concurrent.FutureTask.run(FutureTask.java:266)\r\n\tat java.util.concurrent.ThreadPoolExecutor.runWorker(ThreadPoolExecutor.java:1149)\r\n\tat java.util.concurrent.ThreadPoolExecutor$Worker.run(ThreadPoolExecutor.java:624)\r\n\tat java.lang.Thread.run(Thread.java:748)\r\nCaused by: org.openqa.selenium.NoSuchElementException: no such element: Unable to locate element: {\"method\":\"xpath\",\"selector\":\"//span[@class='values-tested']\"}\n  (Session info: chrome=83.0.4103.97)\nFor documentation on this error, please visit: https://www.seleniumhq.org/exceptions/no_such_element.html\nBuild info: version: '3.141.59', revision: 'e82be7d358', time: '2018-11-14T08:17:03'\nSystem info: host: 'DESKTOP-8H0MF42', ip: '192.168.100.42', os.name: 'Windows 10', os.arch: 'amd64', os.version: '10.0', java.version: '1.8.0_221'\nDriver info: org.openqa.selenium.remote.RemoteWebDriver\nCapabilities {acceptInsecureCerts: false, browserName: chrome, browserVersion: 83.0.4103.97, chrome: {chromedriverVersion: 83.0.4103.39 (ccbf011cb2d2b..., userDataDir: C:\\Users\\ALEKSA~1\\AppData\\L...}, goog:chromeOptions: {debuggerAddress: localhost:54411}, javascriptEnabled: true, networkConnectionEnabled: false, pageLoadStrategy: normal, platform: WINDOWS, platformName: WINDOWS, proxy: Proxy(), setWindowRect: true, strictFileInteractability: false, timeouts: {implicit: 0, pageLoad: 300000, script: 30000}, unhandledPromptBehavior: dismiss and notify, webauthn:virtualAuthenticators: true, webdriver.remote.sessionid: 42211e6d99bae53551666260cfc...}\nSession ID: 42211e6d99bae53551666260cfc84ed1\n*** Element info: {Using=xpath, value=//span[@class='values-tested']}\r\n\tat sun.reflect.NativeConstructorAccessorImpl.newInstance0(Native Method)\r\n\tat sun.reflect.NativeConstructorAccessorImpl.newInstance(NativeConstructorAccessorImpl.java:62)\r\n\tat sun.reflect.DelegatingConstructorAccessorImpl.newInstance(DelegatingConstructorAccessorImpl.java:45)\r\n\tat java.lang.reflect.Constructor.newInstance(Constructor.java:423)\r\n\tat org.openqa.selenium.remote.http.W3CHttpResponseCodec.createException(W3CHttpResponseCodec.java:187)\r\n\tat org.openqa.selenium.remote.http.W3CHttpResponseCodec.decode(W3CHttpResponseCodec.java:122)\r\n\tat org.openqa.selenium.remote.http.W3CHttpResponseCodec.decode(W3CHttpResponseCodec.java:49)\r\n\tat org.openqa.selenium.remote.HttpCommandExecutor.execute(HttpCommandExecutor.java:158)\r\n\tat org.openqa.selenium.remote.RemoteWebDriver.execute(RemoteWebDriver.java:552)\r\n\tat org.openqa.selenium.remote.RemoteWebDriver.findElement(RemoteWebDriver.java:323)\r\n\tat org.openqa.selenium.remote.RemoteWebDriver.findElementByXPath(RemoteWebDriver.java:428)\r\n\tat org.openqa.selenium.By$ByXPath.findElement(By.java:353)\r\n\tat org.openqa.selenium.remote.RemoteWebDriver.findElement(RemoteWebDriver.java:315)\r\n\tat org.openqa.selenium.support.ui.ExpectedConditions$7.apply(ExpectedConditions.java:205)\r\n\tat org.openqa.selenium.support.ui.ExpectedConditions$7.apply(ExpectedConditions.java:201)\r\n\tat org.openqa.selenium.support.ui.FluentWait.until(FluentWait.java:249)\r\n\t... 34 more\r\n"},"stage":"finished","start":1592145898484,"stop":1592145903699,"steps":[{"name":"Look up element by locator","status":"broken","statusDetails":{"known":false,"muted":false,"flaky":false,"message":"Expected condition failed: waiting for visibility of element located by By.xpath: //span[@class='values-tested'] (tried for 5 second(s) with 500 milliseconds interval)","trace":"org.openqa.selenium.TimeoutException: Expected condition failed: waiting for visibility of element located by By.xpath: //span[@class='values-tested'] (tried for 5 second(s) with 500 milliseconds interval)\r\n\tat org.openqa.selenium.support.ui.WebDriverWait.timeoutException(WebDriverWait.java:95)\r\n\tat org.openqa.selenium.support.ui.FluentWait.until(FluentWait.java:272)\r\n\tat org.thetestingmap.testingchallenges.pages.BasePage.find_aroundBody2(BasePage.java:45)\r\n\tat org.thetestingmap.testingchallenges.pages.BasePage$AjcClosure3.run(BasePage.java:1)\r\n\tat org.aspectj.runtime.reflect.JoinPointImpl.proceed(JoinPointImpl.java:149)\r\n\tat io.qameta.allure.aspects.StepsAspects.step(StepsAspects.java:51)\r\n\tat org.thetestingmap.testingchallenges.pages.BasePage.find(BasePage.java:43)\r\n\tat org.thetestingmap.testingchallenges.pages.Challenge4Page.getQuantityOfChecks_aroundBody6(Challenge4Page.java:135)\r\n\tat org.thetestingmap.testingchallenges.pages.Challenge4Page$AjcClosure7.run(Challenge4Page.java:1)\r\n\tat org.aspectj.runtime.reflect.JoinPointImpl.proceed(JoinPointImpl.java:149)\r\n\tat io.qameta.allure.aspects.StepsAspects.step(StepsAspects.java:51)\r\n\tat org.thetestingmap.testingchallenges.pages.Challenge4Page.getQuantityOfChecks(Challenge4Page.java:135)\r\n\tat org.thetestingmap.testingchallenges.challenge_4.GenerateTestingData.checkingHiddenPageTest(GenerateTestingData.java:26)\r\n\tat sun.reflect.NativeMethodAccessorImpl.invoke0(Native Method)\r\n\tat sun.reflect.NativeMethodAccessorImpl.invoke(NativeMethodAccessorImpl.java:62)\r\n\tat sun.reflect.DelegatingMethodAccessorImpl.invoke(DelegatingMethodAccessorImpl.java:43)\r\n\tat java.lang.reflect.Method.invoke(Method.java:498)\r\n\tat org.testng.internal.MethodInvocationHelper.invokeMethod(MethodInvocationHelper.java:133)\r\n\tat org.testng.internal.TestInvoker.invokeMethod(TestInvoker.java:584)\r\n\tat org.testng.internal.TestInvoker.invokeTestMethod(TestInvoker.java:172)\r\n\tat org.testng.internal.MethodRunner.runInSequence(MethodRunner.java:46)\r\n\tat org.testng.internal.TestInvoker$MethodInvocationAgent.invoke(TestInvoker.java:804)\r\n\tat org.testng.internal.TestInvoker.invokeTestMethods(TestInvoker.java:145)\r\n\tat org.testng.internal.TestMethodWorker.invokeTestMethods(TestMethodWorker.java:146)\r\n\tat org.testng.internal.TestMethodWorker.run(TestMethodWorker.java:128)\r\n\tat java.util.ArrayList.forEach(ArrayList.java:1257)\r\n\tat org.testng.TestRunner.privateRun(TestRunner.java:770)\r\n\tat org.testng.TestRunner.run(TestRunner.java:591)\r\n\tat org.testng.SuiteRunner.runTest(SuiteRunner.java:402)\r\n\tat org.testng.SuiteRunner.access$000(SuiteRunner.java:41)\r\n\tat org.testng.SuiteRunner$SuiteWorker.run(SuiteRunner.java:443)\r\n\tat org.testng.internal.thread.ThreadUtil.lambda$execute$0(ThreadUtil.java:67)\r\n\tat java.util.concurrent.FutureTask.run(FutureTask.java:266)\r\n\tat java.util.concurrent.ThreadPoolExecutor.runWorker(ThreadPoolExecutor.java:1149)\r\n\tat java.util.concurrent.ThreadPoolExecutor$Worker.run(ThreadPoolExecutor.java:624)\r\n\tat java.lang.Thread.run(Thread.java:748)\r\nCaused by: org.openqa.selenium.NoSuchElementException: no such element: Unable to locate element: {\"method\":\"xpath\",\"selector\":\"//span[@class='values-tested']\"}\n  (Session info: chrome=83.0.4103.97)\nFor documentation on this error, please visit: https://www.seleniumhq.org/exceptions/no_such_element.html\nBuild info: version: '3.141.59', revision: 'e82be7d358', time: '2018-11-14T08:17:03'\nSystem info: host: 'DESKTOP-8H0MF42', ip: '192.168.100.42', os.name: 'Windows 10', os.arch: 'amd64', os.version: '10.0', java.version: '1.8.0_221'\nDriver info: org.openqa.selenium.remote.RemoteWebDriver\nCapabilities {acceptInsecureCerts: false, browserName: chrome, browserVersion: 83.0.4103.97, chrome: {chromedriverVersion: 83.0.4103.39 (ccbf011cb2d2b..., userDataDir: C:\\Users\\ALEKSA~1\\AppData\\L...}, goog:chromeOptions: {debuggerAddress: localhost:54411}, javascriptEnabled: true, networkConnectionEnabled: false, pageLoadStrategy: normal, platform: WINDOWS, platformName: WINDOWS, proxy: Proxy(), setWindowRect: true, strictFileInteractability: false, timeouts: {implicit: 0, pageLoad: 300000, script: 30000}, unhandledPromptBehavior: dismiss and notify, webauthn:virtualAuthenticators: true, webdriver.remote.sessionid: 42211e6d99bae53551666260cfc...}\nSession ID: 42211e6d99bae53551666260cfc84ed1\n*** Element info: {Using=xpath, value=//span[@class='values-tested']}\r\n\tat sun.reflect.NativeConstructorAccessorImpl.newInstance0(Native Method)\r\n\tat sun.reflect.NativeConstructorAccessorImpl.newInstance(NativeConstructorAccessorImpl.java:62)\r\n\tat sun.reflect.DelegatingConstructorAccessorImpl.newInstance(DelegatingConstructorAccessorImpl.java:45)\r\n\tat java.lang.reflect.Constructor.newInstance(Constructor.java:423)\r\n\tat org.openqa.selenium.remote.http.W3CHttpResponseCodec.createException(W3CHttpResponseCodec.java:187)\r\n\tat org.openqa.selenium.remote.http.W3CHttpResponseCodec.decode(W3CHttpResponseCodec.java:122)\r\n\tat org.openqa.selenium.remote.http.W3CHttpResponseCodec.decode(W3CHttpResponseCodec.java:49)\r\n\tat org.openqa.selenium.remote.HttpCommandExecutor.execute(HttpCommandExecutor.java:158)\r\n\tat org.openqa.selenium.remote.RemoteWebDriver.execute(RemoteWebDriver.java:552)\r\n\tat org.openqa.selenium.remote.RemoteWebDriver.findElement(RemoteWebDriver.java:323)\r\n\tat org.openqa.selenium.remote.RemoteWebDriver.findElementByXPath(RemoteWebDriver.java:428)\r\n\tat org.openqa.selenium.By$ByXPath.findElement(By.java:353)\r\n\tat org.openqa.selenium.remote.RemoteWebDriver.findElement(RemoteWebDriver.java:315)\r\n\tat org.openqa.selenium.support.ui.ExpectedConditions$7.apply(ExpectedConditions.java:205)\r\n\tat org.openqa.selenium.support.ui.ExpectedConditions$7.apply(ExpectedConditions.java:201)\r\n\tat org.openqa.selenium.support.ui.FluentWait.until(FluentWait.java:249)\r\n\t... 34 more\r\n"},"stage":"finished","start":1592145898484,"stop":1592145903699,"parameters":[{"name":"locator","value":"By.xpath: //span[@class='values-tested']"}]}]}],"attachments":[{"name":"Page screenshot","source":"6c5cc32e-1f90-4b8f-9c4e-5c993f8c7788-attachment","type":"image/png"},{"name":"Test checkingHiddenPageTest failed and screenshot taken!","source":"597e3204-cfd3-4938-9b5f-d957196e6716-attachment","type":"text/plain"}],"parameters":[{"name":"browser","value":"chrome"}]}