{"uuid":"18607c15-186a-49cf-8f02-20ec738785ee","historyId":"f29690a6eec10a9082d740e37c5bf14b","fullName":"org.thetestingmap.testingchallenges.challenge_2.TypeNotNumericValueTest.notNumericLoginTest","labels":[{"name":"package","value":"org.thetestingmap.testingchallenges.challenge_2.TypeNotNumericValueTest"},{"name":"testClass","value":"org.thetestingmap.testingchallenges.challenge_2.TypeNotNumericValueTest"},{"name":"testMethod","value":"notNumericLoginTest"},{"name":"parentSuite","value":"LoginSuite"},{"name":"suite","value":"Login-chrome"},{"name":"subSuite","value":"org.thetestingmap.testingchallenges.challenge_2.TypeNotNumericValueTest"},{"name":"host","value":"DESKTOP-8H0MF42"},{"name":"thread","value":"25612@DESKTOP-8H0MF42.TestNG-tests-1(13)"},{"name":"story","value":"Checking First User Names"},{"name":"severity","value":"minor"}],"links":[],"name":"notNumericLoginTest","status":"skipped","statusDetails":{"known":false,"muted":false,"flaky":false,"message":"java.lang.RuntimeException: File src\\test\\resources\\dataproviders\\TypeNotNumericValueTest\\notNumericLoginTest.csv was not found.\n[Ljava.lang.StackTraceElement;@4e79440c","trace":"java.lang.RuntimeException: java.lang.RuntimeException: File src\\test\\resources\\dataproviders\\TypeNotNumericValueTest\\notNumericLoginTest.csv was not found.\n[Ljava.lang.StackTraceElement;@4e79440c\r\n\tat org.testng.internal.MethodInvocationHelper.invokeMethodNoCheckedException(MethodInvocationHelper.java:50)\r\n\tat org.testng.internal.MethodInvocationHelper.invokeDataProvider(MethodInvocationHelper.java:146)\r\n\tat org.testng.internal.Parameters.handleParameters(Parameters.java:820)\r\n\tat org.testng.internal.Parameters.handleParameters(Parameters.java:762)\r\n\tat org.testng.internal.ParameterHandler.handleParameters(ParameterHandler.java:60)\r\n\tat org.testng.internal.ParameterHandler.createParameters(ParameterHandler.java:39)\r\n\tat org.testng.internal.TestInvoker$MethodInvocationAgent.invoke(TestInvoker.java:771)\r\n\tat org.testng.internal.TestInvoker.invokeTestMethods(TestInvoker.java:145)\r\n\tat org.testng.internal.TestMethodWorker.invokeTestMethods(TestMethodWorker.java:146)\r\n\tat org.testng.internal.TestMethodWorker.run(TestMethodWorker.java:128)\r\n\tat java.util.ArrayList.forEach(ArrayList.java:1257)\r\n\tat org.testng.TestRunner.privateRun(TestRunner.java:770)\r\n\tat org.testng.TestRunner.run(TestRunner.java:591)\r\n\tat org.testng.SuiteRunner.runTest(SuiteRunner.java:402)\r\n\tat org.testng.SuiteRunner.access$000(SuiteRunner.java:41)\r\n\tat org.testng.SuiteRunner$SuiteWorker.run(SuiteRunner.java:443)\r\n\tat org.testng.internal.thread.ThreadUtil.lambda$execute$0(ThreadUtil.java:67)\r\n\tat java.util.concurrent.FutureTask.run(FutureTask.java:266)\r\n\tat java.util.concurrent.ThreadPoolExecutor.runWorker(ThreadPoolExecutor.java:1149)\r\n\tat java.util.concurrent.ThreadPoolExecutor$Worker.run(ThreadPoolExecutor.java:624)\r\n\tat java.lang.Thread.run(Thread.java:748)\r\nCaused by: java.lang.RuntimeException: File src\\test\\resources\\dataproviders\\TypeNotNumericValueTest\\notNumericLoginTest.csv was not found.\n[Ljava.lang.StackTraceElement;@4e79440c\r\n\tat org.thetestingmap.testingchallenges.testEngine.CsvDataProviders.csvReader(CsvDataProviders.java:39)\r\n\tat sun.reflect.NativeMethodAccessorImpl.invoke0(Native Method)\r\n\tat sun.reflect.NativeMethodAccessorImpl.invoke(NativeMethodAccessorImpl.java:62)\r\n\tat sun.reflect.DelegatingMethodAccessorImpl.invoke(DelegatingMethodAccessorImpl.java:43)\r\n\tat java.lang.reflect.Method.invoke(Method.java:498)\r\n\tat org.testng.internal.MethodInvocationHelper.invokeMethod(MethodInvocationHelper.java:133)\r\n\tat org.testng.internal.MethodInvocationHelper.invokeMethod(MethodInvocationHelper.java:77)\r\n\tat org.testng.internal.MethodInvocationHelper.invokeMethodNoCheckedException(MethodInvocationHelper.java:46)\r\n\t... 20 more\r\n"},"stage":"finished","description":"Using string instead of numeric value","start":1592063801834,"stop":1592063801838,"parameters":[{"name":"browser","value":"chrome"}]}