{"uuid":"40f24531-210b-4b72-ad85-23ecdf91a3bb","historyId":"99123d02ced1dc62001af36d7791bac3","fullName":"org.thetestingmap.testingchallenges.challenge_1.NegativeFirstNameTest.negativeLogInTest","labels":[{"name":"package","value":"org.thetestingmap.testingchallenges.challenge_1.NegativeFirstNameTest"},{"name":"testClass","value":"org.thetestingmap.testingchallenges.challenge_1.NegativeFirstNameTest"},{"name":"testMethod","value":"negativeLogInTest"},{"name":"parentSuite","value":"LoginSuite"},{"name":"suite","value":"Login-chrome"},{"name":"subSuite","value":"org.thetestingmap.testingchallenges.challenge_1.NegativeFirstNameTest"},{"name":"host","value":"DESKTOP-8H0MF42"},{"name":"thread","value":"9304@DESKTOP-8H0MF42.TestNG-test=Login-chrome-1(14)"}],"links":[],"name":"negativeLogInTest","status":"broken","statusDetails":{"known":false,"muted":false,"flaky":false,"message":"Keys to send should be a not null CharSequence","trace":"java.lang.IllegalArgumentException: Keys to send should be a not null CharSequence\r\n\tat org.openqa.selenium.remote.RemoteWebElement.sendKeys(RemoteWebElement.java:97)\r\n\tat org.thetestingmap.testingchallenges.pages.BasePage.type_aroundBody8(BasePage.java:70)\r\n\tat org.thetestingmap.testingchallenges.pages.BasePage$AjcClosure9.run(BasePage.java:1)\r\n\tat org.aspectj.runtime.reflect.JoinPointImpl.proceed(JoinPointImpl.java:149)\r\n\tat io.qameta.allure.aspects.StepsAspects.step(StepsAspects.java:51)\r\n\tat org.thetestingmap.testingchallenges.pages.BasePage.type(BasePage.java:69)\r\n\tat org.thetestingmap.testingchallenges.pages.Challenge1Page.enterUserNameAndPassword_aroundBody2(Challenge1Page.java:30)\r\n\tat org.thetestingmap.testingchallenges.pages.Challenge1Page$AjcClosure3.run(Challenge1Page.java:1)\r\n\tat org.aspectj.runtime.reflect.JoinPointImpl.proceed(JoinPointImpl.java:149)\r\n\tat io.qameta.allure.aspects.StepsAspects.step(StepsAspects.java:51)\r\n\tat org.thetestingmap.testingchallenges.pages.Challenge1Page.enterUserNameAndPassword(Challenge1Page.java:29)\r\n\tat org.thetestingmap.testingchallenges.challenge_1.NegativeFirstNameTest.negativeLogInTest(NegativeFirstNameTest.java:27)\r\n\tat sun.reflect.NativeMethodAccessorImpl.invoke0(Native Method)\r\n\tat sun.reflect.NativeMethodAccessorImpl.invoke(NativeMethodAccessorImpl.java:62)\r\n\tat sun.reflect.DelegatingMethodAccessorImpl.invoke(DelegatingMethodAccessorImpl.java:43)\r\n\tat java.lang.reflect.Method.invoke(Method.java:498)\r\n\tat org.testng.internal.MethodInvocationHelper.invokeMethod(MethodInvocationHelper.java:133)\r\n\tat org.testng.internal.TestInvoker.invokeMethod(TestInvoker.java:584)\r\n\tat org.testng.internal.TestInvoker.invokeTestMethod(TestInvoker.java:172)\r\n\tat org.testng.internal.MethodRunner.runInSequence(MethodRunner.java:46)\r\n\tat org.testng.internal.TestInvoker$MethodInvocationAgent.invoke(TestInvoker.java:804)\r\n\tat org.testng.internal.TestInvoker.invokeTestMethods(TestInvoker.java:145)\r\n\tat org.testng.internal.TestMethodWorker.invokeTestMethods(TestMethodWorker.java:146)\r\n\tat org.testng.internal.TestMethodWorker.run(TestMethodWorker.java:128)\r\n\tat java.util.concurrent.ThreadPoolExecutor.runWorker(ThreadPoolExecutor.java:1149)\r\n\tat java.util.concurrent.ThreadPoolExecutor$Worker.run(ThreadPoolExecutor.java:624)\r\n\tat java.lang.Thread.run(Thread.java:748)\r\n"},"stage":"finished","start":1592047601814,"stop":1592047602867,"steps":[{"name":"openPage","status":"passed","stage":"finished","start":1592047601814,"stop":1592047602299,"steps":[{"name":"Open page by URL","status":"passed","stage":"finished","start":1592047601814,"stop":1592047602299,"parameters":[{"name":"url","value":"http://testingchallenges.thetestingmap.org/index.php"}]}]},{"name":"enterUserNameAndPassword","status":"broken","statusDetails":{"known":false,"muted":false,"flaky":false,"message":"Keys to send should be a not null CharSequence","trace":"java.lang.IllegalArgumentException: Keys to send should be a not null CharSequence\r\n\tat org.openqa.selenium.remote.RemoteWebElement.sendKeys(RemoteWebElement.java:97)\r\n\tat org.thetestingmap.testingchallenges.pages.BasePage.type_aroundBody8(BasePage.java:70)\r\n\tat org.thetestingmap.testingchallenges.pages.BasePage$AjcClosure9.run(BasePage.java:1)\r\n\tat org.aspectj.runtime.reflect.JoinPointImpl.proceed(JoinPointImpl.java:149)\r\n\tat io.qameta.allure.aspects.StepsAspects.step(StepsAspects.java:51)\r\n\tat org.thetestingmap.testingchallenges.pages.BasePage.type(BasePage.java:69)\r\n\tat org.thetestingmap.testingchallenges.pages.Challenge1Page.enterUserNameAndPassword_aroundBody2(Challenge1Page.java:30)\r\n\tat org.thetestingmap.testingchallenges.pages.Challenge1Page$AjcClosure3.run(Challenge1Page.java:1)\r\n\tat org.aspectj.runtime.reflect.JoinPointImpl.proceed(JoinPointImpl.java:149)\r\n\tat io.qameta.allure.aspects.StepsAspects.step(StepsAspects.java:51)\r\n\tat org.thetestingmap.testingchallenges.pages.Challenge1Page.enterUserNameAndPassword(Challenge1Page.java:29)\r\n\tat org.thetestingmap.testingchallenges.challenge_1.NegativeFirstNameTest.negativeLogInTest(NegativeFirstNameTest.java:27)\r\n\tat sun.reflect.NativeMethodAccessorImpl.invoke0(Native Method)\r\n\tat sun.reflect.NativeMethodAccessorImpl.invoke(NativeMethodAccessorImpl.java:62)\r\n\tat sun.reflect.DelegatingMethodAccessorImpl.invoke(DelegatingMethodAccessorImpl.java:43)\r\n\tat java.lang.reflect.Method.invoke(Method.java:498)\r\n\tat org.testng.internal.MethodInvocationHelper.invokeMethod(MethodInvocationHelper.java:133)\r\n\tat org.testng.internal.TestInvoker.invokeMethod(TestInvoker.java:584)\r\n\tat org.testng.internal.TestInvoker.invokeTestMethod(TestInvoker.java:172)\r\n\tat org.testng.internal.MethodRunner.runInSequence(MethodRunner.java:46)\r\n\tat org.testng.internal.TestInvoker$MethodInvocationAgent.invoke(TestInvoker.java:804)\r\n\tat org.testng.internal.TestInvoker.invokeTestMethods(TestInvoker.java:145)\r\n\tat org.testng.internal.TestMethodWorker.invokeTestMethods(TestMethodWorker.java:146)\r\n\tat org.testng.internal.TestMethodWorker.run(TestMethodWorker.java:128)\r\n\tat java.util.concurrent.ThreadPoolExecutor.runWorker(ThreadPoolExecutor.java:1149)\r\n\tat java.util.concurrent.ThreadPoolExecutor$Worker.run(ThreadPoolExecutor.java:624)\r\n\tat java.lang.Thread.run(Thread.java:748)\r\n"},"stage":"finished","start":1592047602299,"stop":1592047602397,"steps":[{"name":"Enter null in text field element by locator By.xpath: //input[@id=\"firstname\"]","status":"broken","statusDetails":{"known":false,"muted":false,"flaky":false,"message":"Keys to send should be a not null CharSequence","trace":"java.lang.IllegalArgumentException: Keys to send should be a not null CharSequence\r\n\tat org.openqa.selenium.remote.RemoteWebElement.sendKeys(RemoteWebElement.java:97)\r\n\tat org.thetestingmap.testingchallenges.pages.BasePage.type_aroundBody8(BasePage.java:70)\r\n\tat org.thetestingmap.testingchallenges.pages.BasePage$AjcClosure9.run(BasePage.java:1)\r\n\tat org.aspectj.runtime.reflect.JoinPointImpl.proceed(JoinPointImpl.java:149)\r\n\tat io.qameta.allure.aspects.StepsAspects.step(StepsAspects.java:51)\r\n\tat org.thetestingmap.testingchallenges.pages.BasePage.type(BasePage.java:69)\r\n\tat org.thetestingmap.testingchallenges.pages.Challenge1Page.enterUserNameAndPassword_aroundBody2(Challenge1Page.java:30)\r\n\tat org.thetestingmap.testingchallenges.pages.Challenge1Page$AjcClosure3.run(Challenge1Page.java:1)\r\n\tat org.aspectj.runtime.reflect.JoinPointImpl.proceed(JoinPointImpl.java:149)\r\n\tat io.qameta.allure.aspects.StepsAspects.step(StepsAspects.java:51)\r\n\tat org.thetestingmap.testingchallenges.pages.Challenge1Page.enterUserNameAndPassword(Challenge1Page.java:29)\r\n\tat org.thetestingmap.testingchallenges.challenge_1.NegativeFirstNameTest.negativeLogInTest(NegativeFirstNameTest.java:27)\r\n\tat sun.reflect.NativeMethodAccessorImpl.invoke0(Native Method)\r\n\tat sun.reflect.NativeMethodAccessorImpl.invoke(NativeMethodAccessorImpl.java:62)\r\n\tat sun.reflect.DelegatingMethodAccessorImpl.invoke(DelegatingMethodAccessorImpl.java:43)\r\n\tat java.lang.reflect.Method.invoke(Method.java:498)\r\n\tat org.testng.internal.MethodInvocationHelper.invokeMethod(MethodInvocationHelper.java:133)\r\n\tat org.testng.internal.TestInvoker.invokeMethod(TestInvoker.java:584)\r\n\tat org.testng.internal.TestInvoker.invokeTestMethod(TestInvoker.java:172)\r\n\tat org.testng.internal.MethodRunner.runInSequence(MethodRunner.java:46)\r\n\tat org.testng.internal.TestInvoker$MethodInvocationAgent.invoke(TestInvoker.java:804)\r\n\tat org.testng.internal.TestInvoker.invokeTestMethods(TestInvoker.java:145)\r\n\tat org.testng.internal.TestMethodWorker.invokeTestMethods(TestMethodWorker.java:146)\r\n\tat org.testng.internal.TestMethodWorker.run(TestMethodWorker.java:128)\r\n\tat java.util.concurrent.ThreadPoolExecutor.runWorker(ThreadPoolExecutor.java:1149)\r\n\tat java.util.concurrent.ThreadPoolExecutor$Worker.run(ThreadPoolExecutor.java:624)\r\n\tat java.lang.Thread.run(Thread.java:748)\r\n"},"stage":"finished","start":1592047602300,"stop":1592047602397,"steps":[{"name":"Wait For Visibility Of By.xpath: //input[@id=\"firstname\"] for []","status":"passed","stage":"finished","start":1592047602300,"stop":1592047602352,"steps":[{"name":"Explicit wait by condition visibility of element located by By.xpath: //input[@id=\"firstname\"]","status":"passed","stage":"finished","start":1592047602300,"stop":1592047602352,"parameters":[{"name":"condition","value":"visibility of element located by By.xpath: //input[@id=\"firstname\"]"},{"name":"timeOutInSeconds","value":"null"}]}],"parameters":[{"name":"locator","value":"By.xpath: //input[@id=\"firstname\"]"},{"name":"timeOutInSeconds","value":"[]"}]},{"name":"Look up element by locator","status":"passed","stage":"finished","start":1592047602352,"stop":1592047602397,"parameters":[{"name":"locator","value":"By.xpath: //input[@id=\"firstname\"]"}]}],"parameters":[{"name":"text","value":"null"},{"name":"locator","value":"By.xpath: //input[@id=\"firstname\"]"}]}],"parameters":[{"name":"userName","value":"null"}]}],"attachments":[{"name":"Page screenshot","source":"a051121b-dc24-4086-bb15-26f68f01edae-attachment","type":"image/png"},{"name":"Test negativeLogInTest failed and screenshot taken!","source":"dfb80a7f-cce8-4e90-8d32-dc8432f1ee12-attachment","type":"text/plain"}],"parameters":[{"name":"browser","value":"chrome"},{"name":"arg0","value":"{number=5, description=empty password, password=, expectedMessage=Your password is invalid!, username=tomsmith}"}]}