{"uuid":"48f9ec28-a93b-4851-b186-a9fc425b0c65","historyId":"ed8ced5d7c70ad1044ac94697449558c","fullName":"org.thetestingmap.testingchallenges.challenge_4.GenerateTestingData.checkingHiddenPageTest","labels":[{"name":"package","value":"org.thetestingmap.testingchallenges.challenge_4.GenerateTestingData"},{"name":"testClass","value":"org.thetestingmap.testingchallenges.challenge_4.GenerateTestingData"},{"name":"testMethod","value":"checkingHiddenPageTest"},{"name":"parentSuite","value":"LoginSuite"},{"name":"suite","value":"Login-chrome"},{"name":"subSuite","value":"org.thetestingmap.testingchallenges.challenge_4.GenerateTestingData"},{"name":"host","value":"DESKTOP-8H0MF42"},{"name":"thread","value":"6140@DESKTOP-8H0MF42.TestNG-tests-1(15)"},{"name":"story","value":"Checking testing data"},{"name":"severity","value":"normal"}],"links":[],"name":"checkingHiddenPageTest","status":"broken","statusDetails":{"known":false,"muted":false,"flaky":false,"message":"Unsupported field: MinuteOfHour","trace":"java.time.temporal.UnsupportedTemporalTypeException: Unsupported field: MinuteOfHour\r\n\tat java.time.LocalDate.get0(LocalDate.java:680)\r\n\tat java.time.LocalDate.getLong(LocalDate.java:659)\r\n\tat java.time.format.DateTimePrintContext.getValue(DateTimePrintContext.java:298)\r\n\tat java.time.format.DateTimeFormatterBuilder$NumberPrinterParser.format(DateTimeFormatterBuilder.java:2551)\r\n\tat java.time.format.DateTimeFormatterBuilder$CompositePrinterParser.format(DateTimeFormatterBuilder.java:2190)\r\n\tat java.time.format.DateTimeFormatter.formatTo(DateTimeFormatter.java:1746)\r\n\tat java.time.format.DateTimeFormatter.format(DateTimeFormatter.java:1720)\r\n\tat java.time.LocalDate.format(LocalDate.java:1691)\r\n\tat org.thetestingmap.testingchallenges.pages.BasePage.getCurrentMonth(BasePage.java:158)\r\n\tat org.thetestingmap.testingchallenges.pages.Challenge4Page.enterTestData_aroundBody2(Challenge4Page.java:133)\r\n\tat org.thetestingmap.testingchallenges.pages.Challenge4Page$AjcClosure3.run(Challenge4Page.java:1)\r\n\tat org.aspectj.runtime.reflect.JoinPointImpl.proceed(JoinPointImpl.java:149)\r\n\tat io.qameta.allure.aspects.StepsAspects.step(StepsAspects.java:51)\r\n\tat org.thetestingmap.testingchallenges.pages.Challenge4Page.enterTestData(Challenge4Page.java:129)\r\n\tat org.thetestingmap.testingchallenges.challenge_4.GenerateTestingData.checkingHiddenPageTest(GenerateTestingData.java:26)\r\n\tat sun.reflect.NativeMethodAccessorImpl.invoke0(Native Method)\r\n\tat sun.reflect.NativeMethodAccessorImpl.invoke(NativeMethodAccessorImpl.java:62)\r\n\tat sun.reflect.DelegatingMethodAccessorImpl.invoke(DelegatingMethodAccessorImpl.java:43)\r\n\tat java.lang.reflect.Method.invoke(Method.java:498)\r\n\tat org.testng.internal.MethodInvocationHelper.invokeMethod(MethodInvocationHelper.java:133)\r\n\tat org.testng.internal.TestInvoker.invokeMethod(TestInvoker.java:584)\r\n\tat org.testng.internal.TestInvoker.invokeTestMethod(TestInvoker.java:172)\r\n\tat org.testng.internal.MethodRunner.runInSequence(MethodRunner.java:46)\r\n\tat org.testng.internal.TestInvoker$MethodInvocationAgent.invoke(TestInvoker.java:804)\r\n\tat org.testng.internal.TestInvoker.invokeTestMethods(TestInvoker.java:145)\r\n\tat org.testng.internal.TestMethodWorker.invokeTestMethods(TestMethodWorker.java:146)\r\n\tat org.testng.internal.TestMethodWorker.run(TestMethodWorker.java:128)\r\n\tat java.util.ArrayList.forEach(ArrayList.java:1257)\r\n\tat org.testng.TestRunner.privateRun(TestRunner.java:770)\r\n\tat org.testng.TestRunner.run(TestRunner.java:591)\r\n\tat org.testng.SuiteRunner.runTest(SuiteRunner.java:402)\r\n\tat org.testng.SuiteRunner.access$000(SuiteRunner.java:41)\r\n\tat org.testng.SuiteRunner$SuiteWorker.run(SuiteRunner.java:443)\r\n\tat org.testng.internal.thread.ThreadUtil.lambda$execute$0(ThreadUtil.java:67)\r\n\tat java.util.concurrent.FutureTask.run$$$capture(FutureTask.java:266)\r\n\tat java.util.concurrent.FutureTask.run(FutureTask.java)\r\n\tat java.util.concurrent.ThreadPoolExecutor.runWorker(ThreadPoolExecutor.java:1149)\r\n\tat java.util.concurrent.ThreadPoolExecutor$Worker.run(ThreadPoolExecutor.java:624)\r\n\tat java.lang.Thread.run(Thread.java:748)\r\n"},"stage":"finished","description":"Open page and check testing data","start":1592141971286,"stop":1592141972582,"steps":[{"name":"openPage","status":"passed","stage":"finished","start":1592141971453,"stop":1592141971983,"steps":[{"name":"Open page by URL","status":"passed","stage":"finished","start":1592141971459,"stop":1592141971983,"parameters":[{"name":"url","value":"http://testingchallenges.thetestingmap.org/challenge4.php"}]}]},{"name":"enterTestData","status":"broken","statusDetails":{"known":false,"muted":false,"flaky":false,"message":"Unsupported field: MinuteOfHour","trace":"java.time.temporal.UnsupportedTemporalTypeException: Unsupported field: MinuteOfHour\r\n\tat java.time.LocalDate.get0(LocalDate.java:680)\r\n\tat java.time.LocalDate.getLong(LocalDate.java:659)\r\n\tat java.time.format.DateTimePrintContext.getValue(DateTimePrintContext.java:298)\r\n\tat java.time.format.DateTimeFormatterBuilder$NumberPrinterParser.format(DateTimeFormatterBuilder.java:2551)\r\n\tat java.time.format.DateTimeFormatterBuilder$CompositePrinterParser.format(DateTimeFormatterBuilder.java:2190)\r\n\tat java.time.format.DateTimeFormatter.formatTo(DateTimeFormatter.java:1746)\r\n\tat java.time.format.DateTimeFormatter.format(DateTimeFormatter.java:1720)\r\n\tat java.time.LocalDate.format(LocalDate.java:1691)\r\n\tat org.thetestingmap.testingchallenges.pages.BasePage.getCurrentMonth(BasePage.java:158)\r\n\tat org.thetestingmap.testingchallenges.pages.Challenge4Page.enterTestData_aroundBody2(Challenge4Page.java:133)\r\n\tat org.thetestingmap.testingchallenges.pages.Challenge4Page$AjcClosure3.run(Challenge4Page.java:1)\r\n\tat org.aspectj.runtime.reflect.JoinPointImpl.proceed(JoinPointImpl.java:149)\r\n\tat io.qameta.allure.aspects.StepsAspects.step(StepsAspects.java:51)\r\n\tat org.thetestingmap.testingchallenges.pages.Challenge4Page.enterTestData(Challenge4Page.java:129)\r\n\tat org.thetestingmap.testingchallenges.challenge_4.GenerateTestingData.checkingHiddenPageTest(GenerateTestingData.java:26)\r\n\tat sun.reflect.NativeMethodAccessorImpl.invoke0(Native Method)\r\n\tat sun.reflect.NativeMethodAccessorImpl.invoke(NativeMethodAccessorImpl.java:62)\r\n\tat sun.reflect.DelegatingMethodAccessorImpl.invoke(DelegatingMethodAccessorImpl.java:43)\r\n\tat java.lang.reflect.Method.invoke(Method.java:498)\r\n\tat org.testng.internal.MethodInvocationHelper.invokeMethod(MethodInvocationHelper.java:133)\r\n\tat org.testng.internal.TestInvoker.invokeMethod(TestInvoker.java:584)\r\n\tat org.testng.internal.TestInvoker.invokeTestMethod(TestInvoker.java:172)\r\n\tat org.testng.internal.MethodRunner.runInSequence(MethodRunner.java:46)\r\n\tat org.testng.internal.TestInvoker$MethodInvocationAgent.invoke(TestInvoker.java:804)\r\n\tat org.testng.internal.TestInvoker.invokeTestMethods(TestInvoker.java:145)\r\n\tat org.testng.internal.TestMethodWorker.invokeTestMethods(TestMethodWorker.java:146)\r\n\tat org.testng.internal.TestMethodWorker.run(TestMethodWorker.java:128)\r\n\tat java.util.ArrayList.forEach(ArrayList.java:1257)\r\n\tat org.testng.TestRunner.privateRun(TestRunner.java:770)\r\n\tat org.testng.TestRunner.run(TestRunner.java:591)\r\n\tat org.testng.SuiteRunner.runTest(SuiteRunner.java:402)\r\n\tat org.testng.SuiteRunner.access$000(SuiteRunner.java:41)\r\n\tat org.testng.SuiteRunner$SuiteWorker.run(SuiteRunner.java:443)\r\n\tat org.testng.internal.thread.ThreadUtil.lambda$execute$0(ThreadUtil.java:67)\r\n\tat java.util.concurrent.FutureTask.run$$$capture(FutureTask.java:266)\r\n\tat java.util.concurrent.FutureTask.run(FutureTask.java)\r\n\tat java.util.concurrent.ThreadPoolExecutor.runWorker(ThreadPoolExecutor.java:1149)\r\n\tat java.util.concurrent.ThreadPoolExecutor$Worker.run(ThreadPoolExecutor.java:624)\r\n\tat java.lang.Thread.run(Thread.java:748)\r\n"},"stage":"finished","start":1592141971983,"stop":1592141972024}],"attachments":[{"name":"Page screenshot","source":"dbc34f00-a56c-4141-85bb-6e07fb367333-attachment","type":"image/png"},{"name":"Test checkingHiddenPageTest failed and screenshot taken!","source":"ece10695-2f89-4a6f-b8d5-02a1600c20b9-attachment","type":"text/plain"}],"parameters":[{"name":"browser","value":"chrome"}]}