{"uuid":"93d2730e-1c28-4505-a4fa-5cbe53f45cfe","historyId":"ed8ced5d7c70ad1044ac94697449558c","fullName":"org.thetestingmap.testingchallenges.challenge_4.GenerateTestingData.checkingHiddenPageTest","labels":[{"name":"package","value":"org.thetestingmap.testingchallenges.challenge_4.GenerateTestingData"},{"name":"testClass","value":"org.thetestingmap.testingchallenges.challenge_4.GenerateTestingData"},{"name":"testMethod","value":"checkingHiddenPageTest"},{"name":"parentSuite","value":"LoginSuite"},{"name":"suite","value":"Login-chrome"},{"name":"subSuite","value":"org.thetestingmap.testingchallenges.challenge_4.GenerateTestingData"},{"name":"host","value":"DESKTOP-8H0MF42"},{"name":"thread","value":"2316@DESKTOP-8H0MF42.TestNG-tests-1(13)"},{"name":"story","value":"Checking testing data"},{"name":"severity","value":"normal"}],"links":[],"name":"checkingHiddenPageTest","status":"broken","statusDetails":{"known":false,"muted":false,"flaky":false,"message":"unexpected alert open: {Alert text : Invalid Control Number}\n  (Session info: chrome=83.0.4103.97): Invalid Control Number\nBuild info: version: '3.141.59', revision: 'e82be7d358', time: '2018-11-14T08:17:03'\nSystem info: host: 'DESKTOP-8H0MF42', ip: '192.168.100.42', os.name: 'Windows 10', os.arch: 'amd64', os.version: '10.0', java.version: '1.8.0_221'\nDriver info: org.openqa.selenium.remote.RemoteWebDriver\nCapabilities {acceptInsecureCerts: false, browserName: chrome, browserVersion: 83.0.4103.97, chrome: {chromedriverVersion: 83.0.4103.39 (ccbf011cb2d2b..., userDataDir: C:\\Users\\ALEKSA~1\\AppData\\L...}, goog:chromeOptions: {debuggerAddress: localhost:51987}, javascriptEnabled: true, networkConnectionEnabled: false, pageLoadStrategy: normal, platform: WINDOWS, platformName: WINDOWS, proxy: Proxy(), setWindowRect: true, strictFileInteractability: false, timeouts: {implicit: 0, pageLoad: 300000, script: 30000}, unhandledPromptBehavior: dismiss and notify, webauthn:virtualAuthenticators: true, webdriver.remote.sessionid: be053101f538158c887e05d1ed3...}\nSession ID: be053101f538158c887e05d1ed3c4706\n*** Element info: {Using=xpath, value=//span[@class='values-tested']}","trace":"org.openqa.selenium.UnhandledAlertException: unexpected alert open: {Alert text : Invalid Control Number}\n  (Session info: chrome=83.0.4103.97): Invalid Control Number\nBuild info: version: '3.141.59', revision: 'e82be7d358', time: '2018-11-14T08:17:03'\nSystem info: host: 'DESKTOP-8H0MF42', ip: '192.168.100.42', os.name: 'Windows 10', os.arch: 'amd64', os.version: '10.0', java.version: '1.8.0_221'\nDriver info: org.openqa.selenium.remote.RemoteWebDriver\nCapabilities {acceptInsecureCerts: false, browserName: chrome, browserVersion: 83.0.4103.97, chrome: {chromedriverVersion: 83.0.4103.39 (ccbf011cb2d2b..., userDataDir: C:\\Users\\ALEKSA~1\\AppData\\L...}, goog:chromeOptions: {debuggerAddress: localhost:51987}, javascriptEnabled: true, networkConnectionEnabled: false, pageLoadStrategy: normal, platform: WINDOWS, platformName: WINDOWS, proxy: Proxy(), setWindowRect: true, strictFileInteractability: false, timeouts: {implicit: 0, pageLoad: 300000, script: 30000}, unhandledPromptBehavior: dismiss and notify, webauthn:virtualAuthenticators: true, webdriver.remote.sessionid: be053101f538158c887e05d1ed3...}\nSession ID: be053101f538158c887e05d1ed3c4706\n*** Element info: {Using=xpath, value=//span[@class='values-tested']}\r\n\tat org.openqa.selenium.remote.http.W3CHttpResponseCodec.decode(W3CHttpResponseCodec.java:120)\r\n\tat org.openqa.selenium.remote.http.W3CHttpResponseCodec.decode(W3CHttpResponseCodec.java:49)\r\n\tat org.openqa.selenium.remote.HttpCommandExecutor.execute(HttpCommandExecutor.java:158)\r\n\tat org.openqa.selenium.remote.RemoteWebDriver.execute(RemoteWebDriver.java:552)\r\n\tat org.openqa.selenium.remote.RemoteWebDriver.findElement(RemoteWebDriver.java:323)\r\n\tat org.openqa.selenium.remote.RemoteWebDriver.findElementByXPath(RemoteWebDriver.java:428)\r\n\tat org.openqa.selenium.By$ByXPath.findElement(By.java:353)\r\n\tat org.openqa.selenium.remote.RemoteWebDriver.findElement(RemoteWebDriver.java:315)\r\n\tat org.openqa.selenium.support.ui.ExpectedConditions$7.apply(ExpectedConditions.java:205)\r\n\tat org.openqa.selenium.support.ui.ExpectedConditions$7.apply(ExpectedConditions.java:201)\r\n\tat org.openqa.selenium.support.ui.FluentWait.until(FluentWait.java:249)\r\n\tat org.thetestingmap.testingchallenges.pages.BasePage.find_aroundBody2(BasePage.java:41)\r\n\tat org.thetestingmap.testingchallenges.pages.BasePage$AjcClosure3.run(BasePage.java:1)\r\n\tat org.aspectj.runtime.reflect.JoinPointImpl.proceed(JoinPointImpl.java:149)\r\n\tat io.qameta.allure.aspects.StepsAspects.step(StepsAspects.java:51)\r\n\tat org.thetestingmap.testingchallenges.pages.BasePage.find(BasePage.java:39)\r\n\tat org.thetestingmap.testingchallenges.pages.Challenge4Page.getQuantityOfChecks_aroundBody6(Challenge4Page.java:141)\r\n\tat org.thetestingmap.testingchallenges.pages.Challenge4Page$AjcClosure7.run(Challenge4Page.java:1)\r\n\tat org.aspectj.runtime.reflect.JoinPointImpl.proceed(JoinPointImpl.java:149)\r\n\tat io.qameta.allure.aspects.StepsAspects.step(StepsAspects.java:51)\r\n\tat org.thetestingmap.testingchallenges.pages.Challenge4Page.getQuantityOfChecks(Challenge4Page.java:141)\r\n\tat org.thetestingmap.testingchallenges.challenge_4.GenerateTestingData.checkingHiddenPageTest(GenerateTestingData.java:27)\r\n\tat sun.reflect.NativeMethodAccessorImpl.invoke0(Native Method)\r\n\tat sun.reflect.NativeMethodAccessorImpl.invoke(NativeMethodAccessorImpl.java:62)\r\n\tat sun.reflect.DelegatingMethodAccessorImpl.invoke(DelegatingMethodAccessorImpl.java:43)\r\n\tat java.lang.reflect.Method.invoke(Method.java:498)\r\n\tat org.testng.internal.MethodInvocationHelper.invokeMethod(MethodInvocationHelper.java:133)\r\n\tat org.testng.internal.TestInvoker.invokeMethod(TestInvoker.java:584)\r\n\tat org.testng.internal.TestInvoker.invokeTestMethod(TestInvoker.java:172)\r\n\tat org.testng.internal.MethodRunner.runInSequence(MethodRunner.java:46)\r\n\tat org.testng.internal.TestInvoker$MethodInvocationAgent.invoke(TestInvoker.java:804)\r\n\tat org.testng.internal.TestInvoker.invokeTestMethods(TestInvoker.java:145)\r\n\tat org.testng.internal.TestMethodWorker.invokeTestMethods(TestMethodWorker.java:146)\r\n\tat org.testng.internal.TestMethodWorker.run(TestMethodWorker.java:128)\r\n\tat java.util.ArrayList.forEach(ArrayList.java:1257)\r\n\tat org.testng.TestRunner.privateRun(TestRunner.java:770)\r\n\tat org.testng.TestRunner.run(TestRunner.java:591)\r\n\tat org.testng.SuiteRunner.runTest(SuiteRunner.java:402)\r\n\tat org.testng.SuiteRunner.access$000(SuiteRunner.java:41)\r\n\tat org.testng.SuiteRunner$SuiteWorker.run(SuiteRunner.java:443)\r\n\tat org.testng.internal.thread.ThreadUtil.lambda$execute$0(ThreadUtil.java:67)\r\n\tat java.util.concurrent.FutureTask.run(FutureTask.java:266)\r\n\tat java.util.concurrent.ThreadPoolExecutor.runWorker(ThreadPoolExecutor.java:1149)\r\n\tat java.util.concurrent.ThreadPoolExecutor$Worker.run(ThreadPoolExecutor.java:624)\r\n\tat java.lang.Thread.run(Thread.java:748)\r\n"},"stage":"finished","description":"Open page and check testing data","start":1592135249464,"stop":1592135251372,"steps":[{"name":"openPage","status":"passed","stage":"finished","start":1592135249579,"stop":1592135249970,"steps":[{"name":"Open page by URL","status":"passed","stage":"finished","start":1592135249585,"stop":1592135249970,"parameters":[{"name":"url","value":"http://testingchallenges.thetestingmap.org/challenge4.php"}]}]},{"name":"enterTestData","status":"passed","stage":"finished","start":1592135249970,"stop":1592135250288,"steps":[{"name":"Enter 1261223429775 in text field element by locator By.xpath: //input[@class='inputbox']","status":"passed","stage":"finished","start":1592135249975,"stop":1592135250288,"steps":[{"name":"Wait For Visibility Of By.xpath: //input[@class='inputbox'] for []","status":"passed","stage":"finished","start":1592135249975,"stop":1592135250093,"steps":[{"name":"Explicit wait by condition visibility of element located by By.xpath: //input[@class='inputbox']","status":"passed","stage":"finished","start":1592135249980,"stop":1592135250093,"parameters":[{"name":"condition","value":"visibility of element located by By.xpath: //input[@class='inputbox']"},{"name":"timeOutInSeconds","value":"null"}]}],"parameters":[{"name":"locator","value":"By.xpath: //input[@class='inputbox']"},{"name":"timeOutInSeconds","value":"[]"}]},{"name":"Look up element by locator","status":"passed","stage":"finished","start":1592135250094,"stop":1592135250150,"parameters":[{"name":"locator","value":"By.xpath: //input[@class='inputbox']"}]}],"parameters":[{"name":"text","value":"1261223429775"},{"name":"locator","value":"By.xpath: //input[@class='inputbox']"}]}]},{"name":"clickSubmitButton","status":"passed","stage":"finished","start":1592135250288,"stop":1592135250852,"steps":[{"name":"Click on element by locator By.xpath: //input[@type='submit']","status":"passed","stage":"finished","start":1592135250289,"stop":1592135250852,"steps":[{"name":"Wait For Visibility Of By.xpath: //input[@type='submit'] for [5]","status":"passed","stage":"finished","start":1592135250289,"stop":1592135250340,"steps":[{"name":"Explicit wait by condition visibility of element located by By.xpath: //input[@type='submit']","status":"passed","stage":"finished","start":1592135250290,"stop":1592135250340,"parameters":[{"name":"condition","value":"visibility of element located by By.xpath: //input[@type='submit']"},{"name":"timeOutInSeconds","value":"5"}]}],"parameters":[{"name":"locator","value":"By.xpath: //input[@type='submit']"},{"name":"timeOutInSeconds","value":"[5]"}]},{"name":"Look up element by locator","status":"passed","stage":"finished","start":1592135250341,"stop":1592135250382,"parameters":[{"name":"locator","value":"By.xpath: //input[@type='submit']"}]}],"parameters":[{"name":"locator","value":"By.xpath: //input[@type='submit']"}]}]},{"name":"getQuantityOfChecks","status":"broken","statusDetails":{"known":false,"muted":false,"flaky":false,"message":"unexpected alert open: {Alert text : Invalid Control Number}\n  (Session info: chrome=83.0.4103.97): Invalid Control Number\nBuild info: version: '3.141.59', revision: 'e82be7d358', time: '2018-11-14T08:17:03'\nSystem info: host: 'DESKTOP-8H0MF42', ip: '192.168.100.42', os.name: 'Windows 10', os.arch: 'amd64', os.version: '10.0', java.version: '1.8.0_221'\nDriver info: org.openqa.selenium.remote.RemoteWebDriver\nCapabilities {acceptInsecureCerts: false, browserName: chrome, browserVersion: 83.0.4103.97, chrome: {chromedriverVersion: 83.0.4103.39 (ccbf011cb2d2b..., userDataDir: C:\\Users\\ALEKSA~1\\AppData\\L...}, goog:chromeOptions: {debuggerAddress: localhost:51987}, javascriptEnabled: true, networkConnectionEnabled: false, pageLoadStrategy: normal, platform: WINDOWS, platformName: WINDOWS, proxy: Proxy(), setWindowRect: true, strictFileInteractability: false, timeouts: {implicit: 0, pageLoad: 300000, script: 30000}, unhandledPromptBehavior: dismiss and notify, webauthn:virtualAuthenticators: true, webdriver.remote.sessionid: be053101f538158c887e05d1ed3...}\nSession ID: be053101f538158c887e05d1ed3c4706\n*** Element info: {Using=xpath, value=//span[@class='values-tested']}","trace":"org.openqa.selenium.UnhandledAlertException: unexpected alert open: {Alert text : Invalid Control Number}\n  (Session info: chrome=83.0.4103.97): Invalid Control Number\nBuild info: version: '3.141.59', revision: 'e82be7d358', time: '2018-11-14T08:17:03'\nSystem info: host: 'DESKTOP-8H0MF42', ip: '192.168.100.42', os.name: 'Windows 10', os.arch: 'amd64', os.version: '10.0', java.version: '1.8.0_221'\nDriver info: org.openqa.selenium.remote.RemoteWebDriver\nCapabilities {acceptInsecureCerts: false, browserName: chrome, browserVersion: 83.0.4103.97, chrome: {chromedriverVersion: 83.0.4103.39 (ccbf011cb2d2b..., userDataDir: C:\\Users\\ALEKSA~1\\AppData\\L...}, goog:chromeOptions: {debuggerAddress: localhost:51987}, javascriptEnabled: true, networkConnectionEnabled: false, pageLoadStrategy: normal, platform: WINDOWS, platformName: WINDOWS, proxy: Proxy(), setWindowRect: true, strictFileInteractability: false, timeouts: {implicit: 0, pageLoad: 300000, script: 30000}, unhandledPromptBehavior: dismiss and notify, webauthn:virtualAuthenticators: true, webdriver.remote.sessionid: be053101f538158c887e05d1ed3...}\nSession ID: be053101f538158c887e05d1ed3c4706\n*** Element info: {Using=xpath, value=//span[@class='values-tested']}\r\n\tat org.openqa.selenium.remote.http.W3CHttpResponseCodec.decode(W3CHttpResponseCodec.java:120)\r\n\tat org.openqa.selenium.remote.http.W3CHttpResponseCodec.decode(W3CHttpResponseCodec.java:49)\r\n\tat org.openqa.selenium.remote.HttpCommandExecutor.execute(HttpCommandExecutor.java:158)\r\n\tat org.openqa.selenium.remote.RemoteWebDriver.execute(RemoteWebDriver.java:552)\r\n\tat org.openqa.selenium.remote.RemoteWebDriver.findElement(RemoteWebDriver.java:323)\r\n\tat org.openqa.selenium.remote.RemoteWebDriver.findElementByXPath(RemoteWebDriver.java:428)\r\n\tat org.openqa.selenium.By$ByXPath.findElement(By.java:353)\r\n\tat org.openqa.selenium.remote.RemoteWebDriver.findElement(RemoteWebDriver.java:315)\r\n\tat org.openqa.selenium.support.ui.ExpectedConditions$7.apply(ExpectedConditions.java:205)\r\n\tat org.openqa.selenium.support.ui.ExpectedConditions$7.apply(ExpectedConditions.java:201)\r\n\tat org.openqa.selenium.support.ui.FluentWait.until(FluentWait.java:249)\r\n\tat org.thetestingmap.testingchallenges.pages.BasePage.find_aroundBody2(BasePage.java:41)\r\n\tat org.thetestingmap.testingchallenges.pages.BasePage$AjcClosure3.run(BasePage.java:1)\r\n\tat org.aspectj.runtime.reflect.JoinPointImpl.proceed(JoinPointImpl.java:149)\r\n\tat io.qameta.allure.aspects.StepsAspects.step(StepsAspects.java:51)\r\n\tat org.thetestingmap.testingchallenges.pages.BasePage.find(BasePage.java:39)\r\n\tat org.thetestingmap.testingchallenges.pages.Challenge4Page.getQuantityOfChecks_aroundBody6(Challenge4Page.java:141)\r\n\tat org.thetestingmap.testingchallenges.pages.Challenge4Page$AjcClosure7.run(Challenge4Page.java:1)\r\n\tat org.aspectj.runtime.reflect.JoinPointImpl.proceed(JoinPointImpl.java:149)\r\n\tat io.qameta.allure.aspects.StepsAspects.step(StepsAspects.java:51)\r\n\tat org.thetestingmap.testingchallenges.pages.Challenge4Page.getQuantityOfChecks(Challenge4Page.java:141)\r\n\tat org.thetestingmap.testingchallenges.challenge_4.GenerateTestingData.checkingHiddenPageTest(GenerateTestingData.java:27)\r\n\tat sun.reflect.NativeMethodAccessorImpl.invoke0(Native Method)\r\n\tat sun.reflect.NativeMethodAccessorImpl.invoke(NativeMethodAccessorImpl.java:62)\r\n\tat sun.reflect.DelegatingMethodAccessorImpl.invoke(DelegatingMethodAccessorImpl.java:43)\r\n\tat java.lang.reflect.Method.invoke(Method.java:498)\r\n\tat org.testng.internal.MethodInvocationHelper.invokeMethod(MethodInvocationHelper.java:133)\r\n\tat org.testng.internal.TestInvoker.invokeMethod(TestInvoker.java:584)\r\n\tat org.testng.internal.TestInvoker.invokeTestMethod(TestInvoker.java:172)\r\n\tat org.testng.internal.MethodRunner.runInSequence(MethodRunner.java:46)\r\n\tat org.testng.internal.TestInvoker$MethodInvocationAgent.invoke(TestInvoker.java:804)\r\n\tat org.testng.internal.TestInvoker.invokeTestMethods(TestInvoker.java:145)\r\n\tat org.testng.internal.TestMethodWorker.invokeTestMethods(TestMethodWorker.java:146)\r\n\tat org.testng.internal.TestMethodWorker.run(TestMethodWorker.java:128)\r\n\tat java.util.ArrayList.forEach(ArrayList.java:1257)\r\n\tat org.testng.TestRunner.privateRun(TestRunner.java:770)\r\n\tat org.testng.TestRunner.run(TestRunner.java:591)\r\n\tat org.testng.SuiteRunner.runTest(SuiteRunner.java:402)\r\n\tat org.testng.SuiteRunner.access$000(SuiteRunner.java:41)\r\n\tat org.testng.SuiteRunner$SuiteWorker.run(SuiteRunner.java:443)\r\n\tat org.testng.internal.thread.ThreadUtil.lambda$execute$0(ThreadUtil.java:67)\r\n\tat java.util.concurrent.FutureTask.run(FutureTask.java:266)\r\n\tat java.util.concurrent.ThreadPoolExecutor.runWorker(ThreadPoolExecutor.java:1149)\r\n\tat java.util.concurrent.ThreadPoolExecutor$Worker.run(ThreadPoolExecutor.java:624)\r\n\tat java.lang.Thread.run(Thread.java:748)\r\n"},"stage":"finished","start":1592135250852,"stop":1592135250873,"steps":[{"name":"Look up element by locator","status":"broken","statusDetails":{"known":false,"muted":false,"flaky":false,"message":"unexpected alert open: {Alert text : Invalid Control Number}\n  (Session info: chrome=83.0.4103.97): Invalid Control Number\nBuild info: version: '3.141.59', revision: 'e82be7d358', time: '2018-11-14T08:17:03'\nSystem info: host: 'DESKTOP-8H0MF42', ip: '192.168.100.42', os.name: 'Windows 10', os.arch: 'amd64', os.version: '10.0', java.version: '1.8.0_221'\nDriver info: org.openqa.selenium.remote.RemoteWebDriver\nCapabilities {acceptInsecureCerts: false, browserName: chrome, browserVersion: 83.0.4103.97, chrome: {chromedriverVersion: 83.0.4103.39 (ccbf011cb2d2b..., userDataDir: C:\\Users\\ALEKSA~1\\AppData\\L...}, goog:chromeOptions: {debuggerAddress: localhost:51987}, javascriptEnabled: true, networkConnectionEnabled: false, pageLoadStrategy: normal, platform: WINDOWS, platformName: WINDOWS, proxy: Proxy(), setWindowRect: true, strictFileInteractability: false, timeouts: {implicit: 0, pageLoad: 300000, script: 30000}, unhandledPromptBehavior: dismiss and notify, webauthn:virtualAuthenticators: true, webdriver.remote.sessionid: be053101f538158c887e05d1ed3...}\nSession ID: be053101f538158c887e05d1ed3c4706\n*** Element info: {Using=xpath, value=//span[@class='values-tested']}","trace":"org.openqa.selenium.UnhandledAlertException: unexpected alert open: {Alert text : Invalid Control Number}\n  (Session info: chrome=83.0.4103.97): Invalid Control Number\nBuild info: version: '3.141.59', revision: 'e82be7d358', time: '2018-11-14T08:17:03'\nSystem info: host: 'DESKTOP-8H0MF42', ip: '192.168.100.42', os.name: 'Windows 10', os.arch: 'amd64', os.version: '10.0', java.version: '1.8.0_221'\nDriver info: org.openqa.selenium.remote.RemoteWebDriver\nCapabilities {acceptInsecureCerts: false, browserName: chrome, browserVersion: 83.0.4103.97, chrome: {chromedriverVersion: 83.0.4103.39 (ccbf011cb2d2b..., userDataDir: C:\\Users\\ALEKSA~1\\AppData\\L...}, goog:chromeOptions: {debuggerAddress: localhost:51987}, javascriptEnabled: true, networkConnectionEnabled: false, pageLoadStrategy: normal, platform: WINDOWS, platformName: WINDOWS, proxy: Proxy(), setWindowRect: true, strictFileInteractability: false, timeouts: {implicit: 0, pageLoad: 300000, script: 30000}, unhandledPromptBehavior: dismiss and notify, webauthn:virtualAuthenticators: true, webdriver.remote.sessionid: be053101f538158c887e05d1ed3...}\nSession ID: be053101f538158c887e05d1ed3c4706\n*** Element info: {Using=xpath, value=//span[@class='values-tested']}\r\n\tat org.openqa.selenium.remote.http.W3CHttpResponseCodec.decode(W3CHttpResponseCodec.java:120)\r\n\tat org.openqa.selenium.remote.http.W3CHttpResponseCodec.decode(W3CHttpResponseCodec.java:49)\r\n\tat org.openqa.selenium.remote.HttpCommandExecutor.execute(HttpCommandExecutor.java:158)\r\n\tat org.openqa.selenium.remote.RemoteWebDriver.execute(RemoteWebDriver.java:552)\r\n\tat org.openqa.selenium.remote.RemoteWebDriver.findElement(RemoteWebDriver.java:323)\r\n\tat org.openqa.selenium.remote.RemoteWebDriver.findElementByXPath(RemoteWebDriver.java:428)\r\n\tat org.openqa.selenium.By$ByXPath.findElement(By.java:353)\r\n\tat org.openqa.selenium.remote.RemoteWebDriver.findElement(RemoteWebDriver.java:315)\r\n\tat org.openqa.selenium.support.ui.ExpectedConditions$7.apply(ExpectedConditions.java:205)\r\n\tat org.openqa.selenium.support.ui.ExpectedConditions$7.apply(ExpectedConditions.java:201)\r\n\tat org.openqa.selenium.support.ui.FluentWait.until(FluentWait.java:249)\r\n\tat org.thetestingmap.testingchallenges.pages.BasePage.find_aroundBody2(BasePage.java:41)\r\n\tat org.thetestingmap.testingchallenges.pages.BasePage$AjcClosure3.run(BasePage.java:1)\r\n\tat org.aspectj.runtime.reflect.JoinPointImpl.proceed(JoinPointImpl.java:149)\r\n\tat io.qameta.allure.aspects.StepsAspects.step(StepsAspects.java:51)\r\n\tat org.thetestingmap.testingchallenges.pages.BasePage.find(BasePage.java:39)\r\n\tat org.thetestingmap.testingchallenges.pages.Challenge4Page.getQuantityOfChecks_aroundBody6(Challenge4Page.java:141)\r\n\tat org.thetestingmap.testingchallenges.pages.Challenge4Page$AjcClosure7.run(Challenge4Page.java:1)\r\n\tat org.aspectj.runtime.reflect.JoinPointImpl.proceed(JoinPointImpl.java:149)\r\n\tat io.qameta.allure.aspects.StepsAspects.step(StepsAspects.java:51)\r\n\tat org.thetestingmap.testingchallenges.pages.Challenge4Page.getQuantityOfChecks(Challenge4Page.java:141)\r\n\tat org.thetestingmap.testingchallenges.challenge_4.GenerateTestingData.checkingHiddenPageTest(GenerateTestingData.java:27)\r\n\tat sun.reflect.NativeMethodAccessorImpl.invoke0(Native Method)\r\n\tat sun.reflect.NativeMethodAccessorImpl.invoke(NativeMethodAccessorImpl.java:62)\r\n\tat sun.reflect.DelegatingMethodAccessorImpl.invoke(DelegatingMethodAccessorImpl.java:43)\r\n\tat java.lang.reflect.Method.invoke(Method.java:498)\r\n\tat org.testng.internal.MethodInvocationHelper.invokeMethod(MethodInvocationHelper.java:133)\r\n\tat org.testng.internal.TestInvoker.invokeMethod(TestInvoker.java:584)\r\n\tat org.testng.internal.TestInvoker.invokeTestMethod(TestInvoker.java:172)\r\n\tat org.testng.internal.MethodRunner.runInSequence(MethodRunner.java:46)\r\n\tat org.testng.internal.TestInvoker$MethodInvocationAgent.invoke(TestInvoker.java:804)\r\n\tat org.testng.internal.TestInvoker.invokeTestMethods(TestInvoker.java:145)\r\n\tat org.testng.internal.TestMethodWorker.invokeTestMethods(TestMethodWorker.java:146)\r\n\tat org.testng.internal.TestMethodWorker.run(TestMethodWorker.java:128)\r\n\tat java.util.ArrayList.forEach(ArrayList.java:1257)\r\n\tat org.testng.TestRunner.privateRun(TestRunner.java:770)\r\n\tat org.testng.TestRunner.run(TestRunner.java:591)\r\n\tat org.testng.SuiteRunner.runTest(SuiteRunner.java:402)\r\n\tat org.testng.SuiteRunner.access$000(SuiteRunner.java:41)\r\n\tat org.testng.SuiteRunner$SuiteWorker.run(SuiteRunner.java:443)\r\n\tat org.testng.internal.thread.ThreadUtil.lambda$execute$0(ThreadUtil.java:67)\r\n\tat java.util.concurrent.FutureTask.run(FutureTask.java:266)\r\n\tat java.util.concurrent.ThreadPoolExecutor.runWorker(ThreadPoolExecutor.java:1149)\r\n\tat java.util.concurrent.ThreadPoolExecutor$Worker.run(ThreadPoolExecutor.java:624)\r\n\tat java.lang.Thread.run(Thread.java:748)\r\n"},"stage":"finished","start":1592135250852,"stop":1592135250873,"parameters":[{"name":"locator","value":"By.xpath: //span[@class='values-tested']"}]}]}],"attachments":[{"name":"Page screenshot","source":"5bf4bdf1-786f-441a-a330-2ff828d7df12-attachment","type":"image/png"},{"name":"Test checkingHiddenPageTest failed and screenshot taken!","source":"a43ae6ca-b508-4641-b70d-6d8397bf2ae3-attachment","type":"text/plain"}],"parameters":[{"name":"browser","value":"chrome"}]}