{"uuid":"bdac015a-9cd3-4641-882b-81a60d8e1866","historyId":"ed8ced5d7c70ad1044ac94697449558c","fullName":"org.thetestingmap.testingchallenges.challenge_4.GenerateTestingData.checkingHiddenPageTest","labels":[{"name":"package","value":"org.thetestingmap.testingchallenges.challenge_4.GenerateTestingData"},{"name":"testClass","value":"org.thetestingmap.testingchallenges.challenge_4.GenerateTestingData"},{"name":"testMethod","value":"checkingHiddenPageTest"},{"name":"parentSuite","value":"LoginSuite"},{"name":"suite","value":"Login-chrome"},{"name":"subSuite","value":"org.thetestingmap.testingchallenges.challenge_4.GenerateTestingData"},{"name":"host","value":"DESKTOP-8H0MF42"},{"name":"thread","value":"9464@DESKTOP-8H0MF42.TestNG-tests-1(13)"},{"name":"story","value":"Checking testing data"},{"name":"severity","value":"normal"}],"links":[],"name":"checkingHiddenPageTest","status":"broken","statusDetails":{"known":false,"muted":false,"flaky":false,"message":"10","trace":"java.lang.ArrayIndexOutOfBoundsException: 10\r\n\tat org.thetestingmap.testingchallenges.pages.Challenge4Page.generateUniqueIdentificationNumber(Challenge4Page.java:100)\r\n\tat org.thetestingmap.testingchallenges.pages.Challenge4Page.enterTestData_aroundBody2(Challenge4Page.java:115)\r\n\tat org.thetestingmap.testingchallenges.pages.Challenge4Page$AjcClosure3.run(Challenge4Page.java:1)\r\n\tat org.aspectj.runtime.reflect.JoinPointImpl.proceed(JoinPointImpl.java:149)\r\n\tat io.qameta.allure.aspects.StepsAspects.step(StepsAspects.java:51)\r\n\tat org.thetestingmap.testingchallenges.pages.Challenge4Page.enterTestData(Challenge4Page.java:115)\r\n\tat org.thetestingmap.testingchallenges.challenge_4.GenerateTestingData.checkingHiddenPageTest(GenerateTestingData.java:22)\r\n\tat sun.reflect.NativeMethodAccessorImpl.invoke0(Native Method)\r\n\tat sun.reflect.NativeMethodAccessorImpl.invoke(NativeMethodAccessorImpl.java:62)\r\n\tat sun.reflect.DelegatingMethodAccessorImpl.invoke(DelegatingMethodAccessorImpl.java:43)\r\n\tat java.lang.reflect.Method.invoke(Method.java:498)\r\n\tat org.testng.internal.MethodInvocationHelper.invokeMethod(MethodInvocationHelper.java:133)\r\n\tat org.testng.internal.TestInvoker.invokeMethod(TestInvoker.java:584)\r\n\tat org.testng.internal.TestInvoker.invokeTestMethod(TestInvoker.java:172)\r\n\tat org.testng.internal.MethodRunner.runInSequence(MethodRunner.java:46)\r\n\tat org.testng.internal.TestInvoker$MethodInvocationAgent.invoke(TestInvoker.java:804)\r\n\tat org.testng.internal.TestInvoker.invokeTestMethods(TestInvoker.java:145)\r\n\tat org.testng.internal.TestMethodWorker.invokeTestMethods(TestMethodWorker.java:146)\r\n\tat org.testng.internal.TestMethodWorker.run(TestMethodWorker.java:128)\r\n\tat java.util.ArrayList.forEach(ArrayList.java:1257)\r\n\tat org.testng.TestRunner.privateRun(TestRunner.java:770)\r\n\tat org.testng.TestRunner.run(TestRunner.java:591)\r\n\tat org.testng.SuiteRunner.runTest(SuiteRunner.java:402)\r\n\tat org.testng.SuiteRunner.access$000(SuiteRunner.java:41)\r\n\tat org.testng.SuiteRunner$SuiteWorker.run(SuiteRunner.java:443)\r\n\tat org.testng.internal.thread.ThreadUtil.lambda$execute$0(ThreadUtil.java:67)\r\n\tat java.util.concurrent.FutureTask.run(FutureTask.java:266)\r\n\tat java.util.concurrent.ThreadPoolExecutor.runWorker(ThreadPoolExecutor.java:1149)\r\n\tat java.util.concurrent.ThreadPoolExecutor$Worker.run(ThreadPoolExecutor.java:624)\r\n\tat java.lang.Thread.run(Thread.java:748)\r\n"},"stage":"finished","description":"Open page and check testing data","start":1592130651138,"stop":1592130652302,"steps":[{"name":"openPage","status":"passed","stage":"finished","start":1592130651254,"stop":1592130651823,"steps":[{"name":"Open page by URL","status":"passed","stage":"finished","start":1592130651258,"stop":1592130651823,"parameters":[{"name":"url","value":"http://testingchallenges.thetestingmap.org/index.php"}]}]},{"name":"enterTestData","status":"broken","statusDetails":{"known":false,"muted":false,"flaky":false,"message":"10","trace":"java.lang.ArrayIndexOutOfBoundsException: 10\r\n\tat org.thetestingmap.testingchallenges.pages.Challenge4Page.generateUniqueIdentificationNumber(Challenge4Page.java:100)\r\n\tat org.thetestingmap.testingchallenges.pages.Challenge4Page.enterTestData_aroundBody2(Challenge4Page.java:115)\r\n\tat org.thetestingmap.testingchallenges.pages.Challenge4Page$AjcClosure3.run(Challenge4Page.java:1)\r\n\tat org.aspectj.runtime.reflect.JoinPointImpl.proceed(JoinPointImpl.java:149)\r\n\tat io.qameta.allure.aspects.StepsAspects.step(StepsAspects.java:51)\r\n\tat org.thetestingmap.testingchallenges.pages.Challenge4Page.enterTestData(Challenge4Page.java:115)\r\n\tat org.thetestingmap.testingchallenges.challenge_4.GenerateTestingData.checkingHiddenPageTest(GenerateTestingData.java:22)\r\n\tat sun.reflect.NativeMethodAccessorImpl.invoke0(Native Method)\r\n\tat sun.reflect.NativeMethodAccessorImpl.invoke(NativeMethodAccessorImpl.java:62)\r\n\tat sun.reflect.DelegatingMethodAccessorImpl.invoke(DelegatingMethodAccessorImpl.java:43)\r\n\tat java.lang.reflect.Method.invoke(Method.java:498)\r\n\tat org.testng.internal.MethodInvocationHelper.invokeMethod(MethodInvocationHelper.java:133)\r\n\tat org.testng.internal.TestInvoker.invokeMethod(TestInvoker.java:584)\r\n\tat org.testng.internal.TestInvoker.invokeTestMethod(TestInvoker.java:172)\r\n\tat org.testng.internal.MethodRunner.runInSequence(MethodRunner.java:46)\r\n\tat org.testng.internal.TestInvoker$MethodInvocationAgent.invoke(TestInvoker.java:804)\r\n\tat org.testng.internal.TestInvoker.invokeTestMethods(TestInvoker.java:145)\r\n\tat org.testng.internal.TestMethodWorker.invokeTestMethods(TestMethodWorker.java:146)\r\n\tat org.testng.internal.TestMethodWorker.run(TestMethodWorker.java:128)\r\n\tat java.util.ArrayList.forEach(ArrayList.java:1257)\r\n\tat org.testng.TestRunner.privateRun(TestRunner.java:770)\r\n\tat org.testng.TestRunner.run(TestRunner.java:591)\r\n\tat org.testng.SuiteRunner.runTest(SuiteRunner.java:402)\r\n\tat org.testng.SuiteRunner.access$000(SuiteRunner.java:41)\r\n\tat org.testng.SuiteRunner$SuiteWorker.run(SuiteRunner.java:443)\r\n\tat org.testng.internal.thread.ThreadUtil.lambda$execute$0(ThreadUtil.java:67)\r\n\tat java.util.concurrent.FutureTask.run(FutureTask.java:266)\r\n\tat java.util.concurrent.ThreadPoolExecutor.runWorker(ThreadPoolExecutor.java:1149)\r\n\tat java.util.concurrent.ThreadPoolExecutor$Worker.run(ThreadPoolExecutor.java:624)\r\n\tat java.lang.Thread.run(Thread.java:748)\r\n"},"stage":"finished","start":1592130651823,"stop":1592130651828}],"attachments":[{"name":"Page screenshot","source":"4c5d15c5-b025-4c8c-85f4-f8670279814a-attachment","type":"image/png"},{"name":"Test checkingHiddenPageTest failed and screenshot taken!","source":"551b5267-0776-479a-95f8-f90782915eec-attachment","type":"text/plain"}],"parameters":[{"name":"browser","value":"chrome"}]}