{"uuid":"d37c4b32-3a4d-44e8-9440-a4c86539546b","historyId":"2c2ad341d427602da7cfb04a224c4771","fullName":"org.thetestingmap.testingchallenges.challenge_1.NegativeFirstNameTest.negativeLogInTest","labels":[{"name":"package","value":"org.thetestingmap.testingchallenges.challenge_1.NegativeFirstNameTest"},{"name":"testClass","value":"org.thetestingmap.testingchallenges.challenge_1.NegativeFirstNameTest"},{"name":"testMethod","value":"negativeLogInTest"},{"name":"parentSuite","value":"LoginSuite"},{"name":"suite","value":"Login-firefox"},{"name":"subSuite","value":"org.thetestingmap.testingchallenges.challenge_1.NegativeFirstNameTest"},{"name":"host","value":"DESKTOP-8H0MF42"},{"name":"thread","value":"18072@DESKTOP-8H0MF42.TestNG-test=Login-firefox-1(15)"}],"links":[],"name":"negativeLogInTest","status":"skipped","statusDetails":{"known":false,"muted":false,"flaky":false,"message":"java.lang.RuntimeException: File src\\test\\resources\\dataproviders\\NegativeFirstNameTest\\negativeLogInTest.csv was not found.\n[Ljava.lang.StackTraceElement;@2430c357","trace":"java.lang.RuntimeException: java.lang.RuntimeException: File src\\test\\resources\\dataproviders\\NegativeFirstNameTest\\negativeLogInTest.csv was not found.\n[Ljava.lang.StackTraceElement;@2430c357\r\n\tat org.testng.internal.MethodInvocationHelper.invokeMethodNoCheckedException(MethodInvocationHelper.java:50)\r\n\tat org.testng.internal.MethodInvocationHelper.invokeDataProvider(MethodInvocationHelper.java:146)\r\n\tat org.testng.internal.Parameters.handleParameters(Parameters.java:820)\r\n\tat org.testng.internal.Parameters.handleParameters(Parameters.java:762)\r\n\tat org.testng.internal.ParameterHandler.handleParameters(ParameterHandler.java:60)\r\n\tat org.testng.internal.ParameterHandler.createParameters(ParameterHandler.java:39)\r\n\tat org.testng.internal.TestInvoker$MethodInvocationAgent.invoke(TestInvoker.java:771)\r\n\tat org.testng.internal.TestInvoker.invokeTestMethods(TestInvoker.java:145)\r\n\tat org.testng.internal.TestMethodWorker.invokeTestMethods(TestMethodWorker.java:146)\r\n\tat org.testng.internal.TestMethodWorker.run(TestMethodWorker.java:128)\r\n\tat java.util.concurrent.ThreadPoolExecutor.runWorker(ThreadPoolExecutor.java:1149)\r\n\tat java.util.concurrent.ThreadPoolExecutor$Worker.run(ThreadPoolExecutor.java:624)\r\n\tat java.lang.Thread.run(Thread.java:748)\r\nCaused by: java.lang.RuntimeException: File src\\test\\resources\\dataproviders\\NegativeFirstNameTest\\negativeLogInTest.csv was not found.\n[Ljava.lang.StackTraceElement;@2430c357\r\n\tat org.thetestingmap.testingchallenges.testEngine.CsvDataProviders.csvReader(CsvDataProviders.java:40)\r\n\tat sun.reflect.NativeMethodAccessorImpl.invoke0(Native Method)\r\n\tat sun.reflect.NativeMethodAccessorImpl.invoke(NativeMethodAccessorImpl.java:62)\r\n\tat sun.reflect.DelegatingMethodAccessorImpl.invoke(DelegatingMethodAccessorImpl.java:43)\r\n\tat java.lang.reflect.Method.invoke(Method.java:498)\r\n\tat org.testng.internal.MethodInvocationHelper.invokeMethod(MethodInvocationHelper.java:133)\r\n\tat org.testng.internal.MethodInvocationHelper.invokeMethod(MethodInvocationHelper.java:77)\r\n\tat org.testng.internal.MethodInvocationHelper.invokeMethodNoCheckedException(MethodInvocationHelper.java:46)\r\n\t... 12 more\r\n"},"stage":"finished","start":1592046308747,"stop":1592046308747,"parameters":[{"name":"browser","value":"firefox"}]}