{"uuid":"d8bd5212-e28f-4481-a929-52847204f55f","historyId":"a3cc4c2e17f3ab86729926747b75257","fullName":"org.thetestingmap.testingchallenges.challenge_1.NegativeFirstNameTest.gettingAdminRootsTest","labels":[{"name":"package","value":"org.thetestingmap.testingchallenges.challenge_1.NegativeFirstNameTest"},{"name":"testClass","value":"org.thetestingmap.testingchallenges.challenge_1.NegativeFirstNameTest"},{"name":"testMethod","value":"gettingAdminRootsTest"},{"name":"parentSuite","value":"LoginSuite"},{"name":"suite","value":"Login-firefox"},{"name":"subSuite","value":"org.thetestingmap.testingchallenges.challenge_1.NegativeFirstNameTest"},{"name":"host","value":"DESKTOP-8H0MF42"},{"name":"thread","value":"18740@DESKTOP-8H0MF42.TestNG-tests-2(14)"},{"name":"story","value":"Checking First User Names"},{"name":"severity","value":"critical"}],"links":[],"name":"gettingAdminRootsTest","status":"broken","statusDetails":{"known":false,"muted":false,"flaky":false,"message":"Argument is of an illegal type: org.openqa.selenium.By$ByXPath","trace":"java.lang.IllegalArgumentException: Argument is of an illegal type: org.openqa.selenium.By$ByXPath\r\n\tat org.openqa.selenium.remote.internal.WebElementToJsonConverter.apply(WebElementToJsonConverter.java:83)\r\n\tat java.util.stream.ReferencePipeline$3$1.accept(ReferencePipeline.java:193)\r\n\tat java.util.Spliterators$ArraySpliterator.forEachRemaining(Spliterators.java:948)\r\n\tat java.util.stream.AbstractPipeline.copyInto(AbstractPipeline.java:482)\r\n\tat java.util.stream.AbstractPipeline.wrapAndCopyInto(AbstractPipeline.java:472)\r\n\tat java.util.stream.ReduceOps$ReduceOp.evaluateSequential(ReduceOps.java:708)\r\n\tat java.util.stream.AbstractPipeline.evaluate(AbstractPipeline.java:234)\r\n\tat java.util.stream.ReferencePipeline.collect(ReferencePipeline.java:499)\r\n\tat org.openqa.selenium.remote.RemoteWebDriver.executeScript(RemoteWebDriver.java:484)\r\n\tat org.thetestingmap.testingchallenges.pages.BasePage.setAttribute(BasePage.java:77)\r\n\tat org.thetestingmap.testingchallenges.pages.Challenge1Page.changeAttributeValue_aroundBody2(Challenge1Page.java:33)\r\n\tat org.thetestingmap.testingchallenges.pages.Challenge1Page$AjcClosure3.run(Challenge1Page.java:1)\r\n\tat org.aspectj.runtime.reflect.JoinPointImpl.proceed(JoinPointImpl.java:149)\r\n\tat io.qameta.allure.aspects.StepsAspects.step(StepsAspects.java:51)\r\n\tat org.thetestingmap.testingchallenges.pages.Challenge1Page.changeAttributeValue(Challenge1Page.java:33)\r\n\tat org.thetestingmap.testingchallenges.challenge_1.NegativeFirstNameTest.gettingAdminRootsTest(NegativeFirstNameTest.java:39)\r\n\tat sun.reflect.NativeMethodAccessorImpl.invoke0(Native Method)\r\n\tat sun.reflect.NativeMethodAccessorImpl.invoke(NativeMethodAccessorImpl.java:62)\r\n\tat sun.reflect.DelegatingMethodAccessorImpl.invoke(DelegatingMethodAccessorImpl.java:43)\r\n\tat java.lang.reflect.Method.invoke(Method.java:498)\r\n\tat org.testng.internal.MethodInvocationHelper.invokeMethod(MethodInvocationHelper.java:133)\r\n\tat org.testng.internal.TestInvoker.invokeMethod(TestInvoker.java:584)\r\n\tat org.testng.internal.TestInvoker.invokeTestMethod(TestInvoker.java:172)\r\n\tat org.testng.internal.MethodRunner.runInSequence(MethodRunner.java:46)\r\n\tat org.testng.internal.TestInvoker$MethodInvocationAgent.invoke(TestInvoker.java:804)\r\n\tat org.testng.internal.TestInvoker.invokeTestMethods(TestInvoker.java:145)\r\n\tat org.testng.internal.TestMethodWorker.invokeTestMethods(TestMethodWorker.java:146)\r\n\tat org.testng.internal.TestMethodWorker.run(TestMethodWorker.java:128)\r\n\tat java.util.ArrayList.forEach(ArrayList.java:1257)\r\n\tat org.testng.TestRunner.privateRun(TestRunner.java:770)\r\n\tat org.testng.TestRunner.run(TestRunner.java:591)\r\n\tat org.testng.SuiteRunner.runTest(SuiteRunner.java:402)\r\n\tat org.testng.SuiteRunner.access$000(SuiteRunner.java:41)\r\n\tat org.testng.SuiteRunner$SuiteWorker.run(SuiteRunner.java:443)\r\n\tat org.testng.internal.thread.ThreadUtil.lambda$execute$0(ThreadUtil.java:67)\r\n\tat java.util.concurrent.FutureTask.run(FutureTask.java:266)\r\n\tat java.util.concurrent.ThreadPoolExecutor.runWorker(ThreadPoolExecutor.java:1149)\r\n\tat java.util.concurrent.ThreadPoolExecutor$Worker.run(ThreadPoolExecutor.java:624)\r\n\tat java.lang.Thread.run(Thread.java:748)\r\n"},"stage":"finished","description":"Getting admin roots","start":1592066609658,"stop":1592066610350,"steps":[{"name":"openPage","status":"passed","stage":"finished","start":1592066609792,"stop":1592066610172,"steps":[{"name":"Open page by URL","status":"passed","stage":"finished","start":1592066609796,"stop":1592066610172,"parameters":[{"name":"url","value":"http://testingchallenges.thetestingmap.org/index.php"}]}]},{"name":"changeAttributeValue","status":"broken","statusDetails":{"known":false,"muted":false,"flaky":false,"message":"Argument is of an illegal type: org.openqa.selenium.By$ByXPath","trace":"java.lang.IllegalArgumentException: Argument is of an illegal type: org.openqa.selenium.By$ByXPath\r\n\tat org.openqa.selenium.remote.internal.WebElementToJsonConverter.apply(WebElementToJsonConverter.java:83)\r\n\tat java.util.stream.ReferencePipeline$3$1.accept(ReferencePipeline.java:193)\r\n\tat java.util.Spliterators$ArraySpliterator.forEachRemaining(Spliterators.java:948)\r\n\tat java.util.stream.AbstractPipeline.copyInto(AbstractPipeline.java:482)\r\n\tat java.util.stream.AbstractPipeline.wrapAndCopyInto(AbstractPipeline.java:472)\r\n\tat java.util.stream.ReduceOps$ReduceOp.evaluateSequential(ReduceOps.java:708)\r\n\tat java.util.stream.AbstractPipeline.evaluate(AbstractPipeline.java:234)\r\n\tat java.util.stream.ReferencePipeline.collect(ReferencePipeline.java:499)\r\n\tat org.openqa.selenium.remote.RemoteWebDriver.executeScript(RemoteWebDriver.java:484)\r\n\tat org.thetestingmap.testingchallenges.pages.BasePage.setAttribute(BasePage.java:77)\r\n\tat org.thetestingmap.testingchallenges.pages.Challenge1Page.changeAttributeValue_aroundBody2(Challenge1Page.java:33)\r\n\tat org.thetestingmap.testingchallenges.pages.Challenge1Page$AjcClosure3.run(Challenge1Page.java:1)\r\n\tat org.aspectj.runtime.reflect.JoinPointImpl.proceed(JoinPointImpl.java:149)\r\n\tat io.qameta.allure.aspects.StepsAspects.step(StepsAspects.java:51)\r\n\tat org.thetestingmap.testingchallenges.pages.Challenge1Page.changeAttributeValue(Challenge1Page.java:33)\r\n\tat org.thetestingmap.testingchallenges.challenge_1.NegativeFirstNameTest.gettingAdminRootsTest(NegativeFirstNameTest.java:39)\r\n\tat sun.reflect.NativeMethodAccessorImpl.invoke0(Native Method)\r\n\tat sun.reflect.NativeMethodAccessorImpl.invoke(NativeMethodAccessorImpl.java:62)\r\n\tat sun.reflect.DelegatingMethodAccessorImpl.invoke(DelegatingMethodAccessorImpl.java:43)\r\n\tat java.lang.reflect.Method.invoke(Method.java:498)\r\n\tat org.testng.internal.MethodInvocationHelper.invokeMethod(MethodInvocationHelper.java:133)\r\n\tat org.testng.internal.TestInvoker.invokeMethod(TestInvoker.java:584)\r\n\tat org.testng.internal.TestInvoker.invokeTestMethod(TestInvoker.java:172)\r\n\tat org.testng.internal.MethodRunner.runInSequence(MethodRunner.java:46)\r\n\tat org.testng.internal.TestInvoker$MethodInvocationAgent.invoke(TestInvoker.java:804)\r\n\tat org.testng.internal.TestInvoker.invokeTestMethods(TestInvoker.java:145)\r\n\tat org.testng.internal.TestMethodWorker.invokeTestMethods(TestMethodWorker.java:146)\r\n\tat org.testng.internal.TestMethodWorker.run(TestMethodWorker.java:128)\r\n\tat java.util.ArrayList.forEach(ArrayList.java:1257)\r\n\tat org.testng.TestRunner.privateRun(TestRunner.java:770)\r\n\tat org.testng.TestRunner.run(TestRunner.java:591)\r\n\tat org.testng.SuiteRunner.runTest(SuiteRunner.java:402)\r\n\tat org.testng.SuiteRunner.access$000(SuiteRunner.java:41)\r\n\tat org.testng.SuiteRunner$SuiteWorker.run(SuiteRunner.java:443)\r\n\tat org.testng.internal.thread.ThreadUtil.lambda$execute$0(ThreadUtil.java:67)\r\n\tat java.util.concurrent.FutureTask.run(FutureTask.java:266)\r\n\tat java.util.concurrent.ThreadPoolExecutor.runWorker(ThreadPoolExecutor.java:1149)\r\n\tat java.util.concurrent.ThreadPoolExecutor$Worker.run(ThreadPoolExecutor.java:624)\r\n\tat java.lang.Thread.run(Thread.java:748)\r\n"},"stage":"finished","start":1592066610172,"stop":1592066610175}],"attachments":[{"name":"Page screenshot","source":"dab65642-f7da-4294-9a81-ed02639db52b-attachment","type":"image/png"},{"name":"Test gettingAdminRootsTest failed and screenshot taken!","source":"b4348713-063b-4904-aa39-a989e74f6b65-attachment","type":"text/plain"}],"parameters":[{"name":"browser","value":"firefox"}]}