{"uuid":"ee246ba6-c994-49ea-acaf-6b09d7541d43","historyId":"ed8ced5d7c70ad1044ac94697449558c","fullName":"org.thetestingmap.testingchallenges.challenge_4.GenerateTestingData.checkingHiddenPageTest","labels":[{"name":"package","value":"org.thetestingmap.testingchallenges.challenge_4.GenerateTestingData"},{"name":"testClass","value":"org.thetestingmap.testingchallenges.challenge_4.GenerateTestingData"},{"name":"testMethod","value":"checkingHiddenPageTest"},{"name":"parentSuite","value":"LoginSuite"},{"name":"suite","value":"Login-chrome"},{"name":"subSuite","value":"org.thetestingmap.testingchallenges.challenge_4.GenerateTestingData"},{"name":"host","value":"DESKTOP-8H0MF42"},{"name":"thread","value":"2584@DESKTOP-8H0MF42.TestNG-tests-1(13)"},{"name":"story","value":"Checking testing data"},{"name":"severity","value":"normal"}],"links":[],"name":"checkingHiddenPageTest","status":"broken","statusDetails":{"known":false,"muted":false,"flaky":false,"message":"12","trace":"java.lang.ArrayIndexOutOfBoundsException: 12\r\n\tat org.thetestingmap.testingchallenges.pages.Challenge4Page.generateUniqueIdentificationNumber(Challenge4Page.java:101)\r\n\tat org.thetestingmap.testingchallenges.pages.Challenge4Page.enterTestData_aroundBody2(Challenge4Page.java:124)\r\n\tat org.thetestingmap.testingchallenges.pages.Challenge4Page$AjcClosure3.run(Challenge4Page.java:1)\r\n\tat org.aspectj.runtime.reflect.JoinPointImpl.proceed(JoinPointImpl.java:149)\r\n\tat io.qameta.allure.aspects.StepsAspects.step(StepsAspects.java:51)\r\n\tat org.thetestingmap.testingchallenges.pages.Challenge4Page.enterTestData(Challenge4Page.java:124)\r\n\tat org.thetestingmap.testingchallenges.challenge_4.GenerateTestingData.checkingHiddenPageTest(GenerateTestingData.java:22)\r\n\tat sun.reflect.NativeMethodAccessorImpl.invoke0(Native Method)\r\n\tat sun.reflect.NativeMethodAccessorImpl.invoke(NativeMethodAccessorImpl.java:62)\r\n\tat sun.reflect.DelegatingMethodAccessorImpl.invoke(DelegatingMethodAccessorImpl.java:43)\r\n\tat java.lang.reflect.Method.invoke(Method.java:498)\r\n\tat org.testng.internal.MethodInvocationHelper.invokeMethod(MethodInvocationHelper.java:133)\r\n\tat org.testng.internal.TestInvoker.invokeMethod(TestInvoker.java:584)\r\n\tat org.testng.internal.TestInvoker.invokeTestMethod(TestInvoker.java:172)\r\n\tat org.testng.internal.MethodRunner.runInSequence(MethodRunner.java:46)\r\n\tat org.testng.internal.TestInvoker$MethodInvocationAgent.invoke(TestInvoker.java:804)\r\n\tat org.testng.internal.TestInvoker.invokeTestMethods(TestInvoker.java:145)\r\n\tat org.testng.internal.TestMethodWorker.invokeTestMethods(TestMethodWorker.java:146)\r\n\tat org.testng.internal.TestMethodWorker.run(TestMethodWorker.java:128)\r\n\tat java.util.ArrayList.forEach(ArrayList.java:1257)\r\n\tat org.testng.TestRunner.privateRun(TestRunner.java:770)\r\n\tat org.testng.TestRunner.run(TestRunner.java:591)\r\n\tat org.testng.SuiteRunner.runTest(SuiteRunner.java:402)\r\n\tat org.testng.SuiteRunner.access$000(SuiteRunner.java:41)\r\n\tat org.testng.SuiteRunner$SuiteWorker.run(SuiteRunner.java:443)\r\n\tat org.testng.internal.thread.ThreadUtil.lambda$execute$0(ThreadUtil.java:67)\r\n\tat java.util.concurrent.FutureTask.run(FutureTask.java:266)\r\n\tat java.util.concurrent.ThreadPoolExecutor.runWorker(ThreadPoolExecutor.java:1149)\r\n\tat java.util.concurrent.ThreadPoolExecutor$Worker.run(ThreadPoolExecutor.java:624)\r\n\tat java.lang.Thread.run(Thread.java:748)\r\n"},"stage":"finished","description":"Open page and check testing data","start":1592131850100,"stop":1592131851041,"steps":[{"name":"openPage","status":"passed","stage":"finished","start":1592131850209,"stop":1592131850584,"steps":[{"name":"Open page by URL","status":"passed","stage":"finished","start":1592131850213,"stop":1592131850584,"parameters":[{"name":"url","value":"http://testingchallenges.thetestingmap.org/challenge4.php"}]}]},{"name":"enterTestData","status":"broken","statusDetails":{"known":false,"muted":false,"flaky":false,"message":"12","trace":"java.lang.ArrayIndexOutOfBoundsException: 12\r\n\tat org.thetestingmap.testingchallenges.pages.Challenge4Page.generateUniqueIdentificationNumber(Challenge4Page.java:101)\r\n\tat org.thetestingmap.testingchallenges.pages.Challenge4Page.enterTestData_aroundBody2(Challenge4Page.java:124)\r\n\tat org.thetestingmap.testingchallenges.pages.Challenge4Page$AjcClosure3.run(Challenge4Page.java:1)\r\n\tat org.aspectj.runtime.reflect.JoinPointImpl.proceed(JoinPointImpl.java:149)\r\n\tat io.qameta.allure.aspects.StepsAspects.step(StepsAspects.java:51)\r\n\tat org.thetestingmap.testingchallenges.pages.Challenge4Page.enterTestData(Challenge4Page.java:124)\r\n\tat org.thetestingmap.testingchallenges.challenge_4.GenerateTestingData.checkingHiddenPageTest(GenerateTestingData.java:22)\r\n\tat sun.reflect.NativeMethodAccessorImpl.invoke0(Native Method)\r\n\tat sun.reflect.NativeMethodAccessorImpl.invoke(NativeMethodAccessorImpl.java:62)\r\n\tat sun.reflect.DelegatingMethodAccessorImpl.invoke(DelegatingMethodAccessorImpl.java:43)\r\n\tat java.lang.reflect.Method.invoke(Method.java:498)\r\n\tat org.testng.internal.MethodInvocationHelper.invokeMethod(MethodInvocationHelper.java:133)\r\n\tat org.testng.internal.TestInvoker.invokeMethod(TestInvoker.java:584)\r\n\tat org.testng.internal.TestInvoker.invokeTestMethod(TestInvoker.java:172)\r\n\tat org.testng.internal.MethodRunner.runInSequence(MethodRunner.java:46)\r\n\tat org.testng.internal.TestInvoker$MethodInvocationAgent.invoke(TestInvoker.java:804)\r\n\tat org.testng.internal.TestInvoker.invokeTestMethods(TestInvoker.java:145)\r\n\tat org.testng.internal.TestMethodWorker.invokeTestMethods(TestMethodWorker.java:146)\r\n\tat org.testng.internal.TestMethodWorker.run(TestMethodWorker.java:128)\r\n\tat java.util.ArrayList.forEach(ArrayList.java:1257)\r\n\tat org.testng.TestRunner.privateRun(TestRunner.java:770)\r\n\tat org.testng.TestRunner.run(TestRunner.java:591)\r\n\tat org.testng.SuiteRunner.runTest(SuiteRunner.java:402)\r\n\tat org.testng.SuiteRunner.access$000(SuiteRunner.java:41)\r\n\tat org.testng.SuiteRunner$SuiteWorker.run(SuiteRunner.java:443)\r\n\tat org.testng.internal.thread.ThreadUtil.lambda$execute$0(ThreadUtil.java:67)\r\n\tat java.util.concurrent.FutureTask.run(FutureTask.java:266)\r\n\tat java.util.concurrent.ThreadPoolExecutor.runWorker(ThreadPoolExecutor.java:1149)\r\n\tat java.util.concurrent.ThreadPoolExecutor$Worker.run(ThreadPoolExecutor.java:624)\r\n\tat java.lang.Thread.run(Thread.java:748)\r\n"},"stage":"finished","start":1592131850584,"stop":1592131850586}],"attachments":[{"name":"Page screenshot","source":"5f322c48-5f04-447e-b92d-0c4cfe937710-attachment","type":"image/png"},{"name":"Test checkingHiddenPageTest failed and screenshot taken!","source":"3e4a2e58-ac53-4a30-a5c8-5c19cba6d12a-attachment","type":"text/plain"}],"parameters":[{"name":"browser","value":"chrome"}]}