<?xml version="1.0" encoding="UTF-8"?>
<testsuite xmlns:xsi="http://www.w3.org/2001/XMLSchema-instance" xsi:noNamespaceSchemaLocation="https://maven.apache.org/surefire/maven-surefire-plugin/xsd/surefire-test-report.xsd" name="TestSuite" time="179.253" tests="46" errors="0" skipped="0" failures="2">
  <properties>
    <property name="sun.desktop" value="windows"/>
    <property name="awt.toolkit" value="sun.awt.windows.WToolkit"/>
    <property name="file.encoding.pkg" value="sun.io"/>
    <property name="java.specification.version" value="1.8"/>
    <property name="sun.cpu.isalist" value="amd64"/>
    <property name="sun.jnu.encoding" value="Cp1251"/>
    <property name="java.class.path" value="C:\Users\Aleksandr\.m2\repository\org\apache\maven\surefire\surefire-booter\2.20.1\surefire-booter-2.20.1.jar;C:\Users\Aleksandr\.m2\repository\org\apache\maven\surefire\surefire-api\2.20.1\surefire-api-2.20.1.jar;C:\Users\Aleksandr\.m2\repository\org\apache\maven\surefire\surefire-logger-api\2.20.1\surefire-logger-api-2.20.1.jar;C:\AND\testIssue\target\test-classes;C:\AND\testIssue\target\classes;C:\Users\Aleksandr\.m2\repository\org\seleniumhq\selenium\selenium-java\3.141.59\selenium-java-3.141.59.jar;C:\Users\Aleksandr\.m2\repository\org\seleniumhq\selenium\selenium-api\3.141.59\selenium-api-3.141.59.jar;C:\Users\Aleksandr\.m2\repository\org\seleniumhq\selenium\selenium-chrome-driver\3.141.59\selenium-chrome-driver-3.141.59.jar;C:\Users\Aleksandr\.m2\repository\org\seleniumhq\selenium\selenium-edge-driver\3.141.59\selenium-edge-driver-3.141.59.jar;C:\Users\Aleksandr\.m2\repository\org\seleniumhq\selenium\selenium-firefox-driver\3.141.59\selenium-firefox-driver-3.141.59.jar;C:\Users\Aleksandr\.m2\repository\org\seleniumhq\selenium\selenium-ie-driver\3.141.59\selenium-ie-driver-3.141.59.jar;C:\Users\Aleksandr\.m2\repository\org\seleniumhq\selenium\selenium-opera-driver\3.141.59\selenium-opera-driver-3.141.59.jar;C:\Users\Aleksandr\.m2\repository\org\seleniumhq\selenium\selenium-remote-driver\3.141.59\selenium-remote-driver-3.141.59.jar;C:\Users\Aleksandr\.m2\repository\org\seleniumhq\selenium\selenium-safari-driver\3.141.59\selenium-safari-driver-3.141.59.jar;C:\Users\Aleksandr\.m2\repository\org\seleniumhq\selenium\selenium-support\3.141.59\selenium-support-3.141.59.jar;C:\Users\Aleksandr\.m2\repository\net\bytebuddy\byte-buddy\1.8.15\byte-buddy-1.8.15.jar;C:\Users\Aleksandr\.m2\repository\org\apache\commons\commons-exec\1.3\commons-exec-1.3.jar;C:\Users\Aleksandr\.m2\repository\com\google\guava\guava\25.0-jre\guava-25.0-jre.jar;C:\Users\Aleksandr\.m2\repository\com\google\code\findbugs\jsr305\1.3.9\jsr305-1.3.9.jar;C:\Users\Aleksandr\.m2\repository\org\checkerframework\checker-compat-qual\2.0.0\checker-compat-qual-2.0.0.jar;C:\Users\Aleksandr\.m2\repository\com\google\errorprone\error_prone_annotations\2.1.3\error_prone_annotations-2.1.3.jar;C:\Users\Aleksandr\.m2\repository\com\google\j2objc\j2objc-annotations\1.1\j2objc-annotations-1.1.jar;C:\Users\Aleksandr\.m2\repository\org\codehaus\mojo\animal-sniffer-annotations\1.14\animal-sniffer-annotations-1.14.jar;C:\Users\Aleksandr\.m2\repository\com\squareup\okhttp3\okhttp\3.11.0\okhttp-3.11.0.jar;C:\Users\Aleksandr\.m2\repository\com\squareup\okio\okio\1.14.0\okio-1.14.0.jar;C:\Users\Aleksandr\.m2\repository\org\testng\testng\7.0.0\testng-7.0.0.jar;C:\Users\Aleksandr\.m2\repository\com\beust\jcommander\1.72\jcommander-1.72.jar;C:\Users\Aleksandr\.m2\repository\org\apache\logging\log4j\log4j-api\2.13.0\log4j-api-2.13.0.jar;C:\Users\Aleksandr\.m2\repository\org\apache\logging\log4j\log4j-core\2.13.0\log4j-core-2.13.0.jar;C:\Users\Aleksandr\.m2\repository\org\projectlombok\lombok\1.16.14\lombok-1.16.14.jar;C:\Users\Aleksandr\.m2\repository\com\opencsv\opencsv\5.0\opencsv-5.0.jar;C:\Users\Aleksandr\.m2\repository\org\apache\commons\commons-lang3\3.9\commons-lang3-3.9.jar;C:\Users\Aleksandr\.m2\repository\org\apache\commons\commons-text\1.7\commons-text-1.7.jar;C:\Users\Aleksandr\.m2\repository\commons-beanutils\commons-beanutils\1.9.4\commons-beanutils-1.9.4.jar;C:\Users\Aleksandr\.m2\repository\commons-logging\commons-logging\1.2\commons-logging-1.2.jar;C:\Users\Aleksandr\.m2\repository\commons-collections\commons-collections\3.2.2\commons-collections-3.2.2.jar;C:\Users\Aleksandr\.m2\repository\org\apache\commons\commons-collections4\4.4\commons-collections4-4.4.jar;C:\Users\Aleksandr\.m2\repository\commons-io\commons-io\2.6\commons-io-2.6.jar;C:\Users\Aleksandr\.m2\repository\org\slf4j\slf4j-simple\1.6.1\slf4j-simple-1.6.1.jar;C:\Users\Aleksandr\.m2\repository\org\slf4j\slf4j-api\1.6.1\slf4j-api-1.6.1.jar;C:\Users\Aleksandr\.m2\repository\io\qameta\allure\allure-testng\2.6.0\allure-testng-2.6.0.jar;C:\Users\Aleksandr\.m2\repository\io\qameta\allure\allure-descriptions-javadoc\2.6.0\allure-descriptions-javadoc-2.6.0.jar;C:\Users\Aleksandr\.m2\repository\io\qameta\allure\allure-java-commons\2.6.0\allure-java-commons-2.6.0.jar;C:\Users\Aleksandr\.m2\repository\io\qameta\allure\allure2-model-api\1.0-BETA6\allure2-model-api-1.0-BETA6.jar;C:\Users\Aleksandr\.m2\repository\io\qameta\allure\allure2-model-pojo\1.0-BETA6\allure2-model-pojo-1.0-BETA6.jar;C:\Users\Aleksandr\.m2\repository\org\apache\tika\tika-core\1.14\tika-core-1.14.jar;C:\Users\Aleksandr\.m2\repository\io\qameta\allure\allure2-model-jackson\1.0-BETA6\allure2-model-jackson-1.0-BETA6.jar;C:\Users\Aleksandr\.m2\repository\com\fasterxml\jackson\core\jackson-databind\2.7.0\jackson-databind-2.7.0.jar;C:\Users\Aleksandr\.m2\repository\com\fasterxml\jackson\core\jackson-annotations\2.7.0\jackson-annotations-2.7.0.jar;C:\Users\Aleksandr\.m2\repository\com\fasterxml\jackson\core\jackson-core\2.7.0\jackson-core-2.7.0.jar;C:\Users\Aleksandr\.m2\repository\com\fasterxml\jackson\module\jackson-module-jaxb-annotations\2.7.0\jackson-module-jaxb-annotations-2.7.0.jar;C:\Users\Aleksandr\.m2\repository\org\aspectj\aspectjrt\1.8.10\aspectjrt-1.8.10.jar;C:\Users\Aleksandr\.m2\repository\org\jooq\joor\0.9.6\joor-0.9.6.jar;C:\Users\Aleksandr\.m2\repository\org\apache\maven\surefire\surefire-testng-utils\2.20.1\surefire-testng-utils-2.20.1.jar;C:\Users\Aleksandr\.m2\repository\org\apache\maven\surefire\surefire-grouper\2.20.1\surefire-grouper-2.20.1.jar;C:\Users\Aleksandr\.m2\repository\org\apache\maven\surefire\surefire-testng\2.20.1\surefire-testng-2.20.1.jar;C:\Users\Aleksandr\.m2\repository\org\apache\maven\surefire\common-java5\2.20.1\common-java5-2.20.1.jar;C:\Users\Aleksandr\.m2\repository/org/aspectj/aspectjweaver/1.8.10/aspectjweaver-1.8.10.jar"/>
    <property name="java.vm.vendor" value="Oracle Corporation"/>
    <property name="sun.arch.data.model" value="64"/>
    <property name="user.variant" value=""/>
    <property name="java.vendor.url" value="http://java.oracle.com/"/>
    <property name="user.timezone" value=""/>
    <property name="java.vm.specification.version" value="1.8"/>
    <property name="os.name" value="Windows 10"/>
    <property name="user.country" value="US"/>
    <property name="sun.java.launcher" value="SUN_STANDARD"/>
    <property name="sun.boot.library.path" value="C:\Program Files\Java\jdk1.8.0_221\jre\bin"/>
    <property name="sun.java.command" value="org.apache.maven.surefire.booter.ForkedBooter C:\Users\Aleksandr\AppData\Local\Temp\surefire1297581842718401713 2020-06-14T18-35-49_216-jvmRun1 surefire3262803135673071840tmp surefire_02915573630933574457tmp"/>
    <property name="surefire.test.class.path" value="C:\AND\testIssue\target\test-classes;C:\AND\testIssue\target\classes;C:\Users\Aleksandr\.m2\repository\org\seleniumhq\selenium\selenium-java\3.141.59\selenium-java-3.141.59.jar;C:\Users\Aleksandr\.m2\repository\org\seleniumhq\selenium\selenium-api\3.141.59\selenium-api-3.141.59.jar;C:\Users\Aleksandr\.m2\repository\org\seleniumhq\selenium\selenium-chrome-driver\3.141.59\selenium-chrome-driver-3.141.59.jar;C:\Users\Aleksandr\.m2\repository\org\seleniumhq\selenium\selenium-edge-driver\3.141.59\selenium-edge-driver-3.141.59.jar;C:\Users\Aleksandr\.m2\repository\org\seleniumhq\selenium\selenium-firefox-driver\3.141.59\selenium-firefox-driver-3.141.59.jar;C:\Users\Aleksandr\.m2\repository\org\seleniumhq\selenium\selenium-ie-driver\3.141.59\selenium-ie-driver-3.141.59.jar;C:\Users\Aleksandr\.m2\repository\org\seleniumhq\selenium\selenium-opera-driver\3.141.59\selenium-opera-driver-3.141.59.jar;C:\Users\Aleksandr\.m2\repository\org\seleniumhq\selenium\selenium-remote-driver\3.141.59\selenium-remote-driver-3.141.59.jar;C:\Users\Aleksandr\.m2\repository\org\seleniumhq\selenium\selenium-safari-driver\3.141.59\selenium-safari-driver-3.141.59.jar;C:\Users\Aleksandr\.m2\repository\org\seleniumhq\selenium\selenium-support\3.141.59\selenium-support-3.141.59.jar;C:\Users\Aleksandr\.m2\repository\net\bytebuddy\byte-buddy\1.8.15\byte-buddy-1.8.15.jar;C:\Users\Aleksandr\.m2\repository\org\apache\commons\commons-exec\1.3\commons-exec-1.3.jar;C:\Users\Aleksandr\.m2\repository\com\google\guava\guava\25.0-jre\guava-25.0-jre.jar;C:\Users\Aleksandr\.m2\repository\com\google\code\findbugs\jsr305\1.3.9\jsr305-1.3.9.jar;C:\Users\Aleksandr\.m2\repository\org\checkerframework\checker-compat-qual\2.0.0\checker-compat-qual-2.0.0.jar;C:\Users\Aleksandr\.m2\repository\com\google\errorprone\error_prone_annotations\2.1.3\error_prone_annotations-2.1.3.jar;C:\Users\Aleksandr\.m2\repository\com\google\j2objc\j2objc-annotations\1.1\j2objc-annotations-1.1.jar;C:\Users\Aleksandr\.m2\repository\org\codehaus\mojo\animal-sniffer-annotations\1.14\animal-sniffer-annotations-1.14.jar;C:\Users\Aleksandr\.m2\repository\com\squareup\okhttp3\okhttp\3.11.0\okhttp-3.11.0.jar;C:\Users\Aleksandr\.m2\repository\com\squareup\okio\okio\1.14.0\okio-1.14.0.jar;C:\Users\Aleksandr\.m2\repository\org\testng\testng\7.0.0\testng-7.0.0.jar;C:\Users\Aleksandr\.m2\repository\com\beust\jcommander\1.72\jcommander-1.72.jar;C:\Users\Aleksandr\.m2\repository\org\apache\logging\log4j\log4j-api\2.13.0\log4j-api-2.13.0.jar;C:\Users\Aleksandr\.m2\repository\org\apache\logging\log4j\log4j-core\2.13.0\log4j-core-2.13.0.jar;C:\Users\Aleksandr\.m2\repository\org\projectlombok\lombok\1.16.14\lombok-1.16.14.jar;C:\Users\Aleksandr\.m2\repository\com\opencsv\opencsv\5.0\opencsv-5.0.jar;C:\Users\Aleksandr\.m2\repository\org\apache\commons\commons-lang3\3.9\commons-lang3-3.9.jar;C:\Users\Aleksandr\.m2\repository\org\apache\commons\commons-text\1.7\commons-text-1.7.jar;C:\Users\Aleksandr\.m2\repository\commons-beanutils\commons-beanutils\1.9.4\commons-beanutils-1.9.4.jar;C:\Users\Aleksandr\.m2\repository\commons-logging\commons-logging\1.2\commons-logging-1.2.jar;C:\Users\Aleksandr\.m2\repository\commons-collections\commons-collections\3.2.2\commons-collections-3.2.2.jar;C:\Users\Aleksandr\.m2\repository\org\apache\commons\commons-collections4\4.4\commons-collections4-4.4.jar;C:\Users\Aleksandr\.m2\repository\commons-io\commons-io\2.6\commons-io-2.6.jar;C:\Users\Aleksandr\.m2\repository\org\slf4j\slf4j-simple\1.6.1\slf4j-simple-1.6.1.jar;C:\Users\Aleksandr\.m2\repository\org\slf4j\slf4j-api\1.6.1\slf4j-api-1.6.1.jar;C:\Users\Aleksandr\.m2\repository\io\qameta\allure\allure-testng\2.6.0\allure-testng-2.6.0.jar;C:\Users\Aleksandr\.m2\repository\io\qameta\allure\allure-descriptions-javadoc\2.6.0\allure-descriptions-javadoc-2.6.0.jar;C:\Users\Aleksandr\.m2\repository\io\qameta\allure\allure-java-commons\2.6.0\allure-java-commons-2.6.0.jar;C:\Users\Aleksandr\.m2\repository\io\qameta\allure\allure2-model-api\1.0-BETA6\allure2-model-api-1.0-BETA6.jar;C:\Users\Aleksandr\.m2\repository\io\qameta\allure\allure2-model-pojo\1.0-BETA6\allure2-model-pojo-1.0-BETA6.jar;C:\Users\Aleksandr\.m2\repository\org\apache\tika\tika-core\1.14\tika-core-1.14.jar;C:\Users\Aleksandr\.m2\repository\io\qameta\allure\allure2-model-jackson\1.0-BETA6\allure2-model-jackson-1.0-BETA6.jar;C:\Users\Aleksandr\.m2\repository\com\fasterxml\jackson\core\jackson-databind\2.7.0\jackson-databind-2.7.0.jar;C:\Users\Aleksandr\.m2\repository\com\fasterxml\jackson\core\jackson-annotations\2.7.0\jackson-annotations-2.7.0.jar;C:\Users\Aleksandr\.m2\repository\com\fasterxml\jackson\core\jackson-core\2.7.0\jackson-core-2.7.0.jar;C:\Users\Aleksandr\.m2\repository\com\fasterxml\jackson\module\jackson-module-jaxb-annotations\2.7.0\jackson-module-jaxb-annotations-2.7.0.jar;C:\Users\Aleksandr\.m2\repository\org\aspectj\aspectjrt\1.8.10\aspectjrt-1.8.10.jar;C:\Users\Aleksandr\.m2\repository\org\jooq\joor\0.9.6\joor-0.9.6.jar;C:\Users\Aleksandr\.m2\repository\org\apache\maven\surefire\surefire-testng-utils\2.20.1\surefire-testng-utils-2.20.1.jar;C:\Users\Aleksandr\.m2\repository\org\apache\maven\surefire\surefire-grouper\2.20.1\surefire-grouper-2.20.1.jar;"/>
    <property name="sun.cpu.endian" value="little"/>
    <property name="allure.results.directory" value="C:\AND\testIssue\target/allure-results"/>
    <property name="user.home" value="C:\Users\Aleksandr"/>
    <property name="user.language" value="en"/>
    <property name="java.specification.vendor" value="Oracle Corporation"/>
    <property name="java.home" value="C:\Program Files\Java\jdk1.8.0_221\jre"/>
    <property name="basedir" value="C:\AND\testIssue"/>
    <property name="file.separator" value="\"/>
    <property name="line.separator" value="&#10;"/>
    <property name="java.vm.specification.vendor" value="Oracle Corporation"/>
    <property name="java.specification.name" value="Java Platform API Specification"/>
    <property name="java.awt.graphicsenv" value="sun.awt.Win32GraphicsEnvironment"/>
    <property name="sun.boot.class.path" value="C:\Program Files\Java\jdk1.8.0_221\jre\lib\resources.jar;C:\Program Files\Java\jdk1.8.0_221\jre\lib\rt.jar;C:\Program Files\Java\jdk1.8.0_221\jre\lib\sunrsasign.jar;C:\Program Files\Java\jdk1.8.0_221\jre\lib\jsse.jar;C:\Program Files\Java\jdk1.8.0_221\jre\lib\jce.jar;C:\Program Files\Java\jdk1.8.0_221\jre\lib\charsets.jar;C:\Program Files\Java\jdk1.8.0_221\jre\lib\jfr.jar;C:\Program Files\Java\jdk1.8.0_221\jre\classes"/>
    <property name="user.script" value=""/>
    <property name="sun.management.compiler" value="HotSpot 64-Bit Tiered Compilers"/>
    <property name="java.runtime.version" value="1.8.0_221-b11"/>
    <property name="user.name" value="Aleksandr"/>
    <property name="path.separator" value=";"/>
    <property name="os.version" value="10.0"/>
    <property name="java.endorsed.dirs" value="C:\Program Files\Java\jdk1.8.0_221\jre\lib\endorsed"/>
    <property name="java.runtime.name" value="Java(TM) SE Runtime Environment"/>
    <property name="file.encoding" value="Cp1251"/>
    <property name="java.vm.name" value="Java HotSpot(TM) 64-Bit Server VM"/>
    <property name="idea.version2020.1" value="true"/>
    <property name="localRepository" value="C:\Users\Aleksandr\.m2\repository"/>
    <property name="java.vendor.url.bug" value="http://bugreport.sun.com/bugreport/"/>
    <property name="java.io.tmpdir" value="C:\Users\ALEKSA~1\AppData\Local\Temp\"/>
    <property name="java.version" value="1.8.0_221"/>
    <property name="user.dir" value="C:\AND\testIssue"/>
    <property name="os.arch" value="amd64"/>
    <property name="java.vm.specification.name" value="Java Virtual Machine Specification"/>
    <property name="java.awt.printerjob" value="sun.awt.windows.WPrinterJob"/>
    <property name="sun.os.patch.level" value=""/>
    <property name="java.library.path" value="C:\Program Files\Java\jdk1.8.0_221\jre\bin;C:\WINDOWS\Sun\Java\bin;C:\WINDOWS\system32;C:\WINDOWS;C:\Python382\Scripts\;C:\Python382\;C:\Program Files (x86)\Common Files\Oracle\Java\javapath;C:\WINDOWS\system32;C:\WINDOWS;C:\WINDOWS\System32\Wbem;C:\WINDOWS\System32\WindowsPowerShell\v1.0\;C:\Program Files\Microsoft DNX\Dnvm\;C:\Program Files (x86)\GtkSharp\2.12\bin;C:\Program Files\dotnet\;C:\Program Files\Common Files\Autodesk Shared\;C:\Program Files (x86)\Autodesk\Backburner\;C:\NVPACK\gradle-2.9\bin;C:\NVPACK\apache-ant-1.8.2\bin;C:\NVPACK\jdk1.8.0_77\bin;C:\NVPACK\android-ndk-r12b;C:\NVPACK\android-sdk-windows\extras\android\support;C:\NVPACK\android-sdk-windows\build-tools;C:\NVPACK\android-sdk-windows\platform-tools;C:\NVPACK\android-sdk-windows\tools;C:\adb;C:\WINDOWS\System32\OpenSSH\;C:\Program Files\Git\cmd;C:\Program Files\TortoiseGit\bin;C:\Program Files\Java\jdk1.8.0_221\bin;c:\Maven\bin\;c:\jython2.7.1\bin\;c:\Program Files\Java\apache-zookeeper-3.5.6-bin\bin\;C:\Program Files (x86)\NVIDIA Corporation\PhysX\Common;C:\WINDOWS\system32;C:\WINDOWS;C:\WINDOWS\System32\Wbem;C:\WINDOWS\System32\WindowsPowerShell\v1.0\;C:\WINDOWS\System32\OpenSSH\;C:\Program Files\Docker\Docker\resources\bin;C:\ProgramData\DockerDesktop\version-bin;C:\Program Files\nodejs\;C:\ProgramData\chocolatey\bin;C:\Program Files\JetBrains\PyCharm 2020.1\bin;C:\Program Files\JetBrains\IntelliJ IDEA 2020.1\bin;c:\Program Files\Git\bin\;C:\Python382;C:\Users\Aleksandr\AppData\Local\Programs\Microsoft VS Code\bin;C:\Program Files\JetBrains\WebStorm 2020.1.1\bin;;."/>
    <property name="java.vm.info" value="mixed mode"/>
    <property name="java.vendor" value="Oracle Corporation"/>
    <property name="java.vm.version" value="25.221-b11"/>
    <property name="java.ext.dirs" value="C:\Program Files\Java\jdk1.8.0_221\jre\lib\ext;C:\WINDOWS\Sun\Java\lib\ext"/>
    <property name="sun.io.unicode.encoding" value="UnicodeLittle"/>
    <property name="java.class.version" value="52.0"/>
  </properties>
  <testcase name="checkingFiveIdNumbersTest" classname="org.thetestingmap.testingchallenges.challenge_4.GenerateTestingDataTest" time="3.561"/>
  <testcase name="checkingFiveIdNumbersTest" classname="org.thetestingmap.testingchallenges.challenge_4.GenerateTestingDataTest" time="5.147"/>
  <testcase name="checkingHiddenPageTest" classname="org.thetestingmap.testingchallenges.challenge_3.OpenHiddenChallengeTest" time="0.61"/>
  <testcase name="checkingHiddenPageTest" classname="org.thetestingmap.testingchallenges.challenge_3.OpenHiddenChallengeTest" time="0.507"/>
  <testcase name="gettingAdminRootsTest" classname="org.thetestingmap.testingchallenges.challenge_1.NegativeFirstNameTest" time="3.442">
    <failure message="Expected condition failed: waiting for visibility of element located by By.xpath: //input[@name=&apos;user_right_as_admin&apos;] (tried for 5 second(s) with 500 milliseconds interval)&#10;Build info: version: &apos;3.141.59&apos;, revision: &apos;e82be7d358&apos;, time: &apos;2018-11-14T08:17:03&apos;&#10;System info: host: &apos;DESKTOP-8H0MF42&apos;, ip: &apos;192.168.100.42&apos;, os.name: &apos;Windows 10&apos;, os.arch: &apos;amd64&apos;, os.version: &apos;10.0&apos;, java.version: &apos;1.8.0_221&apos;&#10;Driver info: org.openqa.selenium.remote.RemoteWebDriver&#10;Capabilities {acceptInsecureCerts: false, browserName: firefox, browserVersion: 76.0.1, javascriptEnabled: true, moz:accessibilityChecks: false, moz:buildID: 20200507114007, moz:geckodriverVersion: 0.26.0, moz:headless: false, moz:processID: 37368, moz:profile: C:\Users\Aleksandr\AppData\..., moz:shutdownTimeout: 60000, moz:useNonSpecCompliantPointerOrigin: false, moz:webdriverClick: true, pageLoadStrategy: normal, platform: WINDOWS, platformName: WINDOWS, platformVersion: 10.0, rotatable: false, setWindowRect: true, strictFileInteractability: false, timeouts: {implicit: 0, pageLoad: 300000, script: 30000}, unhandledPromptBehavior: dismiss and notify, webdriver.remote.sessionid: 9bdf2522-ada1-43f4-bd14-83d...}&#10;Session ID: 9bdf2522-ada1-43f4-bd14-83d86e13e4a1" type="org.openqa.selenium.TimeoutException">org.openqa.selenium.TimeoutException: 
Expected condition failed: waiting for visibility of element located by By.xpath: //input[@name='user_right_as_admin'] (tried for 5 second(s) with 500 milliseconds interval)
Build info: version: '3.141.59', revision: 'e82be7d358', time: '2018-11-14T08:17:03'
System info: host: 'DESKTOP-8H0MF42', ip: '192.168.100.42', os.name: 'Windows 10', os.arch: 'amd64', os.version: '10.0', java.version: '1.8.0_221'
Driver info: org.openqa.selenium.remote.RemoteWebDriver
Capabilities {acceptInsecureCerts: false, browserName: firefox, browserVersion: 76.0.1, javascriptEnabled: true, moz:accessibilityChecks: false, moz:buildID: 20200507114007, moz:geckodriverVersion: 0.26.0, moz:headless: false, moz:processID: 37368, moz:profile: C:\Users\Aleksandr\AppData\..., moz:shutdownTimeout: 60000, moz:useNonSpecCompliantPointerOrigin: false, moz:webdriverClick: true, pageLoadStrategy: normal, platform: WINDOWS, platformName: WINDOWS, platformVersion: 10.0, rotatable: false, setWindowRect: true, strictFileInteractability: false, timeouts: {implicit: 0, pageLoad: 300000, script: 30000}, unhandledPromptBehavior: dismiss and notify, webdriver.remote.sessionid: 9bdf2522-ada1-43f4-bd14-83d...}
Session ID: 9bdf2522-ada1-43f4-bd14-83d86e13e4a1
	at org.thetestingmap.testingchallenges.challenge_1.NegativeFirstNameTest.gettingAdminRootsTest(NegativeFirstNameTest.java:39)
</failure>
    <system-out><![CDATA[[14/06/2020 18:36:12] :: [INFO] :: testEngine.TestListener : onTestSuccess :: [TEST checkingHiddenPageTest passed]
[14/06/2020 18:36:12] :: [INFO] :: testEngine.TestEngine : closeDriver :: Driver has been closed
[14/06/2020 18:36:14] :: [INFO] :: testEngine.TestListener : onTestStart :: [Starting gettingAdminRootsTest]
[14/06/2020 18:36:15] :: [INFO] :: pages.Challenge1Page : changeAttributeValueByClassName_aroundBody4 :: Change Attribute Type to string
[14/06/2020 18:36:15] :: [INFO] :: pages.BasePage : find_aroundBody2 :: Find element by locator By.xpath: //input[@name='user_right_as_admin']
[14/06/2020 18:36:17] :: [INFO] :: testEngine.TestListener : onTestStart :: [Starting gettingAdminRootsTest]
[14/06/2020 18:36:17] :: [INFO] :: testEngine.TestListener : onTestStart :: [Starting gettingAdminRootsTest]
[14/06/2020 18:36:17] :: [INFO] :: pages.Challenge1Page : changeAttributeValueByClassName_aroundBody4 :: Change Attribute Type to string
[14/06/2020 18:36:17] :: [INFO] :: pages.BasePage : find_aroundBody2 :: Find element by locator By.xpath: //input[@name='user_right_as_admin']
[14/06/2020 18:36:20] :: [INFO] :: testEngine.TestListener : onTestFailure :: [TEST gettingAdminRootsTest FAILED]
[14/06/2020 18:36:20] :: [INFO] :: testEngine.TestListener : onTestFailure :: [Screenshot has been put to the test-output directory]
Screenshot captured for test case:gettingAdminRootsTest
]]></system-out>
    <system-err><![CDATA[Jun 14, 2020 6:36:14 PM org.openqa.selenium.remote.ProtocolHandshake createSession
INFO: Detected dialect: W3C
Jun 14, 2020 6:36:15 PM org.openqa.selenium.remote.ProtocolHandshake createSession
INFO: Detected dialect: W3C
]]></system-err>
  </testcase>
  <testcase name="gettingAdminRootsTest" classname="org.thetestingmap.testingchallenges.challenge_1.NegativeFirstNameTest" time="1.734">
    <failure message="Expected condition failed: waiting for visibility of element located by By.xpath: //input[@name=&apos;user_right_as_admin&apos;] (tried for 5 second(s) with 500 milliseconds interval)&#10;Build info: version: &apos;3.141.59&apos;, revision: &apos;e82be7d358&apos;, time: &apos;2018-11-14T08:17:03&apos;&#10;System info: host: &apos;DESKTOP-8H0MF42&apos;, ip: &apos;192.168.100.42&apos;, os.name: &apos;Windows 10&apos;, os.arch: &apos;amd64&apos;, os.version: &apos;10.0&apos;, java.version: &apos;1.8.0_221&apos;&#10;Driver info: org.openqa.selenium.remote.RemoteWebDriver&#10;Capabilities {acceptInsecureCerts: false, browserName: chrome, browserVersion: 83.0.4103.97, chrome: {chromedriverVersion: 83.0.4103.39 (ccbf011cb2d2b..., userDataDir: C:\Users\ALEKSA~1\AppData\L...}, goog:chromeOptions: {debuggerAddress: localhost:51851}, javascriptEnabled: true, networkConnectionEnabled: false, pageLoadStrategy: normal, platform: WINDOWS, platformName: WINDOWS, proxy: Proxy(), setWindowRect: true, strictFileInteractability: false, timeouts: {implicit: 0, pageLoad: 300000, script: 30000}, unhandledPromptBehavior: dismiss and notify, webauthn:virtualAuthenticators: true, webdriver.remote.sessionid: 69b3b8036a4281863861cd02906...}&#10;Session ID: 69b3b8036a4281863861cd029061631a" type="org.openqa.selenium.TimeoutException">org.openqa.selenium.TimeoutException: 
Expected condition failed: waiting for visibility of element located by By.xpath: //input[@name='user_right_as_admin'] (tried for 5 second(s) with 500 milliseconds interval)
Build info: version: '3.141.59', revision: 'e82be7d358', time: '2018-11-14T08:17:03'
System info: host: 'DESKTOP-8H0MF42', ip: '192.168.100.42', os.name: 'Windows 10', os.arch: 'amd64', os.version: '10.0', java.version: '1.8.0_221'
Driver info: org.openqa.selenium.remote.RemoteWebDriver
Capabilities {acceptInsecureCerts: false, browserName: chrome, browserVersion: 83.0.4103.97, chrome: {chromedriverVersion: 83.0.4103.39 (ccbf011cb2d2b..., userDataDir: C:\Users\ALEKSA~1\AppData\L...}, goog:chromeOptions: {debuggerAddress: localhost:51851}, javascriptEnabled: true, networkConnectionEnabled: false, pageLoadStrategy: normal, platform: WINDOWS, platformName: WINDOWS, proxy: Proxy(), setWindowRect: true, strictFileInteractability: false, timeouts: {implicit: 0, pageLoad: 300000, script: 30000}, unhandledPromptBehavior: dismiss and notify, webauthn:virtualAuthenticators: true, webdriver.remote.sessionid: 69b3b8036a4281863861cd02906...}
Session ID: 69b3b8036a4281863861cd029061631a
	at org.thetestingmap.testingchallenges.challenge_1.NegativeFirstNameTest.gettingAdminRootsTest(NegativeFirstNameTest.java:39)
</failure>
    <system-out><![CDATA[[14/06/2020 18:36:27] :: [INFO] :: testEngine.TestEngine : closeDriver :: Driver has been closed
]]></system-out>
  </testcase>
  <testcase name="notNumericLoginTest" classname="org.thetestingmap.testingchallenges.challenge_2.TypeNotNumericValueTest" time="1.15"/>
  <testcase name="notNumericLoginTest" classname="org.thetestingmap.testingchallenges.challenge_2.TypeNotNumericValueTest" time="1.194"/>
  <testcase name="negativeLogInTest" classname="org.thetestingmap.testingchallenges.challenge_1.NegativeFirstNameTest" time="1.037"/>
  <testcase name="negativeLogInTest" classname="org.thetestingmap.testingchallenges.challenge_1.NegativeFirstNameTest" time="1.114"/>
  <testcase name="negativeLogInTest" classname="org.thetestingmap.testingchallenges.challenge_1.NegativeFirstNameTest" time="1.157"/>
  <testcase name="negativeLogInTest" classname="org.thetestingmap.testingchallenges.challenge_1.NegativeFirstNameTest" time="0.503"/>
  <testcase name="negativeLogInTest" classname="org.thetestingmap.testingchallenges.challenge_1.NegativeFirstNameTest" time="1.108"/>
  <testcase name="negativeLogInTest" classname="org.thetestingmap.testingchallenges.challenge_1.NegativeFirstNameTest" time="1.066"/>
  <testcase name="negativeLogInTest" classname="org.thetestingmap.testingchallenges.challenge_1.NegativeFirstNameTest" time="1.248"/>
  <testcase name="negativeLogInTest" classname="org.thetestingmap.testingchallenges.challenge_1.NegativeFirstNameTest" time="0.656"/>
  <testcase name="negativeLogInTest" classname="org.thetestingmap.testingchallenges.challenge_1.NegativeFirstNameTest" time="1.283"/>
  <testcase name="negativeLogInTest" classname="org.thetestingmap.testingchallenges.challenge_1.NegativeFirstNameTest" time="1.394"/>
  <testcase name="negativeLogInTest" classname="org.thetestingmap.testingchallenges.challenge_1.NegativeFirstNameTest" time="1.651"/>
  <testcase name="negativeLogInTest" classname="org.thetestingmap.testingchallenges.challenge_1.NegativeFirstNameTest" time="1.142"/>
  <testcase name="negativeLogInTest" classname="org.thetestingmap.testingchallenges.challenge_1.NegativeFirstNameTest" time="1.301"/>
  <testcase name="negativeLogInTest" classname="org.thetestingmap.testingchallenges.challenge_1.NegativeFirstNameTest" time="0.755"/>
  <testcase name="negativeLogInTest" classname="org.thetestingmap.testingchallenges.challenge_1.NegativeFirstNameTest" time="1.096"/>
  <testcase name="negativeLogInTest" classname="org.thetestingmap.testingchallenges.challenge_1.NegativeFirstNameTest" time="1.016"/>
  <testcase name="negativeLogInTest" classname="org.thetestingmap.testingchallenges.challenge_1.NegativeFirstNameTest" time="1.073"/>
  <testcase name="negativeLogInTest" classname="org.thetestingmap.testingchallenges.challenge_1.NegativeFirstNameTest" time="1.014"/>
  <testcase name="negativeLogInTest" classname="org.thetestingmap.testingchallenges.challenge_1.NegativeFirstNameTest" time="1.241"/>
  <testcase name="negativeLogInTest" classname="org.thetestingmap.testingchallenges.challenge_1.NegativeFirstNameTest" time="1.03"/>
  <testcase name="negativeLogInTest" classname="org.thetestingmap.testingchallenges.challenge_1.NegativeFirstNameTest" time="1.269"/>
  <testcase name="negativeLogInTest" classname="org.thetestingmap.testingchallenges.challenge_1.NegativeFirstNameTest" time="1.176"/>
  <testcase name="negativeLogInTest" classname="org.thetestingmap.testingchallenges.challenge_1.NegativeFirstNameTest" time="1.04"/>
  <testcase name="negativeLogInTest" classname="org.thetestingmap.testingchallenges.challenge_1.NegativeFirstNameTest" time="0.987"/>
  <testcase name="negativeLogInTest" classname="org.thetestingmap.testingchallenges.challenge_1.NegativeFirstNameTest" time="1.104"/>
  <testcase name="negativeLogInTest" classname="org.thetestingmap.testingchallenges.challenge_1.NegativeFirstNameTest" time="1.045"/>
  <testcase name="negativeLogInTest" classname="org.thetestingmap.testingchallenges.challenge_1.NegativeFirstNameTest" time="1.146"/>
  <testcase name="negativeLogInTest" classname="org.thetestingmap.testingchallenges.challenge_1.NegativeFirstNameTest" time="1.033"/>
  <testcase name="negativeLogInTest" classname="org.thetestingmap.testingchallenges.challenge_1.NegativeFirstNameTest" time="1.195"/>
  <testcase name="negativeLogInTest" classname="org.thetestingmap.testingchallenges.challenge_1.NegativeFirstNameTest" time="1.072"/>
  <testcase name="negativeLogInTest" classname="org.thetestingmap.testingchallenges.challenge_1.NegativeFirstNameTest" time="1.167"/>
  <testcase name="negativeLogInTest" classname="org.thetestingmap.testingchallenges.challenge_1.NegativeFirstNameTest" time="1.126"/>
  <testcase name="negativeLogInTest" classname="org.thetestingmap.testingchallenges.challenge_1.NegativeFirstNameTest" time="0.17"/>
  <testcase name="negativeLogInTest" classname="org.thetestingmap.testingchallenges.challenge_1.NegativeFirstNameTest" time="1.329"/>
  <testcase name="negativeLogInTest" classname="org.thetestingmap.testingchallenges.challenge_1.NegativeFirstNameTest" time="1.008"/>
  <testcase name="negativeLogInTest" classname="org.thetestingmap.testingchallenges.challenge_1.NegativeFirstNameTest" time="1.046"/>
  <testcase name="negativeLogInTest" classname="org.thetestingmap.testingchallenges.challenge_1.NegativeFirstNameTest" time="1.135"/>
  <testcase name="negativeLogInTest" classname="org.thetestingmap.testingchallenges.challenge_1.NegativeFirstNameTest" time="0.991"/>
</testsuite>