<html>
<head>
<title>TestNG:  Login-chrome</title>
<link href="../testng.css" rel="stylesheet" type="text/css" />
<link href="../my-testng.css" rel="stylesheet" type="text/css" />

<style type="text/css">
.log { display: none;} 
.stack-trace { display: none;} 
</style>
<script type="text/javascript">
<!--
function flip(e) {
  current = e.style.display;
  if (current == 'block') {
    e.style.display = 'none';
    return 0;
  }
  else {
    e.style.display = 'block';
    return 1;
  }
}

function toggleBox(szDivId, elem, msg1, msg2)
{
  var res = -1;  if (document.getElementById) {
    res = flip(document.getElementById(szDivId));
  }
  else if (document.all) {
    // this is the way old msie versions work
    res = flip(document.all[szDivId]);
  }
  if(elem) {
    if(res == 0) elem.innerHTML = msg1; else elem.innerHTML = msg2;
  }

}

function toggleAllBoxes() {
  if (document.getElementsByTagName) {
    d = document.getElementsByTagName('div');
    for (i = 0; i < d.length; i++) {
      if (d[i].className == 'log') {
        flip(d[i]);
      }
    }
  }
}

// -->
</script>

</head>
<body>
<h2 align='center'>Login-chrome</h2><table border='1' align="center">
<tr>
<td>Tests passed/Failed/Skipped:</td><td>20/1/0</td>
</tr><tr>
<td>Started on:</td><td>Sat Jun 13 22:26:47 MSK 2020</td>
</tr>
<tr><td>Total time:</td><td>167 seconds (167397 ms)</td>
</tr><tr>
<td>Included groups:</td><td></td>
</tr><tr>
<td>Excluded groups:</td><td></td>
</tr>
</table><p/>
<small><i>(Hover the method name to see the test class name)</i></small><p/>
<table width='100%' border='1' class='invocation-failed'>
<tr><td colspan='4' align='center'><b>FAILED TESTS</b></td></tr>
<tr><td><b>Test method</b></td>
<td width="30%"><b>Exception</b></td>
<td width="10%"><b>Time (seconds)</b></td>
<td><b>Instance</b></td>
</tr>
<tr>
<td title='org.thetestingmap.testingchallenges.challenge_1.NegativeFirstNameTest.gettingAdminRootsTest()'><b>gettingAdminRootsTest</b><br>Test class: org.thetestingmap.testingchallenges.challenge_1.NegativeFirstNameTest</td>
<td><div><pre>org.openqa.selenium.TimeoutException: Expected condition failed: waiting for visibility of element located by By.xpath: //input[@name=&apos;user_right_as_admin&apos;] (tried for 5 second(s) with 500 milliseconds interval)
Build info: version: &apos;3.141.59&apos;, revision: &apos;e82be7d358&apos;, time: &apos;2018-11-14T08:17:03&apos;
System info: host: &apos;DESKTOP-8H0MF42&apos;, ip: &apos;192.168.100.42&apos;, os.name: &apos;Windows 10&apos;, os.arch: &apos;amd64&apos;, os.version: &apos;10.0&apos;, java.version: &apos;1.8.0_221&apos;
Driver info: org.openqa.selenium.remote.RemoteWebDriver
Capabilities {acceptInsecureCerts: false, browserName: firefox, browserVersion: 76.0.1, javascriptEnabled: true, moz:accessibilityChecks: false, moz:buildID: 20200507114007, moz:geckodriverVersion: 0.26.0, moz:headless: false, moz:processID: 17592, moz:profile: C:\Users\Aleksandr\AppData\..., moz:shutdownTimeout: 60000, moz:useNonSpecCompliantPointerOrigin: false, moz:webdriverClick: true, pageLoadStrategy: normal, platform: WINDOWS, platformName: WINDOWS, platformVersion: 10.0, rotatable: false, setWindowRect: true, strictFileInteractability: false, timeouts: {implicit: 0, pageLoad: 300000, script: 30000}, unhandledPromptBehavior: dismiss and notify, webdriver.remote.sessionid: 3a565b23-72ba-4694-9feb-c7e...}
Session ID: 3a565b23-72ba-4694-9feb-c7e03617fd20
	at org.openqa.selenium.support.ui.WebDriverWait.timeoutException(WebDriverWait.java:95)
	at org.openqa.selenium.support.ui.FluentWait.until(FluentWait.java:272)
	at org.thetestingmap.testingchallenges.pages.BasePage.find_aroundBody2(BasePage.java:40)
	at org.thetestingmap.testingchallenges.pages.BasePage$AjcClosure3.run(BasePage.java:1)
	at io.qameta.allure.aspects.StepsAspects.step(StepsAspects.java:51)
	at org.thetestingmap.testingchallenges.pages.BasePage.find(BasePage.java:38)
	at org.thetestingmap.testingchallenges.pages.Challenge1Page.changeAttributeValueByClassName_aroundBody4(Challenge1Page.java:43)
	at org.thetestingmap.testingchallenges.pages.Challenge1Page$AjcClosure5.run(Challenge1Page.java:1)
	at io.qameta.allure.aspects.StepsAspects.step(StepsAspects.java:51)
	at org.thetestingmap.testingchallenges.pages.Challenge1Page.changeAttributeValueByClassName(Challenge1Page.java:39)
	at org.thetestingmap.testingchallenges.challenge_1.NegativeFirstNameTest.gettingAdminRootsTest(NegativeFirstNameTest.java:39)
	at java.util.ArrayList.forEach(ArrayList.java:1257)
	at java.util.concurrent.FutureTask.run(FutureTask.java:266)
	at java.util.concurrent.ThreadPoolExecutor.runWorker(ThreadPoolExecutor.java:1149)
	at java.util.concurrent.ThreadPoolExecutor$Worker.run(ThreadPoolExecutor.java:624)
	at java.lang.Thread.run(Thread.java:748)
... Removed 20 stack frames</pre></div><a href='#' onClick='toggleBox("stack-trace437760879", this, "Click to show all stack frames", "Click to hide stack frames")'>Click to show all stack frames</a>
<div class='stack-trace' id='stack-trace437760879'><pre>org.openqa.selenium.TimeoutException: Expected condition failed: waiting for visibility of element located by By.xpath: //input[@name=&apos;user_right_as_admin&apos;] (tried for 5 second(s) with 500 milliseconds interval)
Build info: version: &apos;3.141.59&apos;, revision: &apos;e82be7d358&apos;, time: &apos;2018-11-14T08:17:03&apos;
System info: host: &apos;DESKTOP-8H0MF42&apos;, ip: &apos;192.168.100.42&apos;, os.name: &apos;Windows 10&apos;, os.arch: &apos;amd64&apos;, os.version: &apos;10.0&apos;, java.version: &apos;1.8.0_221&apos;
Driver info: org.openqa.selenium.remote.RemoteWebDriver
Capabilities {acceptInsecureCerts: false, browserName: firefox, browserVersion: 76.0.1, javascriptEnabled: true, moz:accessibilityChecks: false, moz:buildID: 20200507114007, moz:geckodriverVersion: 0.26.0, moz:headless: false, moz:processID: 17592, moz:profile: C:\Users\Aleksandr\AppData\..., moz:shutdownTimeout: 60000, moz:useNonSpecCompliantPointerOrigin: false, moz:webdriverClick: true, pageLoadStrategy: normal, platform: WINDOWS, platformName: WINDOWS, platformVersion: 10.0, rotatable: false, setWindowRect: true, strictFileInteractability: false, timeouts: {implicit: 0, pageLoad: 300000, script: 30000}, unhandledPromptBehavior: dismiss and notify, webdriver.remote.sessionid: 3a565b23-72ba-4694-9feb-c7e...}
Session ID: 3a565b23-72ba-4694-9feb-c7e03617fd20
	at org.openqa.selenium.support.ui.WebDriverWait.timeoutException(WebDriverWait.java:95)
	at org.openqa.selenium.support.ui.FluentWait.until(FluentWait.java:272)
	at org.thetestingmap.testingchallenges.pages.BasePage.find_aroundBody2(BasePage.java:40)
	at org.thetestingmap.testingchallenges.pages.BasePage$AjcClosure3.run(BasePage.java:1)
	at org.aspectj.runtime.reflect.JoinPointImpl.proceed(JoinPointImpl.java:149)
	at io.qameta.allure.aspects.StepsAspects.step(StepsAspects.java:51)
	at org.thetestingmap.testingchallenges.pages.BasePage.find(BasePage.java:38)
	at org.thetestingmap.testingchallenges.pages.Challenge1Page.changeAttributeValueByClassName_aroundBody4(Challenge1Page.java:43)
	at org.thetestingmap.testingchallenges.pages.Challenge1Page$AjcClosure5.run(Challenge1Page.java:1)
	at org.aspectj.runtime.reflect.JoinPointImpl.proceed(JoinPointImpl.java:149)
	at io.qameta.allure.aspects.StepsAspects.step(StepsAspects.java:51)
	at org.thetestingmap.testingchallenges.pages.Challenge1Page.changeAttributeValueByClassName(Challenge1Page.java:39)
	at org.thetestingmap.testingchallenges.challenge_1.NegativeFirstNameTest.gettingAdminRootsTest(NegativeFirstNameTest.java:39)
	at sun.reflect.NativeMethodAccessorImpl.invoke0(Native Method)
	at sun.reflect.NativeMethodAccessorImpl.invoke(NativeMethodAccessorImpl.java:62)
	at sun.reflect.DelegatingMethodAccessorImpl.invoke(DelegatingMethodAccessorImpl.java:43)
	at java.lang.reflect.Method.invoke(Method.java:498)
	at org.testng.internal.MethodInvocationHelper.invokeMethod(MethodInvocationHelper.java:133)
	at org.testng.internal.TestInvoker.invokeMethod(TestInvoker.java:584)
	at org.testng.internal.TestInvoker.invokeTestMethod(TestInvoker.java:172)
	at org.testng.internal.MethodRunner.runInSequence(MethodRunner.java:46)
	at org.testng.internal.TestInvoker$MethodInvocationAgent.invoke(TestInvoker.java:804)
	at org.testng.internal.TestInvoker.invokeTestMethods(TestInvoker.java:145)
	at org.testng.internal.TestMethodWorker.invokeTestMethods(TestMethodWorker.java:146)
	at org.testng.internal.TestMethodWorker.run(TestMethodWorker.java:128)
	at java.util.ArrayList.forEach(ArrayList.java:1257)
	at org.testng.TestRunner.privateRun(TestRunner.java:770)
	at org.testng.TestRunner.run(TestRunner.java:591)
	at org.testng.SuiteRunner.runTest(SuiteRunner.java:402)
	at org.testng.SuiteRunner.access$000(SuiteRunner.java:41)
	at org.testng.SuiteRunner$SuiteWorker.run(SuiteRunner.java:443)
	at org.testng.internal.thread.ThreadUtil.lambda$execute$0(ThreadUtil.java:67)
	at java.util.concurrent.FutureTask.run(FutureTask.java:266)
	at java.util.concurrent.ThreadPoolExecutor.runWorker(ThreadPoolExecutor.java:1149)
	at java.util.concurrent.ThreadPoolExecutor$Worker.run(ThreadPoolExecutor.java:624)
	at java.lang.Thread.run(Thread.java:748)
</pre></div></td>
<td>5</td>
<td>org.thetestingmap.testingchallenges.challenge_1.NegativeFirstNameTest@533b266e</td></tr>
<tr>
<td title='org.thetestingmap.testingchallenges.challenge_1.NegativeFirstNameTest.gettingAdminRootsTest()'><b>gettingAdminRootsTest</b><br>Test class: org.thetestingmap.testingchallenges.challenge_1.NegativeFirstNameTest</td>
<td><div><pre>org.openqa.selenium.TimeoutException: Expected condition failed: waiting for visibility of element located by By.xpath: //input[@name=&apos;user_right_as_admin&apos;] (tried for 5 second(s) with 500 milliseconds interval)
Build info: version: &apos;3.141.59&apos;, revision: &apos;e82be7d358&apos;, time: &apos;2018-11-14T08:17:03&apos;
System info: host: &apos;DESKTOP-8H0MF42&apos;, ip: &apos;192.168.100.42&apos;, os.name: &apos;Windows 10&apos;, os.arch: &apos;amd64&apos;, os.version: &apos;10.0&apos;, java.version: &apos;1.8.0_221&apos;
Driver info: org.openqa.selenium.remote.RemoteWebDriver
Capabilities {acceptInsecureCerts: false, browserName: chrome, browserVersion: 83.0.4103.97, chrome: {chromedriverVersion: 83.0.4103.39 (ccbf011cb2d2b..., userDataDir: C:\Users\ALEKSA~1\AppData\L...}, goog:chromeOptions: {debuggerAddress: localhost:55231}, javascriptEnabled: true, networkConnectionEnabled: false, pageLoadStrategy: normal, platform: WINDOWS, platformName: WINDOWS, proxy: Proxy(), setWindowRect: true, strictFileInteractability: false, timeouts: {implicit: 0, pageLoad: 300000, script: 30000}, unhandledPromptBehavior: dismiss and notify, webauthn:virtualAuthenticators: true, webdriver.remote.sessionid: e13d839803bd4ceeea643773d70...}
Session ID: e13d839803bd4ceeea643773d7092cc3
	at org.openqa.selenium.support.ui.WebDriverWait.timeoutException(WebDriverWait.java:95)
	at org.openqa.selenium.support.ui.FluentWait.until(FluentWait.java:272)
	at org.thetestingmap.testingchallenges.pages.BasePage.find_aroundBody2(BasePage.java:40)
	at org.thetestingmap.testingchallenges.pages.BasePage$AjcClosure3.run(BasePage.java:1)
	at io.qameta.allure.aspects.StepsAspects.step(StepsAspects.java:51)
	at org.thetestingmap.testingchallenges.pages.BasePage.find(BasePage.java:38)
	at org.thetestingmap.testingchallenges.pages.Challenge1Page.changeAttributeValueByClassName_aroundBody4(Challenge1Page.java:43)
	at org.thetestingmap.testingchallenges.pages.Challenge1Page$AjcClosure5.run(Challenge1Page.java:1)
	at io.qameta.allure.aspects.StepsAspects.step(StepsAspects.java:51)
	at org.thetestingmap.testingchallenges.pages.Challenge1Page.changeAttributeValueByClassName(Challenge1Page.java:39)
	at org.thetestingmap.testingchallenges.challenge_1.NegativeFirstNameTest.gettingAdminRootsTest(NegativeFirstNameTest.java:39)
	at java.util.ArrayList.forEach(ArrayList.java:1257)
	at java.util.concurrent.FutureTask.run(FutureTask.java:266)
	at java.util.concurrent.ThreadPoolExecutor.runWorker(ThreadPoolExecutor.java:1149)
	at java.util.concurrent.ThreadPoolExecutor$Worker.run(ThreadPoolExecutor.java:624)
	at java.lang.Thread.run(Thread.java:748)
... Removed 20 stack frames</pre></div><a href='#' onClick='toggleBox("stack-trace1213020713", this, "Click to show all stack frames", "Click to hide stack frames")'>Click to show all stack frames</a>
<div class='stack-trace' id='stack-trace1213020713'><pre>org.openqa.selenium.TimeoutException: Expected condition failed: waiting for visibility of element located by By.xpath: //input[@name=&apos;user_right_as_admin&apos;] (tried for 5 second(s) with 500 milliseconds interval)
Build info: version: &apos;3.141.59&apos;, revision: &apos;e82be7d358&apos;, time: &apos;2018-11-14T08:17:03&apos;
System info: host: &apos;DESKTOP-8H0MF42&apos;, ip: &apos;192.168.100.42&apos;, os.name: &apos;Windows 10&apos;, os.arch: &apos;amd64&apos;, os.version: &apos;10.0&apos;, java.version: &apos;1.8.0_221&apos;
Driver info: org.openqa.selenium.remote.RemoteWebDriver
Capabilities {acceptInsecureCerts: false, browserName: chrome, browserVersion: 83.0.4103.97, chrome: {chromedriverVersion: 83.0.4103.39 (ccbf011cb2d2b..., userDataDir: C:\Users\ALEKSA~1\AppData\L...}, goog:chromeOptions: {debuggerAddress: localhost:55231}, javascriptEnabled: true, networkConnectionEnabled: false, pageLoadStrategy: normal, platform: WINDOWS, platformName: WINDOWS, proxy: Proxy(), setWindowRect: true, strictFileInteractability: false, timeouts: {implicit: 0, pageLoad: 300000, script: 30000}, unhandledPromptBehavior: dismiss and notify, webauthn:virtualAuthenticators: true, webdriver.remote.sessionid: e13d839803bd4ceeea643773d70...}
Session ID: e13d839803bd4ceeea643773d7092cc3
	at org.openqa.selenium.support.ui.WebDriverWait.timeoutException(WebDriverWait.java:95)
	at org.openqa.selenium.support.ui.FluentWait.until(FluentWait.java:272)
	at org.thetestingmap.testingchallenges.pages.BasePage.find_aroundBody2(BasePage.java:40)
	at org.thetestingmap.testingchallenges.pages.BasePage$AjcClosure3.run(BasePage.java:1)
	at org.aspectj.runtime.reflect.JoinPointImpl.proceed(JoinPointImpl.java:149)
	at io.qameta.allure.aspects.StepsAspects.step(StepsAspects.java:51)
	at org.thetestingmap.testingchallenges.pages.BasePage.find(BasePage.java:38)
	at org.thetestingmap.testingchallenges.pages.Challenge1Page.changeAttributeValueByClassName_aroundBody4(Challenge1Page.java:43)
	at org.thetestingmap.testingchallenges.pages.Challenge1Page$AjcClosure5.run(Challenge1Page.java:1)
	at org.aspectj.runtime.reflect.JoinPointImpl.proceed(JoinPointImpl.java:149)
	at io.qameta.allure.aspects.StepsAspects.step(StepsAspects.java:51)
	at org.thetestingmap.testingchallenges.pages.Challenge1Page.changeAttributeValueByClassName(Challenge1Page.java:39)
	at org.thetestingmap.testingchallenges.challenge_1.NegativeFirstNameTest.gettingAdminRootsTest(NegativeFirstNameTest.java:39)
	at sun.reflect.NativeMethodAccessorImpl.invoke0(Native Method)
	at sun.reflect.NativeMethodAccessorImpl.invoke(NativeMethodAccessorImpl.java:62)
	at sun.reflect.DelegatingMethodAccessorImpl.invoke(DelegatingMethodAccessorImpl.java:43)
	at java.lang.reflect.Method.invoke(Method.java:498)
	at org.testng.internal.MethodInvocationHelper.invokeMethod(MethodInvocationHelper.java:133)
	at org.testng.internal.TestInvoker.invokeMethod(TestInvoker.java:584)
	at org.testng.internal.TestInvoker.invokeTestMethod(TestInvoker.java:172)
	at org.testng.internal.MethodRunner.runInSequence(MethodRunner.java:46)
	at org.testng.internal.TestInvoker$MethodInvocationAgent.invoke(TestInvoker.java:804)
	at org.testng.internal.TestInvoker.invokeTestMethods(TestInvoker.java:145)
	at org.testng.internal.TestMethodWorker.invokeTestMethods(TestMethodWorker.java:146)
	at org.testng.internal.TestMethodWorker.run(TestMethodWorker.java:128)
	at java.util.ArrayList.forEach(ArrayList.java:1257)
	at org.testng.TestRunner.privateRun(TestRunner.java:770)
	at org.testng.TestRunner.run(TestRunner.java:591)
	at org.testng.SuiteRunner.runTest(SuiteRunner.java:402)
	at org.testng.SuiteRunner.access$000(SuiteRunner.java:41)
	at org.testng.SuiteRunner$SuiteWorker.run(SuiteRunner.java:443)
	at org.testng.internal.thread.ThreadUtil.lambda$execute$0(ThreadUtil.java:67)
	at java.util.concurrent.FutureTask.run(FutureTask.java:266)
	at java.util.concurrent.ThreadPoolExecutor.runWorker(ThreadPoolExecutor.java:1149)
	at java.util.concurrent.ThreadPoolExecutor$Worker.run(ThreadPoolExecutor.java:624)
	at java.lang.Thread.run(Thread.java:748)
</pre></div></td>
<td>6</td>
<td>org.thetestingmap.testingchallenges.challenge_1.NegativeFirstNameTest@3a320ade</td></tr>
</table><p>
<table width='100%' border='1' class='invocation-passed'>
<tr><td colspan='4' align='center'><b>PASSED TESTS</b></td></tr>
<tr><td><b>Test method</b></td>
<td width="30%"><b>Exception</b></td>
<td width="10%"><b>Time (seconds)</b></td>
<td><b>Instance</b></td>
</tr>
<tr>
<td title='org.thetestingmap.testingchallenges.challenge_1.NegativeFirstNameTest.negativeLogInTest()'><b>negativeLogInTest</b><br>Test class: org.thetestingmap.testingchallenges.challenge_1.NegativeFirstNameTest<br>Parameters: {firstName=Your username}</td>
<td></td>
<td>1</td>
<td>org.thetestingmap.testingchallenges.challenge_1.NegativeFirstNameTest@533b266e</td></tr>
<tr>
<td title='org.thetestingmap.testingchallenges.challenge_1.NegativeFirstNameTest.negativeLogInTest()'><b>negativeLogInTest</b><br>Test class: org.thetestingmap.testingchallenges.challenge_1.NegativeFirstNameTest<br>Parameters: {firstName=Русский}</td>
<td></td>
<td>1</td>
<td>org.thetestingmap.testingchallenges.challenge_1.NegativeFirstNameTest@533b266e</td></tr>
<tr>
<td title='org.thetestingmap.testingchallenges.challenge_1.NegativeFirstNameTest.negativeLogInTest()'><b>negativeLogInTest</b><br>Test class: org.thetestingmap.testingchallenges.challenge_1.NegativeFirstNameTest<br>Parameters: {firstName=Your username}</td>
<td></td>
<td>1</td>
<td>org.thetestingmap.testingchallenges.challenge_1.NegativeFirstNameTest@3a320ade</td></tr>
<tr>
<td title='org.thetestingmap.testingchallenges.challenge_1.NegativeFirstNameTest.negativeLogInTest()'><b>negativeLogInTest</b><br>Test class: org.thetestingmap.testingchallenges.challenge_1.NegativeFirstNameTest<br>Parameters: {firstName=a}</td>
<td></td>
<td>0</td>
<td>org.thetestingmap.testingchallenges.challenge_1.NegativeFirstNameTest@533b266e</td></tr>
<tr>
<td title='org.thetestingmap.testingchallenges.challenge_1.NegativeFirstNameTest.negativeLogInTest()'><b>negativeLogInTest</b><br>Test class: org.thetestingmap.testingchallenges.challenge_1.NegativeFirstNameTest<br>Parameters: {firstName=Русский}</td>
<td></td>
<td>1</td>
<td>org.thetestingmap.testingchallenges.challenge_1.NegativeFirstNameTest@3a320ade</td></tr>
<tr>
<td title='org.thetestingmap.testingchallenges.challenge_1.NegativeFirstNameTest.negativeLogInTest()'><b>negativeLogInTest</b><br>Test class: org.thetestingmap.testingchallenges.challenge_1.NegativeFirstNameTest<br>Parameters: {firstName=''}</td>
<td></td>
<td>1</td>
<td>org.thetestingmap.testingchallenges.challenge_1.NegativeFirstNameTest@533b266e</td></tr>
<tr>
<td title='org.thetestingmap.testingchallenges.challenge_1.NegativeFirstNameTest.negativeLogInTest()'><b>negativeLogInTest</b><br>Test class: org.thetestingmap.testingchallenges.challenge_1.NegativeFirstNameTest<br>Parameters: {firstName=a}</td>
<td></td>
<td>1</td>
<td>org.thetestingmap.testingchallenges.challenge_1.NegativeFirstNameTest@3a320ade</td></tr>
<tr>
<td title='org.thetestingmap.testingchallenges.challenge_1.NegativeFirstNameTest.negativeLogInTest()'><b>negativeLogInTest</b><br>Test class: org.thetestingmap.testingchallenges.challenge_1.NegativeFirstNameTest<br>Parameters: {firstName=' '}</td>
<td></td>
<td>1</td>
<td>org.thetestingmap.testingchallenges.challenge_1.NegativeFirstNameTest@533b266e</td></tr>
<tr>
<td title='org.thetestingmap.testingchallenges.challenge_1.NegativeFirstNameTest.negativeLogInTest()'><b>negativeLogInTest</b><br>Test class: org.thetestingmap.testingchallenges.challenge_1.NegativeFirstNameTest<br>Parameters: {firstName=''}</td>
<td></td>
<td>1</td>
<td>org.thetestingmap.testingchallenges.challenge_1.NegativeFirstNameTest@3a320ade</td></tr>
<tr>
<td title='org.thetestingmap.testingchallenges.challenge_1.NegativeFirstNameTest.negativeLogInTest()'><b>negativeLogInTest</b><br>Test class: org.thetestingmap.testingchallenges.challenge_1.NegativeFirstNameTest<br>Parameters: {firstName= user}</td>
<td></td>
<td>1</td>
<td>org.thetestingmap.testingchallenges.challenge_1.NegativeFirstNameTest@533b266e</td></tr>
<tr>
<td title='org.thetestingmap.testingchallenges.challenge_1.NegativeFirstNameTest.negativeLogInTest()'><b>negativeLogInTest</b><br>Test class: org.thetestingmap.testingchallenges.challenge_1.NegativeFirstNameTest<br>Parameters: {firstName=user}</td>
<td></td>
<td>1</td>
<td>org.thetestingmap.testingchallenges.challenge_1.NegativeFirstNameTest@533b266e</td></tr>
<tr>
<td title='org.thetestingmap.testingchallenges.challenge_1.NegativeFirstNameTest.negativeLogInTest()'><b>negativeLogInTest</b><br>Test class: org.thetestingmap.testingchallenges.challenge_1.NegativeFirstNameTest<br>Parameters: {firstName=' '}</td>
<td></td>
<td>1</td>
<td>org.thetestingmap.testingchallenges.challenge_1.NegativeFirstNameTest@3a320ade</td></tr>
<tr>
<td title='org.thetestingmap.testingchallenges.challenge_1.NegativeFirstNameTest.negativeLogInTest()'><b>negativeLogInTest</b><br>Test class: org.thetestingmap.testingchallenges.challenge_1.NegativeFirstNameTest<br>Parameters: {firstName=longlongNamelonglongNamelonglongNamelonglongNamelonglongName}</td>
<td></td>
<td>1</td>
<td>org.thetestingmap.testingchallenges.challenge_1.NegativeFirstNameTest@533b266e</td></tr>
<tr>
<td title='org.thetestingmap.testingchallenges.challenge_1.NegativeFirstNameTest.negativeLogInTest()'><b>negativeLogInTest</b><br>Test class: org.thetestingmap.testingchallenges.challenge_1.NegativeFirstNameTest<br>Parameters: {firstName= user}</td>
<td></td>
<td>1</td>
<td>org.thetestingmap.testingchallenges.challenge_1.NegativeFirstNameTest@3a320ade</td></tr>
<tr>
<td title='org.thetestingmap.testingchallenges.challenge_1.NegativeFirstNameTest.negativeLogInTest()'><b>negativeLogInTest</b><br>Test class: org.thetestingmap.testingchallenges.challenge_1.NegativeFirstNameTest<br>Parameters: {firstName=qwertyuiopqwertyuiopqwertyuiop}</td>
<td></td>
<td>1</td>
<td>org.thetestingmap.testingchallenges.challenge_1.NegativeFirstNameTest@533b266e</td></tr>
<tr>
<td title='org.thetestingmap.testingchallenges.challenge_1.NegativeFirstNameTest.negativeLogInTest()'><b>negativeLogInTest</b><br>Test class: org.thetestingmap.testingchallenges.challenge_1.NegativeFirstNameTest<br>Parameters: {firstName=user}</td>
<td></td>
<td>1</td>
<td>org.thetestingmap.testingchallenges.challenge_1.NegativeFirstNameTest@3a320ade</td></tr>
<tr>
<td title='org.thetestingmap.testingchallenges.challenge_1.NegativeFirstNameTest.negativeLogInTest()'><b>negativeLogInTest</b><br>Test class: org.thetestingmap.testingchallenges.challenge_1.NegativeFirstNameTest<br>Parameters: {firstName=;375^@@}</td>
<td></td>
<td>1</td>
<td>org.thetestingmap.testingchallenges.challenge_1.NegativeFirstNameTest@533b266e</td></tr>
<tr>
<td title='org.thetestingmap.testingchallenges.challenge_1.NegativeFirstNameTest.negativeLogInTest()'><b>negativeLogInTest</b><br>Test class: org.thetestingmap.testingchallenges.challenge_1.NegativeFirstNameTest<br>Parameters: {firstName=longlongNamelonglongNamelonglongNamelonglongNamelonglongName}</td>
<td></td>
<td>1</td>
<td>org.thetestingmap.testingchallenges.challenge_1.NegativeFirstNameTest@3a320ade</td></tr>
<tr>
<td title='org.thetestingmap.testingchallenges.challenge_1.NegativeFirstNameTest.negativeLogInTest()'><b>negativeLogInTest</b><br>Test class: org.thetestingmap.testingchallenges.challenge_1.NegativeFirstNameTest<br>Parameters: {firstName=sdgsdgsa yet}</td>
<td></td>
<td>1</td>
<td>org.thetestingmap.testingchallenges.challenge_1.NegativeFirstNameTest@533b266e</td></tr>
<tr>
<td title='org.thetestingmap.testingchallenges.challenge_1.NegativeFirstNameTest.negativeLogInTest()'><b>negativeLogInTest</b><br>Test class: org.thetestingmap.testingchallenges.challenge_1.NegativeFirstNameTest<br>Parameters: {firstName=qwertyuiopqwertyuiopqwertyuiop}</td>
<td></td>
<td>1</td>
<td>org.thetestingmap.testingchallenges.challenge_1.NegativeFirstNameTest@3a320ade</td></tr>
<tr>
<td title='org.thetestingmap.testingchallenges.challenge_1.NegativeFirstNameTest.negativeLogInTest()'><b>negativeLogInTest</b><br>Test class: org.thetestingmap.testingchallenges.challenge_1.NegativeFirstNameTest<br>Parameters: {firstName=<div>}</td>
<td></td>
<td>1</td>
<td>org.thetestingmap.testingchallenges.challenge_1.NegativeFirstNameTest@533b266e</td></tr>
<tr>
<td title='org.thetestingmap.testingchallenges.challenge_1.NegativeFirstNameTest.negativeLogInTest()'><b>negativeLogInTest</b><br>Test class: org.thetestingmap.testingchallenges.challenge_1.NegativeFirstNameTest<br>Parameters: {firstName=;375^@@}</td>
<td></td>
<td>1</td>
<td>org.thetestingmap.testingchallenges.challenge_1.NegativeFirstNameTest@3a320ade</td></tr>
<tr>
<td title='org.thetestingmap.testingchallenges.challenge_1.NegativeFirstNameTest.negativeLogInTest()'><b>negativeLogInTest</b><br>Test class: org.thetestingmap.testingchallenges.challenge_1.NegativeFirstNameTest<br>Parameters: {firstName=<script>alert</script>}</td>
<td></td>
<td>1</td>
<td>org.thetestingmap.testingchallenges.challenge_1.NegativeFirstNameTest@533b266e</td></tr>
<tr>
<td title='org.thetestingmap.testingchallenges.challenge_1.NegativeFirstNameTest.negativeLogInTest()'><b>negativeLogInTest</b><br>Test class: org.thetestingmap.testingchallenges.challenge_1.NegativeFirstNameTest<br>Parameters: {firstName=sdgsdgsa yet}</td>
<td></td>
<td>1</td>
<td>org.thetestingmap.testingchallenges.challenge_1.NegativeFirstNameTest@3a320ade</td></tr>
<tr>
<td title='org.thetestingmap.testingchallenges.challenge_1.NegativeFirstNameTest.negativeLogInTest()'><b>negativeLogInTest</b><br>Test class: org.thetestingmap.testingchallenges.challenge_1.NegativeFirstNameTest<br>Parameters: {firstName='sql'}</td>
<td></td>
<td>1</td>
<td>org.thetestingmap.testingchallenges.challenge_1.NegativeFirstNameTest@533b266e</td></tr>
<tr>
<td title='org.thetestingmap.testingchallenges.challenge_1.NegativeFirstNameTest.negativeLogInTest()'><b>negativeLogInTest</b><br>Test class: org.thetestingmap.testingchallenges.challenge_1.NegativeFirstNameTest<br>Parameters: {firstName=<div>}</td>
<td></td>
<td>1</td>
<td>org.thetestingmap.testingchallenges.challenge_1.NegativeFirstNameTest@3a320ade</td></tr>
<tr>
<td title='org.thetestingmap.testingchallenges.challenge_1.NegativeFirstNameTest.negativeLogInTest()'><b>negativeLogInTest</b><br>Test class: org.thetestingmap.testingchallenges.challenge_1.NegativeFirstNameTest<br>Parameters: {firstName=dfjwGGe82H43g3uRiy53h}</td>
<td></td>
<td>1</td>
<td>org.thetestingmap.testingchallenges.challenge_1.NegativeFirstNameTest@533b266e</td></tr>
<tr>
<td title='org.thetestingmap.testingchallenges.challenge_1.NegativeFirstNameTest.negativeLogInTest()'><b>negativeLogInTest</b><br>Test class: org.thetestingmap.testingchallenges.challenge_1.NegativeFirstNameTest<br>Parameters: {firstName=465454}</td>
<td></td>
<td>1</td>
<td>org.thetestingmap.testingchallenges.challenge_1.NegativeFirstNameTest@533b266e</td></tr>
<tr>
<td title='org.thetestingmap.testingchallenges.challenge_1.NegativeFirstNameTest.negativeLogInTest()'><b>negativeLogInTest</b><br>Test class: org.thetestingmap.testingchallenges.challenge_1.NegativeFirstNameTest<br>Parameters: {firstName=<script>alert</script>}</td>
<td></td>
<td>1</td>
<td>org.thetestingmap.testingchallenges.challenge_1.NegativeFirstNameTest@3a320ade</td></tr>
<tr>
<td title='org.thetestingmap.testingchallenges.challenge_1.NegativeFirstNameTest.negativeLogInTest()'><b>negativeLogInTest</b><br>Test class: org.thetestingmap.testingchallenges.challenge_1.NegativeFirstNameTest<br>Parameters: {firstName=detailsoverviewnow.css}</td>
<td></td>
<td>0</td>
<td>org.thetestingmap.testingchallenges.challenge_1.NegativeFirstNameTest@533b266e</td></tr>
<tr>
<td title='org.thetestingmap.testingchallenges.challenge_1.NegativeFirstNameTest.negativeLogInTest()'><b>negativeLogInTest</b><br>Test class: org.thetestingmap.testingchallenges.challenge_1.NegativeFirstNameTest<br>Parameters: {firstName='sql'}</td>
<td></td>
<td>1</td>
<td>org.thetestingmap.testingchallenges.challenge_1.NegativeFirstNameTest@3a320ade</td></tr>
<tr>
<td title='org.thetestingmap.testingchallenges.challenge_1.NegativeFirstNameTest.negativeLogInTest()'><b>negativeLogInTest</b><br>Test class: org.thetestingmap.testingchallenges.challenge_1.NegativeFirstNameTest<br>Parameters: {firstName=oi32jnxd42390slk345}</td>
<td></td>
<td>0</td>
<td>org.thetestingmap.testingchallenges.challenge_1.NegativeFirstNameTest@533b266e</td></tr>
<tr>
<td title='org.thetestingmap.testingchallenges.challenge_1.NegativeFirstNameTest.negativeLogInTest()'><b>negativeLogInTest</b><br>Test class: org.thetestingmap.testingchallenges.challenge_1.NegativeFirstNameTest<br>Parameters: {firstName=dfjwGGe82H43g3uRiy53h}</td>
<td></td>
<td>1</td>
<td>org.thetestingmap.testingchallenges.challenge_1.NegativeFirstNameTest@3a320ade</td></tr>
<tr>
<td title='org.thetestingmap.testingchallenges.challenge_1.NegativeFirstNameTest.negativeLogInTest()'><b>negativeLogInTest</b><br>Test class: org.thetestingmap.testingchallenges.challenge_1.NegativeFirstNameTest<br>Parameters: {firstName=€}</td>
<td></td>
<td>0</td>
<td>org.thetestingmap.testingchallenges.challenge_1.NegativeFirstNameTest@533b266e</td></tr>
<tr>
<td title='org.thetestingmap.testingchallenges.challenge_1.NegativeFirstNameTest.negativeLogInTest()'><b>negativeLogInTest</b><br>Test class: org.thetestingmap.testingchallenges.challenge_1.NegativeFirstNameTest<br>Parameters: {firstName=465454}</td>
<td></td>
<td>0</td>
<td>org.thetestingmap.testingchallenges.challenge_1.NegativeFirstNameTest@3a320ade</td></tr>
<tr>
<td title='org.thetestingmap.testingchallenges.challenge_1.NegativeFirstNameTest.negativeLogInTest()'><b>negativeLogInTest</b><br>Test class: org.thetestingmap.testingchallenges.challenge_1.NegativeFirstNameTest<br>Parameters: {firstName=detailsoverviewnow.css}</td>
<td></td>
<td>1</td>
<td>org.thetestingmap.testingchallenges.challenge_1.NegativeFirstNameTest@3a320ade</td></tr>
<tr>
<td title='org.thetestingmap.testingchallenges.challenge_1.NegativeFirstNameTest.negativeLogInTest()'><b>negativeLogInTest</b><br>Test class: org.thetestingmap.testingchallenges.challenge_1.NegativeFirstNameTest<br>Parameters: {firstName=oi32jnxd42390slk345}</td>
<td></td>
<td>1</td>
<td>org.thetestingmap.testingchallenges.challenge_1.NegativeFirstNameTest@3a320ade</td></tr>
<tr>
<td title='org.thetestingmap.testingchallenges.challenge_1.NegativeFirstNameTest.negativeLogInTest()'><b>negativeLogInTest</b><br>Test class: org.thetestingmap.testingchallenges.challenge_1.NegativeFirstNameTest<br>Parameters: {firstName=€}</td>
<td></td>
<td>1</td>
<td>org.thetestingmap.testingchallenges.challenge_1.NegativeFirstNameTest@3a320ade</td></tr>
<tr>
<td title='org.thetestingmap.testingchallenges.challenge_2.TypeNotNumericValueTest.notNumericLoginTest()'><b>notNumericLoginTest</b><br>Test class: org.thetestingmap.testingchallenges.challenge_2.TypeNotNumericValueTest</td>
<td></td>
<td>1</td>
<td>org.thetestingmap.testingchallenges.challenge_2.TypeNotNumericValueTest@6d1d4d7</td></tr>
<tr>
<td title='org.thetestingmap.testingchallenges.challenge_2.TypeNotNumericValueTest.notNumericLoginTest()'><b>notNumericLoginTest</b><br>Test class: org.thetestingmap.testingchallenges.challenge_2.TypeNotNumericValueTest</td>
<td></td>
<td>1</td>
<td>org.thetestingmap.testingchallenges.challenge_2.TypeNotNumericValueTest@64beebb7</td></tr>
</table><p>
</body>
</html>